Report Physical info: 
------------------------+----------------+-----------+------------
                        |                |Area (squm)|Leakage (uW)
------------------------+----------------+-----------+------------
Design Name             |carry_save_adder|           |            
  Total Instances       |             223|        272|       6.128
    Macros              |               0|          0|       0.000
    Pads                |               0|          0|       0.000
    Phys                |               0|          0|       0.000
    Blackboxes          |               0|          0|       0.000
    Cells               |             223|        272|       6.128
      Buffers           |               0|          0|       0.000
      Inverters         |               0|          0|       0.000
      Clock-Gates       |               0|          0|       0.000
      Combinational     |             223|        272|       6.128
      Latches           |               0|          0|       0.000
      FlipFlops         |               0|          0|       0.000
       Single-Bit FF    |               0|          0|       0.000
       Multi-Bit FF     |               0|          0|       0.000
       Clock-Gated      |               0|           |            
       Bits             |               0|          0|       0.000
         Load-Enabled   |               0|           |            
         Clock-Gated    |               0|           |            
  Tristate Pin Count    |               0|           |            
Physical Info           |Placed          |           |            
  Chip Size (mm x mm)   |0.081 x 0.081   |       6609|            
  Fixed Cell Area       |                |          0|            
    Phys Only           |               0|          0|            
  Placeable Area        |                |        447|            
  Movable Cell Area     |                |        272|            
  Utilization (%)       |              60|           |            
  Chip Utilization (%)  |              60|           |            
  Total Wire Length (mm)|           4.188|           |            
  Longest Wire (mm)     |           0.044|           |            
  Average Wire (mm)     |           0.042|           |            
------------------------+----------------+-----------+------------
