warning: No library characterized for (process = 1.00 voltage = 0.85 temperature = 25.00) can be found in the database for power domain '/PD_TOP'  [NL-174]
Report Power (instances with prefix '*' are included in total) : 
-----+-------------+--------------------+---------------------+-------------------+-----------------
     | Instance    | Internal Power(uw) | Switching Power(uw) | Leakage Power(uw) | Total Power(uw) 
-----+-------------+--------------------+---------------------+-------------------+-----------------
1    |*f0          |            0.304022|             0.444639|           0.130288|         0.878949
2    |*ra          |            6.371003|            14.056509|           4.006039|        24.433552
3    |*i_0_0_0     |            0.086857|             0.068164|           0.036164|         0.191185
4    |*i_0_0_1     |            0.080889|             0.067021|           0.036441|         0.184351
5    |*i_0_0_2     |            0.025973|             0.140986|           0.021200|         0.188159
6    |*genblk1_1_f |            0.146892|             0.178134|           0.061230|         0.386256
7    |*genblk1_2_f |            0.145551|             0.275675|           0.061230|         0.482456
8    |*genblk1_3_f |            0.145551|             0.275675|           0.061230|         0.482456
9    |*genblk1_4_f |            0.145551|             0.275675|           0.061230|         0.482456
10   |*genblk1_5_f |            0.145551|             0.275675|           0.061230|         0.482456
11   |*genblk1_6_f |            0.145551|             0.275675|           0.061230|         0.482456
12   |*genblk1_7_f |            0.145551|             0.275675|           0.061230|         0.482456
13   |*genblk1_8_f |            0.145551|             0.275675|           0.061230|         0.482456
14   |*genblk1_9_f |            0.145551|             0.275675|           0.061230|         0.482456
15   |*genblk1_10_f|            0.145551|             0.275675|           0.061230|         0.482456
16   |*genblk1_11_f|            0.145551|             0.275675|           0.061230|         0.482456
17   |*genblk1_12_f|            0.145551|             0.275675|           0.061230|         0.482456
18   |*genblk1_13_f|            0.145551|             0.275675|           0.061230|         0.482456
19   |*genblk1_14_f|            0.145551|             0.275675|           0.061230|         0.482456
20   |*genblk1_15_f|            0.145551|             0.275675|           0.061230|         0.482456
21   |*genblk1_16_f|            0.145551|             0.275675|           0.061230|         0.482456
22   |*genblk1_17_f|            0.145551|             0.275675|           0.061230|         0.482456
23   |*genblk1_18_f|            0.145551|             0.275675|           0.061230|         0.482456
24   |*genblk1_19_f|            0.145551|             0.275675|           0.061230|         0.482456
25   |*genblk1_20_f|            0.145551|             0.275675|           0.061230|         0.482456
26   |*genblk1_21_f|            0.145551|             0.275675|           0.061230|         0.482456
27   |*genblk1_22_f|            0.145551|             0.275675|           0.061230|         0.482456
28   |*genblk1_23_f|            0.145551|             0.275675|           0.061230|         0.482456
29   |*genblk1_24_f|            0.145551|             0.275675|           0.061230|         0.482456
30   |*genblk1_25_f|            0.145551|             0.275675|           0.061230|         0.482456
31   |*genblk1_26_f|            0.145551|             0.275675|           0.061230|         0.482456
32   |*genblk1_27_f|            0.145551|             0.275675|           0.061230|         0.482456
33   |*genblk1_28_f|            0.145551|             0.275675|           0.061230|         0.482456
34   |*genblk1_29_f|            0.145551|             0.275675|           0.061230|         0.482456
35   |*genblk1_30_f|            0.145551|             0.275675|           0.061230|         0.482456
36   |*genblk1_31_f|            0.143942|             0.229446|           0.061230|         0.434618
37   |             |                    |                     |                   |                 
38   |*TOTAL       |           11.380562|            23.179497|           6.128262|        40.688320
-----+-------------+--------------------+---------------------+-------------------+-----------------
