Report Instance Areas: 
-----+------------------------+-----------------------+-----+---------
     |Instance                |Module                 |Cells|Cell Area
-----+------------------------+-----------------------+-----+---------
1    |top                     |                       |  187|      217
2    |  initialBlock          |Carry_Skip_4bits__0_33 |   23|       27
3    |    FA0                 |FA__0_32               |    5|        6
4    |    genblk1_1_f         |FA__0_28               |    5|        6
5    |    genblk1_2_f         |FA__0_24               |    5|        6
6    |    genblk1_3_f         |FA__0_20               |    5|        6
7    |  finalBlock            |Carry_Skip_4bits__0_51 |   23|       27
8    |    FA0                 |FA__0_50               |    5|        6
9    |    genblk1_1_f         |FA__0_46               |    5|        6
10   |    genblk1_2_f         |FA__0_42               |    5|        6
11   |    genblk1_3_f         |FA__0_38               |    5|        6
12   |  genblk1_2_middleBlocks|Carry_Skip_4bits__0_69 |   23|       27
13   |    FA0                 |FA__0_68               |    5|        6
14   |    genblk1_1_f         |FA__0_64               |    5|        6
15   |    genblk1_2_f         |FA__0_60               |    5|        6
16   |    genblk1_3_f         |FA__0_56               |    5|        6
17   |  genblk1_3_middleBlocks|Carry_Skip_4bits__0_87 |   23|       27
18   |    FA0                 |FA__0_86               |    5|        6
19   |    genblk1_1_f         |FA__0_82               |    5|        6
20   |    genblk1_2_f         |FA__0_78               |    5|        6
21   |    genblk1_3_f         |FA__0_74               |    5|        6
22   |  genblk1_4_middleBlocks|Carry_Skip_4bits__0_105|   23|       27
23   |    FA0                 |FA__0_104              |    5|        6
24   |    genblk1_1_f         |FA__0_100              |    5|        6
25   |    genblk1_2_f         |FA__0_96               |    5|        6
26   |    genblk1_3_f         |FA__0_92               |    5|        6
27   |  genblk1_5_middleBlocks|Carry_Skip_4bits__0_123|   23|       27
28   |    FA0                 |FA__0_122              |    5|        6
29   |    genblk1_1_f         |FA__0_118              |    5|        6
30   |    genblk1_2_f         |FA__0_114              |    5|        6
31   |    genblk1_3_f         |FA__0_110              |    5|        6
32   |  genblk1_6_middleBlocks|Carry_Skip_4bits__0_141|   23|       27
33   |    FA0                 |FA__0_140              |    5|        6
34   |    genblk1_1_f         |FA__0_136              |    5|        6
35   |    genblk1_2_f         |FA__0_132              |    5|        6
36   |    genblk1_3_f         |FA__0_128              |    5|        6
37   |  genblk1_7_middleBlocks|Carry_Skip_4bits       |   23|       27
38   |    FA0                 |FA__0_7                |    5|        6
39   |    genblk1_1_f         |FA__0_11               |    5|        6
40   |    genblk1_2_f         |FA__0_15               |    5|        6
41   |    genblk1_3_f         |FA                     |    5|        6
-----+------------------------+-----------------------+-----+---------
