Report for group default
Report for group I2R
Report for group I2O
------------------------------------------------------------------------------------------------------------------------------------------------------------
Startpoint: A[1]
    (Clocked by vsysclk R)
Endpoint: OF
    (Clocked by vsysclk R)
Path Group: I2O
Data required time: 19500.0
    (Clock shift: 20000.0, minus Uncertainty: 0.0, plus Latency 0.0, minus Out delay: 500.0)
Data arrival time: 2954.4
Slack: 16545.6
Logic depth: 73
------------------------------------------------------------------------------------------------------------------------------------------------------------
                                                     Arrival               Arc      Net               Net    Total   fan-                                   
Path                     Module/Cell           Edge     Time    Delay    Delay    Delay     Slew     Load     Load    out     Location Power Domain      (V)
                                                        (ps)     (ps)     (ps)     (ps)     (ps)     (ff)     (ff)    (#)      (um,um)                      
------------------------------------------------------------------------------------------------------------------------------------------------------------
A[1]                     {set_input_delay}        r   1000.0   1000.0   1000.0                        2.3     10.0      2     0,   38                       
initialBlock/genblk1_1_f/i_0_4/B->Z
                         XOR2_X2                 rf   1031.6     31.4     31.4      0.0    100.0      0.6      6.4      2    40,   39  /PD_TOP        (1.10)
initialBlock/i_0_0/A4->ZN
                         AND4_X4                 ff   1069.6     38.0     38.0      0.0     13.7      0.3      4.4      1    40,   39  /PD_TOP        (1.10)
initialBlock/i_0_1/B1->ZN
                         AOI21_X4                fr   1122.5     52.9     52.9      0.0      6.6      0.3     25.7      1    40,   39  /PD_TOP        (1.10)
initialBlock/i_0_2/A->ZN INV_X8                  rf   1134.9     12.4     12.4      0.0     46.8      1.2     16.6      5    40,   39  /PD_TOP        (1.10)
genblk1_2_middleBlocks/FA0/i_0_1/B1->ZN
                         OAI21_X4                fr   1193.2     58.3     58.3      0.0    100.0      0.3      4.2      1    40,   39  /PD_TOP        (1.10)
genblk1_2_middleBlocks/FA0/i_0_0/A2->ZN
                         NAND2_X4                rf   1213.7     20.5     20.5      0.0     18.3      0.8     12.1      3    40,   39  /PD_TOP        (1.10)
genblk1_2_middleBlocks/genblk1_1_f/i_0_1/B1->ZN
                         OAI21_X4                fr   1240.6     26.9     26.9      0.0     10.0      0.3      4.2      1    40,   39  /PD_TOP        (1.10)
genblk1_2_middleBlocks/genblk1_1_f/i_0_0/A2->ZN
                         NAND2_X4                rf   1261.1     20.5     20.5      0.0     18.3      0.8     12.1      3    40,   39  /PD_TOP        (1.10)
genblk1_2_middleBlocks/genblk1_2_f/i_0_1/B1->ZN
                         OAI21_X4                fr   1288.0     26.9     26.9      0.0     10.0      0.3      4.2      1    40,   39  /PD_TOP        (1.10)
genblk1_2_middleBlocks/genblk1_2_f/i_0_0/A2->ZN
                         NAND2_X4                rf   1308.5     20.5     20.5      0.0     18.3      0.8     12.1      3    40,   39  /PD_TOP        (1.10)
genblk1_2_middleBlocks/genblk1_3_f/i_0_1/B1->ZN
                         OAI21_X4                fr   1335.4     26.9     26.9      0.0     10.0      0.3      4.2      1    40,   39  /PD_TOP        (1.10)
genblk1_2_middleBlocks/genblk1_3_f/i_0_0/A2->ZN
                         NAND2_X4                rf   1351.1     15.7     15.7      0.0     18.3      0.3      4.2      1    40,   39  /PD_TOP        (1.10)
genblk1_2_middleBlocks/i_0_1/A->ZN
                         AOI21_X4                fr   1416.7     65.6     65.6      0.0      6.9      0.3     25.7      1    40,   39  /PD_TOP        (1.10)
genblk1_2_middleBlocks/i_0_2/A->ZN
                         INV_X8                  rf   1429.1     12.4     12.4      0.0     46.8      1.2     16.6      5    40,   39  /PD_TOP        (1.10)
genblk1_3_middleBlocks/FA0/i_0_1/B1->ZN
                         OAI21_X4                fr   1487.4     58.3     58.3      0.0    100.0      0.3      4.2      1    40,   39  /PD_TOP        (1.10)
genblk1_3_middleBlocks/FA0/i_0_0/A2->ZN
                         NAND2_X4                rf   1507.9     20.5     20.5      0.0     18.3      0.8     12.1      3    40,   39  /PD_TOP        (1.10)
genblk1_3_middleBlocks/genblk1_1_f/i_0_1/B1->ZN
                         OAI21_X4                fr   1534.8     26.9     26.9      0.0     10.0      0.3      4.2      1    40,   39  /PD_TOP        (1.10)
genblk1_3_middleBlocks/genblk1_1_f/i_0_0/A2->ZN
                         NAND2_X4                rf   1555.3     20.5     20.5      0.0     18.3      0.8     12.1      3    40,   39  /PD_TOP        (1.10)
genblk1_3_middleBlocks/genblk1_2_f/i_0_1/B1->ZN
                         OAI21_X4                fr   1582.2     26.9     26.9      0.0     10.0      0.3      4.2      1    40,   39  /PD_TOP        (1.10)
genblk1_3_middleBlocks/genblk1_2_f/i_0_0/A2->ZN
                         NAND2_X4                rf   1602.7     20.5     20.5      0.0     18.3      0.8     12.1      3    40,   39  /PD_TOP        (1.10)
genblk1_3_middleBlocks/genblk1_3_f/i_0_1/B1->ZN
                         OAI21_X4                fr   1629.6     26.9     26.9      0.0     10.0      0.3      4.2      1    40,   39  /PD_TOP        (1.10)
genblk1_3_middleBlocks/genblk1_3_f/i_0_0/A2->ZN
                         NAND2_X4                rf   1645.3     15.7     15.7      0.0     18.3      0.3      4.2      1    40,   39  /PD_TOP        (1.10)
genblk1_3_middleBlocks/i_0_1/A->ZN
                         AOI21_X4                fr   1710.9     65.6     65.6      0.0      6.9      0.3     25.7      1    40,   39  /PD_TOP        (1.10)
genblk1_3_middleBlocks/i_0_2/A->ZN
                         INV_X8                  rf   1723.3     12.4     12.4      0.0     46.8      1.2     16.6      5    40,   39  /PD_TOP        (1.10)
genblk1_4_middleBlocks/FA0/i_0_1/B1->ZN
                         OAI21_X4                fr   1781.6     58.3     58.3      0.0    100.0      0.3      4.2      1    40,   39  /PD_TOP        (1.10)
genblk1_4_middleBlocks/FA0/i_0_0/A2->ZN
                         NAND2_X4                rf   1802.1     20.5     20.5      0.0     18.3      0.8     12.1      3    40,   39  /PD_TOP        (1.10)
genblk1_4_middleBlocks/genblk1_1_f/i_0_1/B1->ZN
                         OAI21_X4                fr   1829.0     26.9     26.9      0.0     10.0      0.3      4.2      1    40,   39  /PD_TOP        (1.10)
genblk1_4_middleBlocks/genblk1_1_f/i_0_0/A2->ZN
                         NAND2_X4                rf   1849.5     20.5     20.5      0.0     18.3      0.8     12.1      3    40,   39  /PD_TOP        (1.10)
genblk1_4_middleBlocks/genblk1_2_f/i_0_1/B1->ZN
                         OAI21_X4                fr   1876.4     26.9     26.9      0.0     10.0      0.3      4.2      1    40,   39  /PD_TOP        (1.10)
genblk1_4_middleBlocks/genblk1_2_f/i_0_0/A2->ZN
                         NAND2_X4                rf   1896.9     20.5     20.5      0.0     18.3      0.8     12.1      3    40,   39  /PD_TOP        (1.10)
genblk1_4_middleBlocks/genblk1_3_f/i_0_1/B1->ZN
                         OAI21_X4                fr   1923.8     26.9     26.9      0.0     10.0      0.3      4.2      1    40,   39  /PD_TOP        (1.10)
genblk1_4_middleBlocks/genblk1_3_f/i_0_0/A2->ZN
                         NAND2_X4                rf   1939.5     15.7     15.7      0.0     18.3      0.3      4.2      1    40,   39  /PD_TOP        (1.10)
genblk1_4_middleBlocks/i_0_1/A->ZN
                         AOI21_X4                fr   2005.1     65.6     65.6      0.0      6.9      0.3     25.7      1    40,   39  /PD_TOP        (1.10)
genblk1_4_middleBlocks/i_0_2/A->ZN
                         INV_X8                  rf   2017.5     12.4     12.4      0.0     46.8      1.2     16.6      5    40,   39  /PD_TOP        (1.10)
genblk1_5_middleBlocks/FA0/i_0_1/B1->ZN
                         OAI21_X4                fr   2075.8     58.3     58.3      0.0    100.0      0.3      4.2      1    40,   39  /PD_TOP        (1.10)
genblk1_5_middleBlocks/FA0/i_0_0/A2->ZN
                         NAND2_X4                rf   2096.3     20.5     20.5      0.0     18.3      0.8     12.1      3    40,   39  /PD_TOP        (1.10)
genblk1_5_middleBlocks/genblk1_1_f/i_0_1/B1->ZN
                         OAI21_X4                fr   2123.2     26.9     26.9      0.0     10.0      0.3      4.2      1    40,   39  /PD_TOP        (1.10)
genblk1_5_middleBlocks/genblk1_1_f/i_0_0/A2->ZN
                         NAND2_X4                rf   2143.7     20.5     20.5      0.0     18.3      0.8     12.1      3    40,   39  /PD_TOP        (1.10)
genblk1_5_middleBlocks/genblk1_2_f/i_0_1/B1->ZN
                         OAI21_X4                fr   2170.6     26.9     26.9      0.0     10.0      0.3      4.2      1    40,   39  /PD_TOP        (1.10)
genblk1_5_middleBlocks/genblk1_2_f/i_0_0/A2->ZN
                         NAND2_X4                rf   2191.1     20.5     20.5      0.0     18.3      0.8     12.1      3    40,   39  /PD_TOP        (1.10)
genblk1_5_middleBlocks/genblk1_3_f/i_0_1/B1->ZN
                         OAI21_X4                fr   2218.0     26.9     26.9      0.0     10.0      0.3      4.2      1    40,   39  /PD_TOP        (1.10)
genblk1_5_middleBlocks/genblk1_3_f/i_0_0/A2->ZN
                         NAND2_X4                rf   2233.7     15.7     15.7      0.0     18.3      0.3      4.2      1    40,   39  /PD_TOP        (1.10)
genblk1_5_middleBlocks/i_0_1/A->ZN
                         AOI21_X4                fr   2299.3     65.6     65.6      0.0      6.9      0.3     25.7      1    40,   39  /PD_TOP        (1.10)
genblk1_5_middleBlocks/i_0_2/A->ZN
                         INV_X8                  rf   2311.7     12.4     12.4      0.0     46.8      1.2     16.6      5    40,   39  /PD_TOP        (1.10)
genblk1_6_middleBlocks/FA0/i_0_1/B1->ZN
                         OAI21_X4                fr   2370.0     58.3     58.3      0.0    100.0      0.3      4.2      1    40,   39  /PD_TOP        (1.10)
genblk1_6_middleBlocks/FA0/i_0_0/A2->ZN
                         NAND2_X4                rf   2390.5     20.5     20.5      0.0     18.3      0.8     12.1      3    40,   39  /PD_TOP        (1.10)
genblk1_6_middleBlocks/genblk1_1_f/i_0_1/B1->ZN
                         OAI21_X4                fr   2417.4     26.9     26.9      0.0     10.0      0.3      4.2      1    40,   39  /PD_TOP        (1.10)
genblk1_6_middleBlocks/genblk1_1_f/i_0_0/A2->ZN
                         NAND2_X4                rf   2437.9     20.5     20.5      0.0     18.3      0.8     12.1      3    40,   39  /PD_TOP        (1.10)
genblk1_6_middleBlocks/genblk1_2_f/i_0_1/B1->ZN
                         OAI21_X4                fr   2464.8     26.9     26.9      0.0     10.0      0.3      4.2      1    40,   39  /PD_TOP        (1.10)
genblk1_6_middleBlocks/genblk1_2_f/i_0_0/A2->ZN
                         NAND2_X4                rf   2485.3     20.5     20.5      0.0     18.3      0.8     12.1      3    40,   39  /PD_TOP        (1.10)
genblk1_6_middleBlocks/genblk1_3_f/i_0_1/B1->ZN
                         OAI21_X4                fr   2512.2     26.9     26.9      0.0     10.0      0.3      4.2      1    40,   39  /PD_TOP        (1.10)
genblk1_6_middleBlocks/genblk1_3_f/i_0_0/A2->ZN
                         NAND2_X4                rf   2527.9     15.7     15.7      0.0     18.3      0.3      4.2      1    40,   39  /PD_TOP        (1.10)
genblk1_6_middleBlocks/i_0_1/A->ZN
                         AOI21_X4                fr   2593.5     65.6     65.6      0.0      6.9      0.3     25.7      1    40,   39  /PD_TOP        (1.10)
genblk1_6_middleBlocks/i_0_2/A->ZN
                         INV_X8                  rf   2605.9     12.4     12.4      0.0     46.8      1.2     16.6      5    40,   39  /PD_TOP        (1.10)
genblk1_7_middleBlocks/FA0/i_0_1/B1->ZN
                         OAI21_X4                fr   2664.2     58.3     58.3      0.0    100.0      0.3      4.2      1    40,   39  /PD_TOP        (1.10)
genblk1_7_middleBlocks/FA0/i_0_0/A2->ZN
                         NAND2_X4                rf   2684.7     20.5     20.5      0.0     18.3      0.8     12.1      3    40,   39  /PD_TOP        (1.10)
genblk1_7_middleBlocks/genblk1_1_f/i_0_1/B1->ZN
                         OAI21_X4                fr   2711.6     26.9     26.9      0.0     10.0      0.3      4.2      1    40,   39  /PD_TOP        (1.10)
genblk1_7_middleBlocks/genblk1_1_f/i_0_0/A2->ZN
                         NAND2_X4                rf   2732.1     20.5     20.5      0.0     18.3      0.8     12.1      3    40,   39  /PD_TOP        (1.10)
genblk1_7_middleBlocks/genblk1_2_f/i_0_1/B1->ZN
                         OAI21_X4                fr   2759.0     26.9     26.9      0.0     10.0      0.3      4.2      1    40,   39  /PD_TOP        (1.10)
genblk1_7_middleBlocks/genblk1_2_f/i_0_0/A2->ZN
                         NAND2_X4                rf   2779.5     20.5     20.5      0.0     18.3      0.8     12.1      3    40,   39  /PD_TOP        (1.10)
genblk1_7_middleBlocks/genblk1_3_f/i_0_1/B1->ZN
                         OAI21_X4                fr   2806.4     26.9     26.9      0.0     10.0      0.3      4.2      1    40,   39  /PD_TOP        (1.10)
genblk1_7_middleBlocks/genblk1_3_f/i_0_0/A2->ZN
                         NAND2_X4                rf   2822.1     15.7     15.7      0.0     18.3      0.3      4.2      1    40,   39  /PD_TOP        (1.10)
genblk1_7_middleBlocks/i_0_1/A->ZN
                         AOI21_X4                fr   2887.7     65.6     65.6      0.0      6.9      0.3     25.7      1    40,   39  /PD_TOP        (1.10)
genblk1_7_middleBlocks/i_0_2/A->ZN
                         INV_X8                  rf   2900.1     12.4     12.4      0.0     46.8      1.2     16.6      5    40,   39  /PD_TOP        (1.10)
finalBlock/FA0/i_0_1/B1->ZN
                         OAI21_X4                fr   2958.4     58.3     58.3      0.0    100.0      0.3      4.2      1    40,   39  /PD_TOP        (1.10)
finalBlock/FA0/i_0_0/A2->ZN
                         NAND2_X4                rf   2978.9     20.5     20.5      0.0     18.3      0.8     12.1      3    40,   39  /PD_TOP        (1.10)
finalBlock/genblk1_1_f/i_0_1/B1->ZN
                         OAI21_X4                fr   3005.8     26.9     26.9      0.0     10.0      0.3      4.2      1    40,   39  /PD_TOP        (1.10)
finalBlock/genblk1_1_f/i_0_0/A2->ZN
                         NAND2_X4                rf   3026.3     20.5     20.5      0.0     18.3      0.8     12.1      3    40,   39  /PD_TOP        (1.10)
finalBlock/genblk1_2_f/i_0_1/B1->ZN
                         OAI21_X4                fr   3053.2     26.9     26.9      0.0     10.0      0.3      4.2      1    40,   39  /PD_TOP        (1.10)
finalBlock/genblk1_2_f/i_0_0/A2->ZN
                         NAND2_X4                rf   3073.7     20.5     20.5      0.0     18.3      0.8     12.1      3    40,   39  /PD_TOP        (1.10)
finalBlock/genblk1_3_f/i_0_3/A->Z
                         XOR2_X2                 fr   3135.1     61.4     61.4      0.0     10.0      0.3     15.8      2    40,   39  /PD_TOP        (1.10)
i_0_0_1/A->ZN            XNOR2_X2                rr   3184.5     49.4     49.4      0.0     53.2      0.3      4.4      1    40,   39  /PD_TOP        (1.10)
i_0_0_2/A2->ZN           NOR2_X4                 rf   3201.3     16.8     16.8      0.0     23.6      2.4     12.4      1    40,   39  /PD_TOP        (1.10)
OF                                                f   2954.4      0.2               0.2      7.5                             38,   79                       
------------------------------------------------------------------------------------------------------------------------------------------------------------
Report for group R2O
