Report Physical info: 
------------------------+-------------+-----------+------------
                        |             |Area (squm)|Leakage (uW)
------------------------+-------------+-----------+------------
Design Name             |Booth        |           |            
  Total Instances       |          613|       1287|      25.565
    Macros              |            0|          0|       0.000
    Pads                |            0|          0|       0.000
    Phys                |            0|          0|       0.000
    Blackboxes          |            0|          0|       0.000
    Cells               |          613|       1287|      25.565
      Buffers           |            0|          0|       0.000
      Inverters         |           88|         47|       1.263
      Clock-Gates       |            3|         12|       0.177
      Combinational     |          357|        482|      11.071
      Latches           |            0|          0|       0.000
      FlipFlops         |          165|        746|      13.054
       Single-Bit FF    |          165|        746|      13.054
       Multi-Bit FF     |            0|          0|       0.000
       Clock-Gated      |          165|           |            
       Bits             |          165|        746|      13.054
         Load-Enabled   |            0|           |            
         Clock-Gated    |          165|           |            
  Tristate Pin Count    |            0|           |            
Physical Info           |Placed       |           |            
  Chip Size (mm x mm)   |0.106 x 0.106|      11301|            
  Fixed Cell Area       |             |          0|            
    Phys Only           |            0|          0|            
  Placeable Area        |             |       2133|            
  Movable Cell Area     |             |       1287|            
  Utilization (%)       |           60|           |            
  Chip Utilization (%)  |           60|           |            
  Total Wire Length (mm)|        7.173|           |            
  Longest Wire (mm)     |        0.065|           |            
  Average Wire (mm)     |        0.056|           |            
------------------------+-------------+-----------+------------
