Report End Points: 
-----+-------+------+-------+------+------+-----+-----+-----------+-----------
     |Group  |Launch|Capture|Shift |Delay |Depth|Slack|Begin Point|End Point  
-----+-------+------+-------+------+------+-----+-----+-----------+-----------
1    |default|sysclk|sysclk |2000.0|1127.2|   37|683.1|A_reg[0]/Q |A_reg[31]/D
2    |default|sysclk|sysclk |2000.0|1110.2|   34|701.2|A_reg[0]/Q |A_reg[28]/D
3    |default|sysclk|sysclk |2000.0|1066.4|   33|745.0|A_reg[0]/Q |A_reg[27]/D
-----+-------+------+-------+------+------+-----+-----+-----------+-----------
Report End Points: 
-----+-----+--------------+-------+------+-----+-----+------+-----------+-----------
     |Group|Launch        |Capture|Shift |Delay|Depth|Slack |Begin Point|End Point  
-----+-----+--------------+-------+------+-----+-----+------+-----------+-----------
1    |I2R  |rtDefaultClock|sysclk |2000.0|125.4|    2|1635.5|q[31]      |Q_reg[31]/D
2    |I2R  |rtDefaultClock|sysclk |2000.0| 94.5|    1|1664.8|q[30]      |Q_reg[30]/D
3    |I2R  |rtDefaultClock|sysclk |2000.0| 94.5|    1|1664.8|q[29]      |Q_reg[29]/D
-----+-----+--------------+-------+------+-----+-----+------+-----------+-----------
Report End Points: 
-----+-----+------+-------+-----+-----+-----+-----+-----------+---------
     |Group|Launch|Capture|Shift|Delay|Depth|Slack|Begin Point|End Point
-----+-----+------+-------+-----+-----+-----+-----+-----------+---------
1    |I2O  |      |       |     |     |     |     |           |         
-----+-----+------+-------+-----+-----+-----+-----+-----------+---------
Report End Points: 
-----+-----+------+-------+------+-----+-----+------+-----------+---------
     |Group|Launch|Capture|Shift |Delay|Depth|Slack |Begin Point|End Point
-----+-----+------+-------+------+-----+-----+------+-----------+---------
1    |R2O  |sysclk|sysclk |2000.0|  0.4|    0|1364.3|P_reg[63]/Q|P[63]    
2    |R2O  |sysclk|sysclk |2000.0|  0.4|    0|1364.3|P_reg[63]/Q|P[62]    
3    |R2O  |sysclk|sysclk |2000.0|  0.4|    0|1388.8|P_reg[61]/Q|P[61]    
-----+-----+------+-------+------+-----+-----+------+-----------+---------
