warning: No library characterized for (process = 1.00 voltage = 0.85 temperature = 25.00) can be found in the database for power domain '/PD_TOP'  [NL-174]
Report Power (instances with prefix '*' are included in total) : 
-----+---------------+--------------------+---------------------+-------------------+-----------------
     | Instance      | Internal Power(uw) | Switching Power(uw) | Leakage Power(uw) | Total Power(uw) 
-----+---------------+--------------------+---------------------+-------------------+-----------------
1    |*clk_gate_P_reg|            0.137338|             0.000000|           0.059138|         0.196475
2    |*P_reg[63]     |            0.025019|             0.041966|           0.079112|         0.146097
3    |*P_reg[61]     |            0.024968|             0.023643|           0.079112|         0.127723
4    |*P_reg[60]     |            0.024965|             0.023370|           0.079112|         0.127447
5    |*P_reg[59]     |            0.024965|             0.023362|           0.079112|         0.127439
6    |*P_reg[58]     |            0.024965|             0.023370|           0.079112|         0.127447
7    |*P_reg[57]     |            0.024968|             0.023612|           0.079112|         0.127691
8    |*P_reg[56]     |            0.024964|             0.023338|           0.079112|         0.127415
9    |*P_reg[55]     |            0.024968|             0.023619|           0.079112|         0.127699
10   |*P_reg[54]     |            0.024968|             0.023627|           0.079112|         0.127707
11   |*P_reg[53]     |            0.024968|             0.023615|           0.079112|         0.127695
12   |*P_reg[52]     |            0.024964|             0.023342|           0.079112|         0.127419
13   |*P_reg[51]     |            0.024964|             0.023334|           0.079112|         0.127411
14   |*P_reg[50]     |            0.024964|             0.023342|           0.079112|         0.127419
15   |*P_reg[49]     |            0.024967|             0.023583|           0.079112|         0.127663
16   |*P_reg[48]     |            0.024964|             0.023310|           0.079112|         0.127387
17   |*P_reg[47]     |            0.024967|             0.023590|           0.079112|         0.127670
18   |*P_reg[46]     |            0.024967|             0.023599|           0.079112|         0.127678
19   |*P_reg[45]     |            0.024967|             0.023587|           0.079112|         0.127667
20   |*P_reg[44]     |            0.024964|             0.023314|           0.079112|         0.127390
21   |*P_reg[43]     |            0.024964|             0.023306|           0.079112|         0.127382
22   |*P_reg[42]     |            0.024964|             0.023314|           0.079112|         0.127390
23   |*P_reg[41]     |            0.024967|             0.023555|           0.079112|         0.127635
24   |*P_reg[40]     |            0.024964|             0.023282|           0.079112|         0.127358
25   |*P_reg[39]     |            0.024967|             0.023562|           0.079112|         0.127642
26   |*P_reg[38]     |            0.024967|             0.023570|           0.079112|         0.127650
27   |*P_reg[37]     |            0.024967|             0.023559|           0.079112|         0.127638
28   |*P_reg[36]     |            0.024964|             0.023286|           0.079112|         0.127362
29   |*P_reg[35]     |            0.024964|             0.023278|           0.079112|         0.127354
30   |*P_reg[34]     |            0.024964|             0.023286|           0.079112|         0.127362
31   |*P_reg[33]     |            0.024967|             0.023527|           0.079112|         0.127606
32   |*P_reg[32]     |            0.024963|             0.023254|           0.079112|         0.127330
33   |*P_reg[31]     |            0.024967|             0.023534|           0.079112|         0.127613
34   |*P_reg[30]     |            2.130497|             2.008941|           0.079112|         4.218550
35   |*P_reg[29]     |            2.130485|             2.007954|           0.079112|         4.217552
36   |*P_reg[28]     |            2.130222|             1.984647|           0.079112|         4.193981
37   |*P_reg[27]     |            2.130214|             1.983961|           0.079112|         4.193288
38   |*P_reg[26]     |            2.130222|             1.984647|           0.079112|         4.193981
39   |*P_reg[25]     |            2.130455|             2.005256|           0.079112|         4.214823
40   |*P_reg[24]     |            2.130191|             1.981949|           0.079112|         4.191252
41   |*P_reg[23]     |            2.130461|             2.005856|           0.079112|         4.215430
42   |*P_reg[22]     |            2.130469|             2.006541|           0.079112|         4.216123
43   |*P_reg[21]     |            2.130458|             2.005555|           0.079112|         4.215126
44   |*P_reg[20]     |            2.130195|             1.982248|           0.079112|         4.191555
45   |*P_reg[19]     |            2.130187|             1.981562|           0.079112|         4.190862
46   |*P_reg[18]     |            2.130195|             1.982248|           0.079112|         4.191555
47   |*P_reg[17]     |            2.130428|             2.002857|           0.079112|         4.212397
48   |*P_reg[16]     |            2.130164|             1.979549|           0.079112|         4.188826
49   |*P_reg[15]     |            2.130435|             2.003457|           0.079112|         4.213004
50   |*P_reg[14]     |            2.130442|             2.004142|           0.079112|         4.213697
51   |*P_reg[13]     |            2.130431|             2.003156|           0.079112|         4.212699
52   |*P_reg[12]     |            2.130168|             1.979849|           0.079112|         4.189128
53   |*P_reg[11]     |            2.130160|             1.979163|           0.079112|         4.188435
54   |*P_reg[10]     |            2.130168|             1.979849|           0.079112|         4.189128
55   |*P_reg[9]      |            2.130400|             2.000458|           0.079112|         4.209970
56   |*P_reg[8]      |            2.130137|             1.977150|           0.079112|         4.186399
57   |*P_reg[7]      |            2.130408|             2.001057|           0.079112|         4.210577
58   |*P_reg[6]      |            2.130415|             2.001743|           0.079112|         4.211270
59   |*P_reg[5]      |            2.130404|             2.000757|           0.079112|         4.210273
60   |*P_reg[4]      |            2.130141|             1.977449|           0.079112|         4.186702
61   |*P_reg[3]      |            2.130133|             1.976764|           0.079112|         4.186009
62   |*P_reg[2]      |            2.130141|             1.977449|           0.079112|         4.186702
63   |*P_reg[1]      |            2.130373|             1.998058|           0.079112|         4.207544
64   |*P_reg[0]      |            2.130110|             1.974751|           0.079112|         4.183973
65   |*i_0_3         |           58.392796|            94.988701|           3.756794|       157.138306
66   |*i_0_4         |           74.783440|           180.666229|           4.934707|       260.384369
67   |*i_0_0_0       |            0.185948|             0.165766|           0.014353|         0.366068
68   |*i_0_0_1       |            0.576036|             2.992584|           0.047399|         3.616019
69   |*i_0_0_2       |            0.173057|             0.154275|           0.014353|         0.341685
70   |*i_0_0_3       |            0.540506|             2.783769|           0.047399|         3.371673
71   |*i_0_0_4       |            0.172708|             0.153963|           0.014353|         0.341024
72   |*i_0_0_5       |            0.535567|             2.778921|           0.047399|         3.361887
73   |*i_0_0_6       |            0.172542|             0.153815|           0.014353|         0.340711
74   |*i_0_0_7       |            0.533893|             2.777620|           0.047399|         3.358911
75   |*i_0_0_8       |            0.172450|             0.153733|           0.014353|         0.340536
76   |*i_0_0_9       |            0.535196|             2.776896|           0.047399|         3.359490
77   |*i_0_0_10      |            0.172398|             0.153687|           0.014353|         0.340438
78   |*i_0_0_11      |            0.533730|             2.776495|           0.047399|         3.357624
79   |*i_0_0_12      |            0.172410|             0.153697|           0.014353|         0.340460
80   |*i_0_0_13      |            0.535329|             2.776510|           0.047399|         3.359238
81   |*i_0_0_14      |            0.172048|             0.153375|           0.014353|         0.339777
82   |*i_0_0_15      |            0.532553|             2.768883|           0.047399|         3.348835
83   |*i_0_0_16      |            0.171818|             0.153170|           0.014353|         0.339341
84   |*i_0_0_17      |            0.534452|             2.771992|           0.047399|         3.353843
85   |*i_0_0_18      |            0.172043|             0.153370|           0.014353|         0.339767
86   |*i_0_0_19      |            0.533314|             2.773740|           0.047399|         3.354452
87   |*i_0_0_20      |            0.172209|             0.153518|           0.014353|         0.340080
88   |*i_0_0_21      |            0.535088|             2.774951|           0.047399|         3.357438
89   |*i_0_0_22      |            0.171962|             0.153298|           0.014353|         0.339614
90   |*i_0_0_23      |            0.532332|             2.767500|           0.047399|         3.347231
91   |*i_0_0_24      |            0.171718|             0.153081|           0.014353|         0.339152
92   |*i_0_0_25      |            0.534332|             2.771217|           0.047399|         3.352948
93   |*i_0_0_26      |            0.171987|             0.153320|           0.014353|         0.339661
94   |*i_0_0_27      |            0.533247|             2.773305|           0.047399|         3.353951
95   |*i_0_0_28      |            0.172177|             0.153490|           0.014353|         0.340020
96   |*i_0_0_29      |            0.535049|             2.774705|           0.047399|         3.357154
97   |*i_0_0_30      |            0.171949|             0.153286|           0.014353|         0.339588
98   |*i_0_0_31      |            0.532297|             2.767282|           0.047399|         3.346979
99   |*i_0_0_32      |            0.172186|             0.153498|           0.014353|         0.340037
100  |*i_0_0_33      |            0.534313|             2.771095|           0.047399|         3.352808
101  |*i_0_0_34      |            0.171978|             0.153313|           0.014353|         0.339644
102  |*i_0_0_35      |            0.533237|             2.773237|           0.047399|         3.353872
103  |*i_0_0_36      |            0.172172|             0.153485|           0.014353|         0.340011
104  |*i_0_0_37      |            0.535043|             2.774667|           0.047399|         3.357109
105  |*i_0_0_38      |            0.171947|             0.153285|           0.014353|         0.339584
106  |*i_0_0_39      |            0.532292|             2.767248|           0.047399|         3.346939
107  |*i_0_0_40      |            0.172185|             0.153497|           0.014353|         0.340034
108  |*i_0_0_41      |            0.534324|             2.771076|           0.047399|         3.352799
109  |*i_0_0_42      |            0.171977|             0.153311|           0.014353|         0.339641
110  |*i_0_0_43      |            0.533214|             2.773226|           0.047399|         3.353838
111  |*i_0_0_44      |            0.172154|             0.153469|           0.014353|         0.339977
112  |*i_0_0_45      |            0.534955|             2.774559|           0.047399|         3.356912
113  |*i_0_0_46      |            0.171947|             0.153285|           0.014353|         0.339585
114  |*i_0_0_47      |            0.532298|             2.767249|           0.047399|         3.346945
115  |*i_0_0_48      |            0.172185|             0.153497|           0.014353|         0.340034
116  |*i_0_0_49      |            0.534312|             2.771075|           0.047399|         3.352787
117  |*i_0_0_50      |            0.171999|             0.153331|           0.014353|         0.339683
118  |*i_0_0_51      |            0.533353|             2.773357|           0.047399|         3.354109
119  |*i_0_0_52      |            0.171744|             0.153104|           0.014353|         0.339202
120  |*i_0_0_53      |            0.534497|             2.771366|           0.047399|         3.353262
121  |*i_0_0_54      |            0.171914|             0.153255|           0.014353|         0.339522
122  |*i_0_0_55      |            0.532194|             2.766717|           0.047399|         3.346310
123  |*i_0_0_56      |            0.171987|             0.153320|           0.014353|         0.339660
124  |*i_0_0_57      |            0.533809|             2.767893|           0.047399|         3.349100
125  |*i_0_0_58      |            0.243312|             0.155464|           0.017393|         0.416170
126  |*i_0_0_59      |            0.275865|             0.279217|           0.032612|         0.587695
127  |*i_0_0_60      |            0.239726|             0.153525|           0.017393|         0.410644
128  |*i_0_0_61      |            0.264666|             0.271428|           0.032612|         0.568705
129  |*i_0_0_62      |            0.146785|             0.533770|           0.017393|         0.697949
130  |*i_0_0_63      |            0.819005|             0.221082|           0.035928|         1.076015
131  |*i_0_0_64      |            0.819005|             0.221082|           0.035928|         1.076015
132  |*i_0_0_65      |            0.819005|             0.221082|           0.035928|         1.076015
133  |*i_0_0_66      |            0.819005|             0.221082|           0.035928|         1.076015
134  |*i_0_0_67      |            0.819005|             0.221082|           0.035928|         1.076015
135  |*i_0_0_68      |            0.819005|             0.221082|           0.035928|         1.076015
136  |*i_0_0_69      |            0.819005|             0.221082|           0.035928|         1.076015
137  |*i_0_0_70      |            0.819005|             0.221082|           0.035928|         1.076015
138  |*i_0_0_71      |            0.819005|             0.221082|           0.035928|         1.076015
139  |*i_0_0_72      |            0.819005|             0.221082|           0.035928|         1.076015
140  |*i_0_0_73      |            0.819005|             0.221082|           0.035928|         1.076015
141  |*i_0_0_74      |            0.819005|             0.221082|           0.035928|         1.076015
142  |*i_0_0_75      |            0.819005|             0.221082|           0.035928|         1.076015
143  |*i_0_0_76      |            0.819005|             0.221082|           0.035928|         1.076015
144  |*i_0_0_77      |            0.819005|             0.221082|           0.035928|         1.076015
145  |*i_0_0_78      |            0.819005|             0.221082|           0.035928|         1.076015
146  |*i_0_0_79      |            0.819005|             0.221082|           0.035928|         1.076015
147  |*i_0_0_80      |            0.819005|             0.221082|           0.035928|         1.076015
148  |*i_0_0_81      |            0.819005|             0.221082|           0.035928|         1.076015
149  |*i_0_0_82      |            0.819005|             0.221082|           0.035928|         1.076015
150  |*i_0_0_83      |            0.819005|             0.221082|           0.035928|         1.076015
151  |*i_0_0_84      |            0.819005|             0.221082|           0.035928|         1.076015
152  |*i_0_0_85      |            0.819005|             0.221082|           0.035928|         1.076015
153  |*i_0_0_86      |            0.819005|             0.221082|           0.035928|         1.076015
154  |*i_0_0_87      |            0.819005|             0.221082|           0.035928|         1.076015
155  |*i_0_0_88      |            0.819005|             0.221082|           0.035928|         1.076015
156  |*i_0_0_89      |            0.819005|             0.221082|           0.035928|         1.076015
157  |*i_0_0_90      |            0.819005|             0.221082|           0.035928|         1.076015
158  |*i_0_0_91      |            0.819005|             0.221082|           0.035928|         1.076015
159  |*i_0_0_92      |            0.819005|             0.221082|           0.035928|         1.076015
160  |*i_0_0_93      |            0.809628|             0.219124|           0.035928|         1.064681
161  |*i_0_0_94      |            0.387137|             0.211487|           0.017393|         0.616018
162  |*i_0_0_95      |            0.593003|             0.555471|           0.047399|         1.195873
163  |*i_0_0_96      |            0.293490|             8.138115|           0.026832|         8.458437
164  |*i_0_0_97      |            0.116797|             3.208120|           0.026832|         3.351749
165  |*i_0_0_98      |            0.144728|             0.277192|           0.017393|         0.439314
166  |*i_0_0_99      |            0.273250|            10.368949|           0.021200|        10.663399
167  |*i_0_0_100     |            0.811737|             0.681767|           0.036441|         1.529945
168  |*i_0_0_101     |            0.355470|             0.203739|           0.021200|         0.580408
169  |*i_0_0_102     |            0.300774|             0.186760|           0.021200|         0.508734
170  |*i_0_0_103     |            0.854340|             0.628207|           0.036164|         1.518711
171  |*i_0_0_104     |            0.314618|             0.164458|           0.027858|         0.506934
172  |*i_0_0_105     |            0.157629|             0.238363|           0.022619|         0.418611
173  |*i_0_0_106     |            0.252612|             0.156086|           0.021200|         0.429897
174  |*i_0_0_107     |            0.816166|             0.667541|           0.036164|         1.519871
175  |*i_0_0_108     |            0.259538|             0.133734|           0.027858|         0.421130
176  |*i_0_0_109     |            0.235656|             0.368503|           0.022619|         0.626778
177  |*i_0_0_110     |            0.337794|             0.163871|           0.022619|         0.524285
178  |*i_0_0_111     |            0.310814|             0.442902|           0.027858|         0.781575
179  |*i_0_0_112     |            0.260380|             0.162991|           0.021200|         0.444570
180  |*i_0_0_113     |            0.058112|             0.503826|           0.026832|         0.588770
181  |*i_0_0_114     |            0.556708|             1.983183|           0.024415|         2.564305
182  |*i_0_0_115     |            0.737241|             2.218244|           0.024415|         2.979899
183  |*i_0_0_116     |            0.237727|             1.352095|           0.014353|         1.604176
184  |*i_0_0_117     |            0.178311|             0.886514|           0.014353|         1.079178
185  |*Q_reg[31]     |            2.022686|             0.445844|           0.079112|         2.547642
186  |*Q_reg[30]     |            2.096982|             0.462220|           0.079112|         2.638314
187  |*Q_reg[29]     |            2.096982|             0.462220|           0.079112|         2.638314
188  |*Q_reg[28]     |            2.096982|             0.462220|           0.079112|         2.638314
189  |*Q_reg[27]     |            2.096982|             0.462220|           0.079112|         2.638314
190  |*Q_reg[26]     |            2.096982|             0.462220|           0.079112|         2.638314
191  |*Q_reg[25]     |            2.096982|             0.462220|           0.079112|         2.638314
192  |*Q_reg[24]     |            2.096982|             0.462220|           0.079112|         2.638314
193  |*Q_reg[23]     |            2.096982|             0.462220|           0.079112|         2.638314
194  |*Q_reg[22]     |            2.096982|             0.462220|           0.079112|         2.638314
195  |*Q_reg[21]     |            2.096982|             0.462220|           0.079112|         2.638314
196  |*Q_reg[20]     |            2.096982|             0.462220|           0.079112|         2.638314
197  |*Q_reg[19]     |            2.096982|             0.462220|           0.079112|         2.638314
198  |*Q_reg[18]     |            2.096982|             0.462220|           0.079112|         2.638314
199  |*Q_reg[17]     |            2.096982|             0.462220|           0.079112|         2.638314
200  |*Q_reg[16]     |            2.096982|             0.462220|           0.079112|         2.638314
201  |*Q_reg[15]     |            2.096982|             0.462220|           0.079112|         2.638314
202  |*Q_reg[14]     |            2.096982|             0.462220|           0.079112|         2.638314
203  |*Q_reg[13]     |            2.096982|             0.462220|           0.079112|         2.638314
204  |*Q_reg[12]     |            2.096982|             0.462220|           0.079112|         2.638314
205  |*Q_reg[11]     |            2.096982|             0.462220|           0.079112|         2.638314
206  |*Q_reg[10]     |            2.096982|             0.462220|           0.079112|         2.638314
207  |*Q_reg[9]      |            2.096982|             0.462220|           0.079112|         2.638314
208  |*Q_reg[8]      |            2.096982|             0.462220|           0.079112|         2.638314
209  |*Q_reg[7]      |            2.096982|             0.462220|           0.079112|         2.638314
210  |*Q_reg[6]      |            2.096982|             0.462220|           0.079112|         2.638314
211  |*Q_reg[5]      |            2.096982|             0.462220|           0.079112|         2.638314
212  |*Q_reg[4]      |            2.096982|             0.462220|           0.079112|         2.638314
213  |*Q_reg[3]      |            2.096982|             0.462220|           0.079112|         2.638314
214  |*Q_reg[2]      |            2.096982|             0.462220|           0.079112|         2.638314
215  |*Q_reg[1]      |            2.096982|             0.462220|           0.079112|         2.638314
216  |*Q_reg[0]      |            2.136044|             5.354911|           0.079112|         7.570068
217  |*A_reg[31]     |            2.111558|             9.440633|           0.079112|        11.631303
218  |*A_reg[29]     |            2.111325|             7.663766|           0.079112|         9.854203
219  |*A_reg[28]     |            2.109571|             3.170065|           0.079112|         5.358749
220  |*A_reg[27]     |            2.111652|            10.156757|           0.079112|        12.347521
221  |*A_reg[26]     |            2.110165|             3.771410|           0.079112|         5.960688
222  |*A_reg[25]     |            2.111407|             8.293205|           0.079112|        10.483724
223  |*A_reg[24]     |            2.110169|             3.775541|           0.079112|         5.964822
224  |*A_reg[23]     |            2.111204|             6.744728|           0.079112|         8.935044
225  |*A_reg[22]     |            2.109278|             2.873435|           0.079112|         5.061825
226  |*A_reg[21]     |            2.111143|             6.282297|           0.079112|         8.472552
227  |*A_reg[20]     |            2.110169|             3.775541|           0.079112|         5.964822
228  |*A_reg[19]     |            2.111110|             6.031554|           0.079112|         8.221777
229  |*A_reg[18]     |            2.110178|             3.785034|           0.079112|         5.974326
230  |*A_reg[17]     |            2.111232|             6.957132|           0.079112|         9.147476
231  |*A_reg[16]     |            2.110169|             3.775541|           0.079112|         5.964822
232  |*A_reg[15]     |            2.111110|             6.031554|           0.079112|         8.221777
233  |*A_reg[14]     |            2.110178|             3.785034|           0.079112|         5.974326
234  |*A_reg[13]     |            2.111232|             6.957132|           0.079112|         9.147476
235  |*A_reg[12]     |            2.110169|             3.775541|           0.079112|         5.964822
236  |*A_reg[11]     |            2.111110|             6.031554|           0.079112|         8.221777
237  |*A_reg[10]     |            2.110178|             3.785034|           0.079112|         5.974326
238  |*A_reg[9]      |            2.111232|             6.957132|           0.079112|         9.147476
239  |*A_reg[8]      |            2.110193|             3.799288|           0.079112|         5.988593
240  |*A_reg[7]      |            2.111110|             6.031554|           0.079112|         8.221777
241  |*A_reg[6]      |            2.110178|             3.785034|           0.079112|         5.974326
242  |*A_reg[5]      |            2.111232|             6.957132|           0.079112|         9.147476
243  |*A_reg[4]      |            2.110169|             3.775541|           0.079112|         5.964822
244  |*A_reg[3]      |            2.111478|             8.832270|           0.079112|        11.022860
245  |*A_reg[2]      |            2.110192|             3.798306|           0.079112|         5.987610
246  |*A_reg[1]      |            2.111228|             6.933385|           0.079112|         9.123726
247  |*A_reg[0]      |            2.111099|             5.948567|           0.079112|         8.138779
248  |*clk_gate_M_reg|            2.104214|             0.000000|           0.059138|         2.163352
249  |*M_reg[31]     |            1.059873|             0.559407|           0.079112|         1.698392
250  |*M_reg[30]     |            1.068285|             4.677753|           0.079112|         5.825151
251  |*M_reg[29]     |            1.067661|             1.976798|           0.079112|         3.123571
252  |*M_reg[28]     |            1.068051|             2.897332|           0.079112|         4.044495
253  |*M_reg[27]     |            1.068099|             3.261155|           0.079112|         4.408367
254  |*M_reg[26]     |            1.068091|             3.197856|           0.079112|         4.345059
255  |*M_reg[25]     |            1.067961|             2.280654|           0.079112|         3.427728
256  |*M_reg[24]     |            1.068091|             3.201851|           0.079112|         4.349054
257  |*M_reg[23]     |            1.067213|             1.522841|           0.079112|         2.669167
258  |*M_reg[22]     |            1.068031|             2.744826|           0.079112|         3.891969
259  |*M_reg[21]     |            1.066982|             1.288910|           0.079112|         2.435003
260  |*M_reg[20]     |            1.068091|             3.201851|           0.079112|         4.349054
261  |*M_reg[19]     |            1.066853|             1.158816|           0.079112|         2.304781
262  |*M_reg[18]     |            1.068092|             3.209595|           0.079112|         4.356800
263  |*M_reg[17]     |            1.067306|             1.617342|           0.079112|         2.763760
264  |*M_reg[16]     |            1.068091|             3.201851|           0.079112|         4.349054
265  |*M_reg[15]     |            1.066853|             1.158816|           0.079112|         2.304781
266  |*M_reg[14]     |            1.068092|             3.209595|           0.079112|         4.356800
267  |*M_reg[13]     |            1.067306|             1.617342|           0.079112|         2.763760
268  |*M_reg[12]     |            1.068091|             3.201851|           0.079112|         4.349054
269  |*M_reg[11]     |            1.066853|             1.158816|           0.079112|         2.304781
270  |*M_reg[10]     |            1.068092|             3.209595|           0.079112|         4.356800
271  |*M_reg[9]      |            1.067306|             1.617342|           0.079112|         2.763760
272  |*M_reg[8]      |            1.068091|             3.203184|           0.079112|         4.350388
273  |*M_reg[7]      |            1.066853|             1.158816|           0.079112|         2.304781
274  |*M_reg[6]      |            1.068092|             3.209595|           0.079112|         4.356800
275  |*M_reg[5]      |            1.067306|             1.617342|           0.079112|         2.763760
276  |*M_reg[4]      |            1.068091|             3.201851|           0.079112|         4.349054
277  |*M_reg[3]      |            1.068010|             2.584969|           0.079112|         3.732091
278  |*M_reg[2]      |            1.068089|             3.182077|           0.079112|         4.329278
279  |*M_reg[1]      |            1.067305|             1.616008|           0.079112|         2.762425
280  |*M_reg[0]      |            1.066973|             1.280015|           0.079112|         2.426100
281  |*q1_reg        |            1.601920|             3.398952|           0.079112|         5.079986
282  |*n_reg[5]      |            1.621115|             1.503451|           0.079112|         3.203679
283  |*n_reg[4]      |            1.541104|             0.741948|           0.079112|         2.362164
284  |*n_reg[3]      |            1.594180|             1.179944|           0.079112|         2.853236
285  |*n_reg[2]      |            1.455788|             0.701782|           0.079112|         2.236683
286  |*n_reg[1]      |            1.594142|             1.176614|           0.079112|         2.849868
287  |*n_reg[0]      |            1.600195|             1.712242|           0.079112|         3.391549
288  |*clk_gate_A_reg|            1.055525|             0.000000|           0.059138|         1.114663
289  |*i_0_12        |            0.029283|             0.021750|           0.014353|         0.065386
290  |               |                    |                     |                   |                 
291  |*TOTAL         |          436.939209|           745.412170|          25.565170|      1207.916504
-----+---------------+--------------------+---------------------+-------------------+-----------------
