Report for group default
------------------------------------------------------------------------------------------------------------------------------------------------------------
Startpoint: A_reg[0]/Q
    (Clocked by sysclk R)
Endpoint: A_reg[31]/D
    (Clocked by sysclk R)
Path Group: default
Data required time: 1960.9
    (Clock shift: 2000.0, minus Uncertainty: 0.0, plus Latency 0.0, minus Setup time: 39.1)
Data arrival time: 1277.8
Slack: 683.1
Logic depth: 37
------------------------------------------------------------------------------------------------------------------------------------------------------------
                                                     Arrival               Arc      Net               Net    Total   fan-                                   
Path                     Module/Cell           Edge     Time    Delay    Delay    Delay     Slew     Load     Load    out     Location Power Domain      (V)
                                                        (ps)     (ps)     (ps)     (ps)     (ps)     (ff)     (ff)    (#)      (um,um)                      
------------------------------------------------------------------------------------------------------------------------------------------------------------
clk                      {create_clock}           r      0.0      0.0      0.0                        0.0      0.0      3   106,   57                       
clk_gate_A_reg/CK->GCK   CLKGATETST_X1           rr      0.0      0.0      0.0      0.0      0.0      0.0      0.0     70    53,   53  /PD_TOP        (1.10)
A_reg[0]/CK->Q           DFF_X1*                 rr    150.6    150.6    150.6      0.0      0.0      1.5     39.8      5    53,   53  /PD_TOP        (1.10)
i_0_3/i_0/A->ZN          INV_X8                  rf    158.7      8.1      8.1      0.0     15.3      0.6      8.4      2    53,   53  /PD_TOP        (1.10)
i_0_3/i_1/A1->ZN         NAND2_X4*               fr    188.8     30.1     30.1      0.0      3.9      0.8     33.7      3    53,   53  /PD_TOP        (1.10)
i_0_3/i_5/A->ZN          INV_X8                  rf    195.8      7.0      7.0      0.0     15.3      0.3      4.5      1    53,   53  /PD_TOP        (1.10)
i_0_3/i_7/A2->ZN         AOI22_X4                fr    234.5     38.7     38.7      0.0      3.5      0.7      7.9      2    53,   53  /PD_TOP        (1.10)
i_0_3/i_11/A1->ZN        OAI22_X4                rf    259.4     24.9     24.9      0.0     29.1      0.7      7.8      2    53,   53  /PD_TOP        (1.10)
i_0_3/i_15/A1->ZN        AOI22_X4                fr    296.6     37.2     37.2      0.0     12.5      0.7      7.9      2    53,   53  /PD_TOP        (1.10)
i_0_3/i_19/A1->ZN        OAI22_X4                rf    321.5     24.9     24.9      0.0     29.1      0.7      7.8      2    53,   53  /PD_TOP        (1.10)
i_0_3/i_23/A1->ZN        AOI22_X4                fr    358.7     37.2     37.2      0.0     12.5      0.7      7.9      2    53,   53  /PD_TOP        (1.10)
i_0_3/i_27/A1->ZN        OAI22_X4                rf    383.6     24.9     24.9      0.0     29.1      0.7      7.8      2    53,   53  /PD_TOP        (1.10)
i_0_3/i_31/A1->ZN        AOI22_X4                fr    420.8     37.2     37.2      0.0     12.5      0.7      7.9      2    53,   53  /PD_TOP        (1.10)
i_0_3/i_35/A1->ZN        OAI22_X4                rf    445.7     24.9     24.9      0.0     29.1      0.7      7.8      2    53,   53  /PD_TOP        (1.10)
i_0_3/i_39/A1->ZN        AOI22_X4                fr    482.9     37.2     37.2      0.0     12.5      0.7      7.9      2    53,   53  /PD_TOP        (1.10)
i_0_3/i_43/A1->ZN        OAI22_X4                rf    507.8     24.9     24.9      0.0     29.1      0.7      7.8      2    53,   53  /PD_TOP        (1.10)
i_0_3/i_47/A1->ZN        AOI22_X4                fr    545.0     37.2     37.2      0.0     12.5      0.7      7.9      2    53,   53  /PD_TOP        (1.10)
i_0_3/i_51/A1->ZN        OAI22_X4                rf    569.9     24.9     24.9      0.0     29.1      0.7      7.8      2    53,   53  /PD_TOP        (1.10)
i_0_3/i_55/A1->ZN        AOI22_X4                fr    607.1     37.2     37.2      0.0     12.5      0.7      7.9      2    53,   53  /PD_TOP        (1.10)
i_0_3/i_59/A1->ZN        OAI22_X4                rf    632.0     24.9     24.9      0.0     29.1      0.7      7.8      2    53,   53  /PD_TOP        (1.10)
i_0_3/i_63/A1->ZN        AOI22_X4                fr    669.2     37.2     37.2      0.0     12.5      0.7      7.9      2    53,   53  /PD_TOP        (1.10)
i_0_3/i_67/A1->ZN        OAI22_X4                rf    694.1     24.9     24.9      0.0     29.1      0.7      7.8      2    53,   53  /PD_TOP        (1.10)
i_0_3/i_71/A1->ZN        AOI22_X4                fr    731.3     37.2     37.2      0.0     12.5      0.7      7.9      2    53,   53  /PD_TOP        (1.10)
i_0_3/i_75/A1->ZN        OAI22_X4                rf    756.2     24.9     24.9      0.0     29.1      0.7      7.8      2    53,   53  /PD_TOP        (1.10)
i_0_3/i_79/A1->ZN        AOI22_X4                fr    793.4     37.2     37.2      0.0     12.5      0.7      7.9      2    53,   53  /PD_TOP        (1.10)
i_0_3/i_83/A1->ZN        OAI22_X4                rf    818.3     24.9     24.9      0.0     29.1      0.7      7.8      2    53,   53  /PD_TOP        (1.10)
i_0_3/i_87/A1->ZN        AOI22_X4                fr    855.5     37.2     37.2      0.0     12.5      0.7      7.9      2    53,   53  /PD_TOP        (1.10)
i_0_3/i_91/A1->ZN        OAI22_X4                rf    880.4     24.9     24.9      0.0     29.1      0.7      7.8      2    53,   53  /PD_TOP        (1.10)
i_0_3/i_95/A1->ZN        AOI22_X4                fr    917.6     37.2     37.2      0.0     12.5      0.7      7.9      2    53,   53  /PD_TOP        (1.10)
i_0_3/i_99/A1->ZN        OAI22_X4                rf    942.5     24.9     24.9      0.0     29.1      0.7      7.8      2    53,   53  /PD_TOP        (1.10)
i_0_3/i_103/A1->ZN       AOI22_X4                fr    979.7     37.2     37.2      0.0     12.5      0.7      7.9      2    53,   53  /PD_TOP        (1.10)
i_0_3/i_107/A1->ZN       OAI22_X4                rf   1004.6     24.9     24.9      0.0     29.1      0.7      7.8      2    53,   53  /PD_TOP        (1.10)
i_0_3/i_111/A1->ZN       AOI22_X4                fr   1041.8     37.2     37.2      0.0     12.5      0.7      7.9      2    53,   53  /PD_TOP        (1.10)
i_0_3/i_115/A1->ZN       OAI22_X4                rf   1066.7     24.9     24.9      0.0     29.1      0.7      7.8      2    53,   53  /PD_TOP        (1.10)
i_0_3/i_119/A1->ZN       AOI22_X4*               fr   1131.6     64.9     64.9      0.0     12.5      1.0     31.2      3    53,   53  /PD_TOP        (1.10)
i_0_3/i_124/A->ZN        INV_X8                  rf   1137.8      6.2      6.2      0.0     15.3      0.3      2.0      1    53,   53  /PD_TOP        (1.10)
i_0_3/i_125/A1->ZN       OAI33_X1                fr   1191.0     53.2     53.2      0.0      3.2      0.3      3.5      1    53,   53  /PD_TOP        (1.10)
i_0_3/i_126/A->ZN        XNOR2_X2                rf   1216.7     25.7     25.7      0.0     70.5      0.3      4.4      1    53,   53  /PD_TOP        (1.10)
i_0_0_61/B2->ZN          AOI22_X4                fr   1264.0     47.3     47.3      0.0     11.4      0.3      4.3      1    53,   53  /PD_TOP        (1.10)
i_0_0_60/A2->ZN          NAND2_X2                rf   1277.8     13.8     13.8      0.0     24.8      0.3      1.4      1    53,   53  /PD_TOP        (1.10)
A_reg[31]/D              DFF_X1                   f   1277.8      0.0               0.0      5.7                             53,   53  /PD_TOP        (1.10)
------------------------------------------------------------------------------------------------------------------------------------------------------------
Report for group I2R
------------------------------------------------------------------------------------------------------------------------------------------------------------
Startpoint: q[31]
    (Clocked by rtDefaultClock R)
Endpoint: Q_reg[31]/D
    (Clocked by sysclk R)
Path Group: I2R
Data required time: 1960.9
    (Clock shift: 2000.0, minus Uncertainty: 0.0, plus Latency 0.0, minus Setup time: 39.1)
Data arrival time: 325.4
Slack: 1635.5
Logic depth: 2
------------------------------------------------------------------------------------------------------------------------------------------------------------
                                                     Arrival               Arc      Net               Net    Total   fan-                                   
Path                     Module/Cell           Edge     Time    Delay    Delay    Delay     Slew     Load     Load    out     Location Power Domain      (V)
                                                        (ps)     (ps)     (ps)     (ps)     (ps)     (ff)     (ff)    (#)      (um,um)                      
------------------------------------------------------------------------------------------------------------------------------------------------------------
q[31]                    {set_input_delay}        f    200.0    200.0    200.0                        3.0      5.5      1    53,    0                       
i_0_0_95/A2->ZN          AOI222_X2               fr    310.8    110.4    110.4      0.0    100.0      0.3      4.1      1    53,   53  /PD_TOP        (1.10)
i_0_0_94/A1->ZN          NAND2_X2                rf    325.4     14.6     14.6      0.0     54.4      0.3      1.4      1    53,   53  /PD_TOP        (1.10)
Q_reg[31]/D              DFF_X1                   f    325.4      0.4               0.4      5.7                             53,   53  /PD_TOP        (1.10)
------------------------------------------------------------------------------------------------------------------------------------------------------------
Report for group I2O
Report for group R2O
------------------------------------------------------------------------------------------------------------------------------------------------------------
Startpoint: P_reg[63]/Q
    (Clocked by sysclk R)
Endpoint: P[63]
    (Clocked by sysclk R)
Path Group: R2O
Data required time: 1500.0
    (Clock shift: 2000.0, minus Uncertainty: 0.0, plus Latency 0.0, minus Out delay: 500.0)
Data arrival time: 135.7
Slack: 1364.3
Logic depth: 0
------------------------------------------------------------------------------------------------------------------------------------------------------------
                                                     Arrival               Arc      Net               Net    Total   fan-                                   
Path                     Module/Cell           Edge     Time    Delay    Delay    Delay     Slew     Load     Load    out     Location Power Domain      (V)
                                                        (ps)     (ps)     (ps)     (ps)     (ps)     (ff)     (ff)    (#)      (um,um)                      
------------------------------------------------------------------------------------------------------------------------------------------------------------
clk                      {create_clock}           r      0.0      0.0      0.0                        0.0      0.0      3   106,   57                       
clk_gate_P_reg/CK->GCK   CLKGATETST_X1           rr      0.0      0.0      0.0      0.0      0.0      0.0      0.0     63    53,   53  /PD_TOP        (1.10)
P_reg[63]/CK->Q          DFF_X1                  rr    135.3    135.3    135.3      0.0      0.0      3.7     23.7      2    53,   53  /PD_TOP        (1.10)
P[63]                                             r    135.7      0.4               0.4     56.9                            106,   59                       
------------------------------------------------------------------------------------------------------------------------------------------------------------
