Report Physical info: 
------------------------+-------------+-----------+------------
                        |             |Area (squm)|Leakage (uW)
------------------------+-------------+-----------+------------
Design Name             |adderPlus    |           |            
  Total Instances       |          137|        162|       3.818
    Macros              |            0|          0|       0.000
    Pads                |            0|          0|       0.000
    Phys                |            0|          0|       0.000
    Blackboxes          |            0|          0|       0.000
    Cells               |          137|        162|       3.818
      Buffers           |            0|          0|       0.000
      Inverters         |           28|         15|       0.402
      Clock-Gates       |            0|          0|       0.000
      Combinational     |          109|        147|       3.416
      Latches           |            0|          0|       0.000
      FlipFlops         |            0|          0|       0.000
       Single-Bit FF    |            0|          0|       0.000
       Multi-Bit FF     |            0|          0|       0.000
       Clock-Gated      |            0|           |            
       Bits             |            0|          0|       0.000
         Load-Enabled   |            0|           |            
         Clock-Gated    |            0|           |            
  Tristate Pin Count    |            0|           |            
Physical Info           |Placed       |           |            
  Chip Size (mm x mm)   |0.076 x 0.076|       5839|            
  Fixed Cell Area       |             |          0|            
    Phys Only           |            0|          0|            
  Placeable Area        |             |        252|            
  Movable Cell Area     |             |        162|            
  Utilization (%)       |           64|           |            
  Chip Utilization (%)  |           64|           |            
  Total Wire Length (mm)|        3.863|           |            
  Longest Wire (mm)     |        0.042|           |            
  Average Wire (mm)     |        0.040|           |            
------------------------+-------------+-----------+------------
