Report for group default
Report for group I2R
Report for group I2O
------------------------------------------------------------------------------------------------------------------------------------------------------------
Startpoint: B[2]
    (Clocked by vsysclk R)
Endpoint: OF
    (Clocked by vsysclk R)
Path Group: I2O
Data required time: 19500.0
    (Clock shift: 20000.0, minus Uncertainty: 0.0, plus Latency 0.0, minus Out delay: 500.0)
Data arrival time: 2873.9
Slack: 16626.1
Logic depth: 51
------------------------------------------------------------------------------------------------------------------------------------------------------------
                                                     Arrival               Arc      Net               Net    Total   fan-                                   
Path                     Module/Cell           Edge     Time    Delay    Delay    Delay     Slew     Load     Load    out     Location Power Domain      (V)
                                                        (ps)     (ps)     (ps)     (ps)     (ps)     (ff)     (ff)    (#)      (um,um)                      
------------------------------------------------------------------------------------------------------------------------------------------------------------
B[2]                     {set_input_delay}        r   1000.0   1000.0   1000.0                        2.2      9.6      2     0,   37                       
i_0_0/i_109/A->ZN        XNOR2_X2*               rr   1084.4     84.4     84.2      0.2    100.0      0.5     29.1      2    38,   38  /PD_TOP        (1.10)
i_0_0/i_108/A->ZN        INV_X8                  rf   1091.3      6.9      6.9      0.0     15.3      0.3      4.2      1    38,   38  /PD_TOP        (1.10)
i_0_0/i_104/B1->ZN       AOI22_X4*               fr   1160.9     69.6     69.6      0.0      3.4      0.6     29.2      2    38,   38  /PD_TOP        (1.10)
i_0_0/i_103/A->ZN        INV_X8                  rf   1167.8      6.9      6.9      0.0     15.3      0.3      4.2      1    38,   38  /PD_TOP        (1.10)
i_0_0/i_101/B1->ZN       AOI22_X4*               fr   1237.4     69.6     69.6      0.0      3.4      0.6     29.2      2    38,   38  /PD_TOP        (1.10)
i_0_0/i_100/A->ZN        INV_X8                  rf   1244.3      6.9      6.9      0.0     15.3      0.3      4.2      1    38,   38  /PD_TOP        (1.10)
i_0_0/i_98/B1->ZN        AOI22_X4*               fr   1313.9     69.6     69.6      0.0      3.4      0.6     29.2      2    38,   38  /PD_TOP        (1.10)
i_0_0/i_97/A->ZN         INV_X8                  rf   1320.8      6.9      6.9      0.0     15.3      0.3      4.2      1    38,   38  /PD_TOP        (1.10)
i_0_0/i_95/B1->ZN        AOI22_X4*               fr   1390.4     69.6     69.6      0.0      3.4      0.6     29.2      2    38,   38  /PD_TOP        (1.10)
i_0_0/i_94/A->ZN         INV_X8                  rf   1397.3      6.9      6.9      0.0     15.3      0.3      4.2      1    38,   38  /PD_TOP        (1.10)
i_0_0/i_92/B1->ZN        AOI22_X4*               fr   1466.9     69.6     69.6      0.0      3.4      0.6     29.2      2    38,   38  /PD_TOP        (1.10)
i_0_0/i_91/A->ZN         INV_X8                  rf   1473.8      6.9      6.9      0.0     15.3      0.3      4.2      1    38,   38  /PD_TOP        (1.10)
i_0_0/i_89/B1->ZN        AOI22_X4*               fr   1543.4     69.6     69.6      0.0      3.4      0.6     29.2      2    38,   38  /PD_TOP        (1.10)
i_0_0/i_88/A->ZN         INV_X8                  rf   1550.3      6.9      6.9      0.0     15.3      0.3      4.2      1    38,   38  /PD_TOP        (1.10)
i_0_0/i_86/B1->ZN        AOI22_X4*               fr   1619.9     69.6     69.6      0.0      3.4      0.6     29.2      2    38,   38  /PD_TOP        (1.10)
i_0_0/i_85/A->ZN         INV_X8                  rf   1626.8      6.9      6.9      0.0     15.3      0.3      4.2      1    38,   38  /PD_TOP        (1.10)
i_0_0/i_83/B1->ZN        AOI22_X4*               fr   1696.4     69.6     69.6      0.0      3.4      0.6     29.2      2    38,   38  /PD_TOP        (1.10)
i_0_0/i_82/A->ZN         INV_X8                  rf   1703.3      6.9      6.9      0.0     15.3      0.3      4.2      1    38,   38  /PD_TOP        (1.10)
i_0_0/i_80/B1->ZN        AOI22_X4*               fr   1772.9     69.6     69.6      0.0      3.4      0.6     29.2      2    38,   38  /PD_TOP        (1.10)
i_0_0/i_79/A->ZN         INV_X8                  rf   1779.8      6.9      6.9      0.0     15.3      0.3      4.2      1    38,   38  /PD_TOP        (1.10)
i_0_0/i_77/B1->ZN        AOI22_X4*               fr   1849.4     69.6     69.6      0.0      3.4      0.6     29.2      2    38,   38  /PD_TOP        (1.10)
i_0_0/i_76/A->ZN         INV_X8                  rf   1856.3      6.9      6.9      0.0     15.3      0.3      4.2      1    38,   38  /PD_TOP        (1.10)
i_0_0/i_74/B1->ZN        AOI22_X4*               fr   1925.9     69.6     69.6      0.0      3.4      0.6     29.2      2    38,   38  /PD_TOP        (1.10)
i_0_0/i_73/A->ZN         INV_X8                  rf   1932.8      6.9      6.9      0.0     15.3      0.3      4.2      1    38,   38  /PD_TOP        (1.10)
i_0_0/i_71/B1->ZN        AOI22_X4*               fr   2002.4     69.6     69.6      0.0      3.4      0.6     29.2      2    38,   38  /PD_TOP        (1.10)
i_0_0/i_70/A->ZN         INV_X8                  rf   2009.3      6.9      6.9      0.0     15.3      0.3      4.2      1    38,   38  /PD_TOP        (1.10)
i_0_0/i_68/B1->ZN        AOI22_X4                fr   2052.7     43.4     43.4      0.0      3.4      0.6      7.9      2    38,   38  /PD_TOP        (1.10)
i_0_0/i_66/B1->ZN        OAI21_X4                rf   2073.6     20.9     20.9      0.0     29.2      0.6      7.7      2    38,   38  /PD_TOP        (1.10)
i_0_0/i_65/A->ZN         OAI21_X4                fr   2094.5     20.9     20.9      0.0     10.8      0.3      4.3      1    38,   38  /PD_TOP        (1.10)
i_0_0/i_64/A->ZN         OAI21_X4                rf   2117.7     23.2     23.2      0.0     18.3      0.6      8.5      2    38,   38  /PD_TOP        (1.10)
i_0_0/i_63/B2->ZN        AOI22_X4*               fr   2195.8     78.1     78.1      0.0     11.1      0.6     29.2      2    38,   38  /PD_TOP        (1.10)
i_0_0/i_62/A->ZN         INV_X8                  rf   2202.7      6.9      6.9      0.0     15.3      0.3      4.2      1    38,   38  /PD_TOP        (1.10)
i_0_0/i_60/B1->ZN        AOI22_X4*               fr   2272.3     69.6     69.6      0.0      3.4      0.6     29.2      2    38,   38  /PD_TOP        (1.10)
i_0_0/i_59/A->ZN         INV_X8                  rf   2279.2      6.9      6.9      0.0     15.3      0.3      4.2      1    38,   38  /PD_TOP        (1.10)
i_0_0/i_57/B1->ZN        AOI22_X4*               fr   2348.8     69.6     69.6      0.0      3.4      0.6     29.2      2    38,   38  /PD_TOP        (1.10)
i_0_0/i_56/A->ZN         INV_X8                  rf   2355.7      6.9      6.9      0.0     15.3      0.3      4.2      1    38,   38  /PD_TOP        (1.10)
i_0_0/i_54/B1->ZN        AOI22_X4                fr   2399.3     43.6     43.6      0.0      3.4      0.6      8.1      2    38,   38  /PD_TOP        (1.10)
i_0_0/i_53/B2->ZN        AOI21_X4                rf   2421.0     21.7     21.7      0.0     29.4      0.6      8.5      2    38,   38  /PD_TOP        (1.10)
i_0_0/i_52/B2->ZN        AOI22_X4                fr   2472.0     51.0     51.0      0.0      9.4      0.6      7.8      2    38,   38  /PD_TOP        (1.10)
i_0_0/i_51/A2->ZN        NAND2_X4                rf   2489.2     17.2     17.2      0.0     29.1      0.3      4.2      1    38,   38  /PD_TOP        (1.10)
i_0_0/i_50/A->ZN         OAI21_X4                fr   2510.5     21.3     21.3      0.0      6.9      0.6      8.1      2    38,   38  /PD_TOP        (1.10)
i_0_0/i_49/B2->ZN        OAI21_X4                rf   2533.0     22.5     22.5      0.0     22.8      0.6      7.8      2    38,   38  /PD_TOP        (1.10)
i_0_0/i_47/B1->ZN        AOI22_X4                fr   2579.9     46.9     46.9      0.0     10.8      0.6      8.1      2    38,   38  /PD_TOP        (1.10)
i_0_0/i_46/B2->ZN        AOI21_X4                rf   2601.6     21.7     21.7      0.0     29.4      0.6      8.5      2    38,   38  /PD_TOP        (1.10)
i_0_0/i_45/B2->ZN        AOI22_X4                fr   2652.9     51.3     51.3      0.0      9.4      0.6      8.1      2    38,   38  /PD_TOP        (1.10)
i_0_0/i_44/B2->ZN        AOI21_X4                rf   2674.6     21.7     21.7      0.0     29.4      0.6      8.5      2    38,   38  /PD_TOP        (1.10)
i_0_0/i_43/B2->ZN        AOI22_X4                fr   2725.7     51.1     51.1      0.0      9.4      0.6      7.9      2    38,   38  /PD_TOP        (1.10)
i_0_0/i_41/B1->ZN        OAI21_X4                rf   2746.5     20.8     20.8      0.0     29.2      0.6      7.6      2    38,   38  /PD_TOP        (1.10)
i_0_0/i_37/A->ZN         XNOR2_X2                fr   2808.1     61.6     61.6      0.0     10.8      0.3     15.7      2    38,   38  /PD_TOP        (1.10)
i_0_1_1/A->ZN            XNOR2_X2                rr   2856.9     48.8     48.8      0.0     49.8      0.3      4.4      1    38,   38  /PD_TOP        (1.10)
i_0_1_2/A2->ZN           NOR2_X4                 rf   2873.7     16.8     16.8      0.0     23.6      2.3     12.3      1    38,   38  /PD_TOP        (1.10)
OF                                                f   2873.9      0.2               0.2      7.5                             77,   36                       
------------------------------------------------------------------------------------------------------------------------------------------------------------
Report for group R2O
