warning: No library characterized for (process = 1.00 voltage = 0.85 temperature = 25.00) can be found in the database for power domain '/PD_TOP'  [NL-174]
Report Power (instances with prefix '*' are included in total) : 
-----+----------------------------+--------------------+---------------------+-------------------+-----------------
     | Instance                   | Internal Power(uw) | Switching Power(uw) | Leakage Power(uw) | Total Power(uw) 
-----+----------------------------+--------------------+---------------------+-------------------+-----------------
1    |*clk_gate_P_reg             |            1.130872|             0.000000|           0.059138|         1.190010
2    |*P_reg[63]                  |            1.398358|             1.337852|           0.079112|         2.815322
3    |*P_reg[62]                  |            1.398251|             1.328321|           0.079112|         2.805684
4    |*P_reg[61]                  |            1.398522|             1.352332|           0.079112|         2.829967
5    |*P_reg[60]                  |            1.398705|             1.368528|           0.079112|         2.846345
6    |*P_reg[59]                  |            1.398709|             1.368893|           0.079112|         2.846714
7    |*P_reg[58]                  |            1.398518|             1.351939|           0.079112|         2.829569
8    |*P_reg[57]                  |            1.398341|             1.336277|           0.079112|         2.813730
9    |*P_reg[56]                  |            1.398158|             1.320082|           0.079112|         2.797352
10   |*P_reg[55]                  |            1.398341|             1.336277|           0.079112|         2.813730
11   |*P_reg[54]                  |            1.398269|             1.329895|           0.079112|         2.807276
12   |*P_reg[53]                  |            1.398504|             1.350758|           0.079112|         2.828374
13   |*P_reg[52]                  |            1.398687|             1.366953|           0.079112|         2.844753
14   |*P_reg[51]                  |            1.398692|             1.367318|           0.079112|         2.845122
15   |*P_reg[50]                  |            1.398500|             1.350364|           0.079112|         2.827976
16   |*P_reg[49]                  |            1.398323|             1.334703|           0.079112|         2.812138
17   |*P_reg[48]                  |            1.398145|             1.318957|           0.079112|         2.796215
18   |*P_reg[47]                  |            1.398323|             1.334703|           0.079112|         2.812138
19   |*P_reg[46]                  |            1.398286|             1.331470|           0.079112|         2.808868
20   |*P_reg[45]                  |            1.398486|             1.349184|           0.079112|         2.826782
21   |*P_reg[44]                  |            1.398669|             1.365378|           0.079112|         2.843160
22   |*P_reg[43]                  |            1.398674|             1.365744|           0.079112|         2.843529
23   |*P_reg[42]                  |            1.398482|             1.348790|           0.079112|         2.826384
24   |*P_reg[41]                  |            1.398305|             1.333128|           0.079112|         2.810546
25   |*P_reg[40]                  |            1.398163|             1.320532|           0.079112|         2.797807
26   |*P_reg[39]                  |            1.398305|             1.333128|           0.079112|         2.810546
27   |*P_reg[38]                  |            1.398304|             1.333044|           0.079112|         2.810461
28   |*P_reg[37]                  |            1.398469|             1.347609|           0.079112|         2.825190
29   |*P_reg[36]                  |            1.398652|             1.363804|           0.079112|         2.841568
30   |*P_reg[35]                  |            1.398656|             1.364169|           0.079112|         2.841937
31   |*P_reg[34]                  |            1.398464|             1.347215|           0.079112|         2.824792
32   |*P_reg[33]                  |            1.398287|             1.331554|           0.079112|         2.808953
33   |*P_reg[32]                  |            1.398180|             1.322106|           0.079112|         2.799399
34   |*P_reg[31]                  |            1.398287|             1.331554|           0.079112|         2.808953
35   |*P_reg[30]                  |            1.398322|             1.334619|           0.079112|         2.812053
36   |*P_reg[29]                  |            1.398451|             1.346034|           0.079112|         2.823597
37   |*P_reg[28]                  |            1.398634|             1.362230|           0.079112|         2.839976
38   |*P_reg[27]                  |            1.398638|             1.362594|           0.079112|         2.840345
39   |*P_reg[26]                  |            1.398446|             1.345641|           0.079112|         2.823199
40   |*P_reg[25]                  |            1.398270|             1.329979|           0.079112|         2.807361
41   |*P_reg[24]                  |            1.398198|             1.323681|           0.079112|         2.800992
42   |*P_reg[23]                  |            1.398270|             1.329979|           0.079112|         2.807361
43   |*P_reg[22]                  |            1.398340|             1.336193|           0.079112|         2.813646
44   |*P_reg[21]                  |            1.398433|             1.344460|           0.079112|         2.822005
45   |*P_reg[20]                  |            1.398616|             1.360655|           0.079112|         2.838383
46   |*P_reg[19]                  |            1.398620|             1.361020|           0.079112|         2.838753
47   |*P_reg[18]                  |            1.398429|             1.344066|           0.079112|         2.821607
48   |*P_reg[17]                  |            1.398252|             1.328405|           0.079112|         2.805768
49   |*P_reg[16]                  |            1.398216|             1.325256|           0.079112|         2.802584
50   |*P_reg[15]                  |            1.398252|             1.328405|           0.079112|         2.805768
51   |*P_reg[14]                  |            1.398358|             1.337768|           0.079112|         2.815238
52   |*P_reg[13]                  |            1.398415|             1.342885|           0.079112|         2.820413
53   |*P_reg[12]                  |            1.398599|             1.359081|           0.079112|         2.836791
54   |*P_reg[11]                  |            1.398602|             1.359445|           0.079112|         2.837160
55   |*P_reg[10]                  |            1.398411|             1.342492|           0.079112|         2.820015
56   |*P_reg[9]                   |            1.398234|             1.326830|           0.079112|         2.804176
57   |*P_reg[8]                   |            1.398234|             1.326830|           0.079112|         2.804176
58   |*P_reg[7]                   |            1.398375|             1.339343|           0.079112|         2.816830
59   |*P_reg[6]                   |            1.398397|             1.341311|           0.079112|         2.818820
60   |*P_reg[5]                   |            1.398581|             1.357506|           0.079112|         2.835199
61   |*P_reg[4]                   |            1.398585|             1.357871|           0.079112|         2.835568
62   |*P_reg[3]                   |            1.398393|             1.340917|           0.079112|         2.818422
63   |*P_reg[2]                   |            1.398216|             1.325256|           0.079112|         2.802584
64   |*P_reg[1]                   |            1.398380|             1.339736|           0.079112|         2.817228
65   |*P_reg[0]                   |            1.398563|             1.355931|           0.079112|         2.833606
66   |*i_0_2                      |           50.502045|            24.444374|           1.822795|        76.769211
67   |*i_0_14                     |          161.096527|           402.071350|          10.647591|       573.815491
68   |*i_0_0_0                    |            1.031888|             6.162736|           0.061230|         7.255854
69   |*i_0_0_1                    |            0.874666|             3.200708|           0.061230|         4.136604
70   |*i_0_0_2                    |            0.771253|             3.245588|           0.061230|         4.078070
71   |*i_0_0_3                    |            0.725221|             0.324161|           0.061230|         1.110612
72   |*i_0_0_4                    |            0.404769|             0.142617|           0.025066|         0.572452
73   |*i_0_0_5                    |            0.407855|             0.142617|           0.025066|         0.575538
74   |*i_0_0_6                    |            0.407824|             0.142617|           0.025066|         0.575507
75   |*i_0_0_7                    |            0.401457|             0.142617|           0.025066|         0.569140
76   |*i_0_0_8                    |            0.407855|             0.142617|           0.025066|         0.575538
77   |*i_0_0_9                    |            0.407978|             0.142617|           0.025066|         0.575661
78   |*i_0_0_10                   |            0.407886|             0.142617|           0.025066|         0.575569
79   |*i_0_0_11                   |            0.403658|             0.142617|           0.025066|         0.571341
80   |*i_0_0_12                   |            0.407978|             0.142617|           0.025066|         0.575661
81   |*i_0_0_13                   |            0.407978|             0.142617|           0.025066|         0.575661
82   |*i_0_0_14                   |            0.407886|             0.142617|           0.025066|         0.575569
83   |*i_0_0_15                   |            0.403658|             0.142617|           0.025066|         0.571341
84   |*i_0_0_16                   |            0.407855|             0.142617|           0.025066|         0.575538
85   |*i_0_0_17                   |            0.407978|             0.142617|           0.025066|         0.575661
86   |*i_0_0_18                   |            0.407886|             0.142617|           0.025066|         0.575569
87   |*i_0_0_19                   |            0.403658|             0.142617|           0.025066|         0.571341
88   |*i_0_0_20                   |            0.407855|             0.142617|           0.025066|         0.575538
89   |*i_0_0_21                   |            0.404830|             0.142617|           0.025066|         0.572513
90   |*i_0_0_22                   |            0.403658|             0.142617|           0.025066|         0.571341
91   |*i_0_0_23                   |            0.406960|             0.142617|           0.025066|         0.574643
92   |*i_0_0_24                   |            0.407855|             0.142617|           0.025066|         0.575538
93   |*i_0_0_25                   |            0.404830|             0.142617|           0.025066|         0.572513
94   |*i_0_0_26                   |            0.403658|             0.142617|           0.025066|         0.571341
95   |*i_0_0_27                   |            0.406960|             0.142617|           0.025066|         0.574643
96   |*i_0_0_28                   |            0.407855|             0.142617|           0.025066|         0.575538
97   |*i_0_0_29                   |            0.404830|             0.142617|           0.025066|         0.572513
98   |*i_0_0_30                   |            0.403658|             0.142617|           0.025066|         0.571341
99   |*i_0_0_31                   |            0.406960|             0.142617|           0.025066|         0.574643
100  |*i_0_0_32                   |            0.411891|             0.142617|           0.025066|         0.579574
101  |*i_0_0_33                   |            0.403658|             0.142617|           0.025066|         0.571341
102  |*i_0_0_34                   |            0.404830|             0.142617|           0.025066|         0.572513
103  |*i_0_0_35                   |            0.401457|             0.142617|           0.025066|         0.569140
104  |*i_0_0_36                   |            0.407855|             0.142617|           0.025066|         0.575538
105  |*i_0_0_37                   |            0.404830|             0.142617|           0.025066|         0.572513
106  |*i_0_0_38                   |            0.403658|             0.142617|           0.025066|         0.571341
107  |*i_0_0_39                   |            0.406960|             0.142617|           0.025066|         0.574643
108  |*i_0_0_40                   |            0.407855|             0.142617|           0.025066|         0.575538
109  |*i_0_0_41                   |            0.404830|             0.142617|           0.025066|         0.572513
110  |*i_0_0_42                   |            0.403658|             0.142617|           0.025066|         0.571341
111  |*i_0_0_43                   |            0.406960|             0.142617|           0.025066|         0.574643
112  |*i_0_0_44                   |            0.407855|             0.142617|           0.025066|         0.575538
113  |*i_0_0_45                   |            0.404830|             0.142617|           0.025066|         0.572513
114  |*i_0_0_46                   |            0.403658|             0.142617|           0.025066|         0.571341
115  |*i_0_0_47                   |            0.406960|             0.142617|           0.025066|         0.574643
116  |*i_0_0_48                   |            0.411723|             0.142617|           0.025066|         0.579406
117  |*i_0_0_49                   |            0.406713|             0.142617|           0.025066|         0.574396
118  |*i_0_0_50                   |            0.404830|             0.142617|           0.025066|         0.572513
119  |*i_0_0_51                   |            0.408194|             0.142617|           0.025066|         0.575877
120  |*i_0_0_52                   |            0.407855|             0.142617|           0.025066|         0.575538
121  |*i_0_0_53                   |            0.407978|             0.142617|           0.025066|         0.575661
122  |*i_0_0_54                   |            0.407886|             0.142617|           0.025066|         0.575569
123  |*i_0_0_55                   |            0.403658|             0.142617|           0.025066|         0.571341
124  |*i_0_0_56                   |            0.407855|             0.142617|           0.025066|         0.575538
125  |*i_0_0_57                   |            0.404830|             0.142617|           0.025066|         0.572513
126  |*i_0_0_58                   |            0.403658|             0.142617|           0.025066|         0.571341
127  |*i_0_0_59                   |            0.406960|             0.142617|           0.025066|         0.574643
128  |*i_0_0_60                   |            0.411723|             0.142617|           0.025066|         0.579406
129  |*i_0_0_61                   |            0.406713|             0.142617|           0.025066|         0.574396
130  |*i_0_0_62                   |            0.404830|             0.142617|           0.025066|         0.572513
131  |*i_0_0_63                   |            0.401457|             0.142617|           0.025066|         0.569140
132  |*i_0_0_64                   |            0.405015|             0.142617|           0.025066|         0.572699
133  |*i_0_0_65                   |            0.408256|             0.142617|           0.025066|         0.575939
134  |*i_0_0_66                   |            0.409911|             0.142617|           0.025066|         0.577594
135  |*i_0_0_67                   |            0.401343|             0.142617|           0.025066|         0.569026
136  |*i_0_0_68                   |            0.410037|             0.145365|           0.025066|         0.580468
137  |*i_0_0_69                   |            0.414144|             0.146485|           0.025066|         0.585694
138  |*i_0_0_70                   |            0.415695|             0.147376|           0.025066|         0.588137
139  |*i_0_0_71                   |            0.418317|             0.147917|           0.025066|         0.591299
140  |*i_0_0_72                   |            0.425013|             0.150226|           0.025066|         0.600306
141  |*i_0_0_73                   |            0.426981|             0.150904|           0.025066|         0.602951
142  |*i_0_0_74                   |            0.429484|             0.151761|           0.025066|         0.606311
143  |*i_0_0_75                   |            0.432474|             0.153161|           0.025066|         0.610700
144  |*i_0_0_76                   |            0.439870|             0.155730|           0.025066|         0.620666
145  |*i_0_0_77                   |            0.442052|             0.156075|           0.025066|         0.623194
146  |*i_0_0_78                   |            0.445002|             0.157090|           0.025066|         0.627159
147  |*i_0_0_79                   |            0.449177|             0.158924|           0.025066|         0.633166
148  |*i_0_0_80                   |            0.452832|             0.159748|           0.025066|         0.637646
149  |*i_0_0_81                   |            0.453593|             0.160016|           0.025066|         0.638675
150  |*i_0_0_82                   |            0.455492|             0.160673|           0.025066|         0.641231
151  |*i_0_0_83                   |            0.460194|             0.162712|           0.025066|         0.647971
152  |*i_0_0_84                   |            0.455080|             0.160476|           0.025066|         0.640622
153  |*i_0_0_85                   |            0.456020|             0.160825|           0.025066|         0.641910
154  |*i_0_0_86                   |            0.455815|             0.160766|           0.025066|         0.641647
155  |*i_0_0_87                   |            0.460534|             0.162821|           0.025066|         0.648422
156  |*i_0_0_88                   |            0.466202|             0.164306|           0.025066|         0.655574
157  |*i_0_0_89                   |            0.455439|             0.160587|           0.025066|         0.641092
158  |*i_0_0_90                   |            0.460339|             0.162302|           0.025066|         0.647707
159  |*i_0_0_91                   |            0.461092|             0.162993|           0.025066|         0.649150
160  |*i_0_0_92                   |            0.460196|             0.162212|           0.025066|         0.647474
161  |*i_0_0_93                   |            0.467916|             0.164903|           0.025066|         0.657885
162  |*i_0_0_94                   |            0.461967|             0.162828|           0.025066|         0.649861
163  |*i_0_0_95                   |            0.469780|             0.165991|           0.025066|         0.660836
164  |*i_0_0_96                   |            0.458087|             0.161389|           0.025066|         0.644542
165  |*i_0_0_97                   |            0.463185|             0.163190|           0.025066|         0.651441
166  |*i_0_0_98                   |            0.460148|             0.162118|           0.025066|         0.647333
167  |*i_0_0_99                   |            0.465746|             0.164046|           0.025066|         0.654858
168  |*i_0_0_100                  |            0.452900|             0.159558|           0.025066|         0.637524
169  |*i_0_0_101                  |            0.458947|             0.161693|           0.025066|         0.645706
170  |*i_0_0_102                  |            0.461367|             0.162544|           0.025066|         0.648977
171  |*i_0_0_103                  |            0.464735|             0.164181|           0.025066|         0.653983
172  |*i_0_0_104                  |            0.454275|             0.160041|           0.025066|         0.639382
173  |*i_0_0_105                  |            0.460643|             0.162281|           0.025066|         0.647989
174  |*i_0_0_106                  |            0.460939|             0.162408|           0.025066|         0.648414
175  |*i_0_0_107                  |            0.463731|             0.163838|           0.025066|         0.652636
176  |*i_0_0_108                  |            0.455567|             0.160509|           0.025066|         0.641142
177  |*i_0_0_109                  |            0.459563|             0.161929|           0.025066|         0.646558
178  |*i_0_0_110                  |            0.461952|             0.162781|           0.025066|         0.649799
179  |*i_0_0_111                  |            0.464007|             0.163951|           0.025066|         0.653025
180  |*i_0_0_112                  |            0.455269|             0.160909|           0.025066|         0.641244
181  |*i_0_0_113                  |            0.459290|             0.161875|           0.025066|         0.646231
182  |*i_0_0_114                  |            0.466036|             0.164668|           0.025066|         0.655770
183  |*i_0_0_115                  |            0.462317|             0.163352|           0.025066|         0.650735
184  |*i_0_0_116                  |            0.460096|             0.162127|           0.025066|         0.647289
185  |*i_0_0_117                  |            0.462590|             0.163018|           0.025066|         0.650674
186  |*i_0_0_118                  |            0.463528|             0.163355|           0.025066|         0.651949
187  |*i_0_0_119                  |            0.469672|             0.165935|           0.025066|         0.660673
188  |*i_0_0_120                  |            0.459982|             0.162065|           0.025066|         0.647113
189  |*i_0_0_121                  |            0.462865|             0.163086|           0.025066|         0.651017
190  |*i_0_0_122                  |            0.463546|             0.163338|           0.025066|         0.651950
191  |*i_0_0_123                  |            0.466058|             0.164666|           0.025066|         0.655790
192  |*i_0_0_124                  |            0.456711|             0.161391|           0.025066|         0.643169
193  |*i_0_0_125                  |            0.460821|             0.162381|           0.025066|         0.648268
194  |*i_0_0_126                  |            1.711578|             0.165011|           0.025066|         1.901654
195  |*i_0_0_127                  |            0.462752|             0.163483|           0.025066|         0.651301
196  |*i_0_0_128                  |            0.456925|             0.161439|           0.025066|         0.643430
197  |*i_0_0_129                  |            1.806600|             0.173367|           0.025066|         2.005033
198  |*i_0_0_130                  |            1.687062|             0.162611|           0.025066|         1.874739
199  |*i_0_0_131                  |            1.610984|             0.155444|           0.025066|         1.791494
200  |*i_0_0_132                  |            0.336346|             0.203739|           0.021200|         0.561284
201  |*i_0_0_133                  |            0.248237|             0.157897|           0.021200|         0.427334
202  |*i_0_0_134                  |            0.227462|             0.147173|           0.021200|         0.395835
203  |*i_0_0_135                  |            0.411171|             0.145029|           0.025066|         0.581267
204  |*i_0_0_136                  |            0.406973|             0.149182|           0.034566|         0.590722
205  |*i_0_0_137                  |            0.206308|             0.274961|           0.021200|         0.502469
206  |*i_0_0_138                  |            0.427179|             0.159852|           0.022619|         0.609650
207  |*i_0_0_139                  |            0.212929|             0.139446|           0.017393|         0.369768
208  |*i_0_0_140                  |            0.189060|             0.243996|           0.018105|         0.451161
209  |*i_0_0_141                  |            0.680958|             0.667999|           0.048314|         1.397271
210  |*i_0_0_142                  |            0.343416|             0.146887|           0.041741|         0.532045
211  |*i_0_0_143                  |            0.701313|             0.299789|           0.041741|         1.042843
212  |*i_0_0_144                  |            0.583720|             0.234130|           0.041741|         0.859591
213  |*i_0_0_145                  |            0.584898|             0.229026|           0.041741|         0.855665
214  |*i_0_0_146                  |            0.161413|             0.233218|           0.017393|         0.412025
215  |*i_0_0_147                  |            0.680139|             0.598690|           0.048314|         1.327143
216  |*i_0_0_148                  |            0.343581|             0.146887|           0.041741|         0.532209
217  |*i_0_0_149                  |            0.701830|             0.299789|           0.041741|         1.043360
218  |*i_0_0_150                  |            0.583720|             0.234130|           0.041741|         0.859591
219  |*i_0_0_151                  |            0.518614|             0.229026|           0.041741|         0.789381
220  |*i_0_0_152                  |            0.239924|             0.578865|           0.021200|         0.839988
221  |*i_0_0_153                  |            0.271282|             0.069140|           0.024415|         0.364836
222  |*i_0_0_154                  |            0.215629|             0.115597|           0.025066|         0.356292
223  |*i_0_0_155                  |            0.080390|             0.232926|           0.025066|         0.338382
224  |*i_0_0_156                  |            0.410146|             0.287787|           0.014353|         0.712286
225  |*i_0_0_157                  |            0.288207|             0.581225|           0.032612|         0.902044
226  |*i_0_0_158                  |            0.042004|             0.630904|           0.014353|         0.687261
227  |*i_0_0_159                  |            0.103309|             0.632639|           0.032612|         0.768560
228  |*i_0_0_160                  |            0.090707|             0.604955|           0.021200|         0.716862
229  |*i_0_0_161                  |            0.068883|             0.476851|           0.014353|         0.560087
230  |*i_0_0_162                  |            0.166978|             0.955908|           0.032612|         1.155498
231  |*i_0_0_163                  |            0.109360|             0.519958|           0.022619|         0.651938
232  |*i_0_0_164                  |            0.016663|             0.027683|           0.017393|         0.061740
233  |*i_0_0_165                  |            0.121285|             0.572502|           0.022619|         0.716406
234  |*i_0_0_166                  |            0.023349|             0.046643|           0.017393|         0.087386
235  |*i_0_0_167                  |            0.125686|             0.349302|           0.022619|         0.497607
236  |*i_0_0_168                  |            0.038409|             0.076073|           0.017393|         0.131875
237  |*i_0_0_169                  |            0.167431|             0.312151|           0.034026|         0.513608
238  |*i_0_0_170                  |            0.166419|             0.392950|           0.032612|         0.591981
239  |*i_0_0_171                  |            0.228982|             0.833254|           0.034026|         1.096262
240  |*i_0_0_172                  |            0.166611|             0.393551|           0.032612|         0.592774
241  |*i_0_0_173                  |            0.235899|             0.861681|           0.034026|         1.131606
242  |*i_0_0_174                  |            0.166655|             0.395739|           0.032612|         0.595006
243  |*i_0_0_175                  |            0.264916|             0.939341|           0.034026|         1.238283
244  |*i_0_0_176                  |            0.237391|             0.610828|           0.032612|         0.880831
245  |*i_0_0_177                  |            0.267477|             0.503573|           0.034026|         0.805076
246  |*i_0_0_178                  |            0.244851|             0.635189|           0.032612|         0.912653
247  |*i_0_0_179                  |            0.321131|             1.161052|           0.034026|         1.516209
248  |*i_0_0_180                  |            0.242440|             0.631531|           0.032612|         0.906583
249  |*i_0_0_181                  |            0.327835|             1.189967|           0.034026|         1.551828
250  |*i_0_0_182                  |            0.244953|             0.635267|           0.032612|         0.912832
251  |*i_0_0_183                  |            0.112768|             1.813773|           0.021200|         1.947741
252  |*i_0_0_184                  |            0.350288|             1.250503|           0.034026|         1.634817
253  |*i_0_0_185                  |            0.342029|             0.836206|           0.032612|         1.210847
254  |*i_0_0_186                  |            0.482233|             1.201654|           0.032612|         1.716499
255  |*i_0_0_187                  |            0.351436|             0.666824|           0.034026|         1.052287
256  |*i_0_0_188                  |            0.360857|             0.861883|           0.032612|         1.255352
257  |*i_0_0_189                  |            0.293720|             1.241989|           0.022619|         1.558328
258  |*i_0_0_190                  |            0.174383|             0.321746|           0.017393|         0.513522
259  |*i_0_0_191                  |            0.360444|             0.853521|           0.032612|         1.246577
260  |*i_0_0_192                  |            0.356130|             0.845046|           0.034026|         1.235202
261  |*i_0_0_193                  |            0.363803|             0.860646|           0.032612|         1.257061
262  |*i_0_0_194                  |            0.285611|             0.672620|           0.022619|         0.980850
263  |*i_0_0_195                  |            0.066081|             0.125274|           0.017393|         0.208748
264  |*i_0_0_196                  |            0.282498|             0.784117|           0.022619|         1.089235
265  |*i_0_0_197                  |            0.133368|             0.239619|           0.017393|         0.390381
266  |*i_0_0_198                  |            0.496650|             1.161204|           0.032612|         1.690466
267  |*i_0_0_199                  |            0.360395|             1.155352|           0.034026|         1.549773
268  |*i_0_0_200                  |            0.389610|             0.877734|           0.032612|         1.299956
269  |*i_0_0_201                  |            0.410837|             1.697946|           0.022619|         2.131402
270  |*i_0_0_202                  |            0.269207|             0.480646|           0.017393|         0.767246
271  |*i_0_0_203                  |            0.394454|             0.874489|           0.032612|         1.301555
272  |*i_0_0_204                  |            0.301542|             0.853789|           0.022619|         1.177951
273  |*i_0_0_205                  |            0.187726|             0.344856|           0.017393|         0.549975
274  |*i_0_0_206                  |            0.394437|             0.879541|           0.032612|         1.306590
275  |*i_0_0_207                  |            0.223080|             3.541096|           0.021200|         3.785376
276  |*i_0_0_208                  |            0.334777|             0.767497|           0.022619|         1.124893
277  |*i_0_0_209                  |            0.121187|             0.221379|           0.017393|         0.359959
278  |*i_0_0_210                  |            0.445834|             1.039491|           0.032612|         1.517938
279  |*i_0_0_211                  |            0.351924|             0.851793|           0.032612|         1.236329
280  |*i_0_0_212                  |            0.187708|             1.153013|           0.014353|         1.355074
281  |*i_0_0_213                  |            0.355294|             2.557288|           0.032612|         2.945194
282  |*i_0_0_214                  |            0.314373|             0.864411|           0.022619|         1.201403
283  |*i_0_0_215                  |            0.135903|             0.251800|           0.017393|         0.405096
284  |*i_0_0_216                  |            0.337830|             0.944355|           0.022619|         1.304804
285  |*i_0_0_217                  |            0.296166|             0.341640|           0.032612|         0.670418
286  |*i_0_0_218                  |            0.358890|             1.496669|           0.022619|         1.878178
287  |*i_0_0_219                  |            0.232119|             0.410499|           0.017393|         0.660011
288  |*i_0_0_220                  |            0.404034|             0.890812|           0.032612|         1.327458
289  |*i_0_0_221                  |            0.337841|             0.983970|           0.022619|         1.344430
290  |*i_0_0_222                  |            0.296238|             0.341640|           0.032612|         0.670490
291  |*i_0_0_223                  |            0.268255|             1.157982|           0.014353|         1.440590
292  |*i_0_0_224                  |            0.442914|             3.495454|           0.032612|         3.970979
293  |*i_0_0_225                  |            0.314190|             0.901281|           0.022619|         1.238090
294  |*i_0_0_226                  |            0.135917|             0.251823|           0.017393|         0.405134
295  |*i_0_0_227                  |            0.338073|             0.944499|           0.022619|         1.305191
296  |*i_0_0_228                  |            0.293059|             0.346948|           0.032612|         0.672619
297  |*i_0_0_229                  |            0.366780|             0.849863|           0.022619|         1.239262
298  |*i_0_0_230                  |            0.093813|             0.169862|           0.017393|         0.281069
299  |*i_0_0_231                  |            0.452817|             0.964794|           0.034026|         1.451637
300  |*i_0_0_232                  |            0.381277|             1.004100|           0.032612|         1.417990
301  |*i_0_0_233                  |            0.273616|             1.680708|           0.014353|         1.968677
302  |*i_0_0_234                  |            0.617867|             3.727673|           0.032612|         4.378152
303  |*i_0_0_235                  |            0.533312|             1.242694|           0.032612|         1.808619
304  |*i_0_0_236                  |            0.549215|             0.942726|           0.047399|         1.539339
305  |*i_0_0_237                  |            0.425296|             2.352109|           0.022619|         2.800025
306  |*i_0_0_238                  |            0.265503|             0.481978|           0.017393|         0.764874
307  |*i_0_0_239                  |            0.469777|             1.083634|           0.032612|         1.586023
308  |*i_0_0_240                  |            0.338179|             0.958754|           0.022619|         1.319552
309  |*i_0_0_241                  |            0.293316|             0.347505|           0.032612|         0.673433
310  |*i_0_0_242                  |            0.293060|             0.985869|           0.014353|         1.293282
311  |*i_0_0_243                  |            0.482331|             3.727289|           0.032612|         4.242231
312  |*i_0_0_244                  |            0.533245|             1.209993|           0.032612|         1.775850
313  |*i_0_0_245                  |            0.549599|             0.943024|           0.047399|         1.540022
314  |*i_0_0_246                  |            0.417375|             1.194561|           0.022619|         1.634555
315  |*i_0_0_247                  |            0.116238|             0.215912|           0.017393|         0.349543
316  |*i_0_0_248                  |            0.394202|             1.061867|           0.022619|         1.478688
317  |*i_0_0_249                  |            0.278726|             0.420812|           0.017393|         0.716932
318  |*i_0_0_250                  |            0.503401|             1.086715|           0.032612|         1.622727
319  |*i_0_0_251                  |            0.353448|             1.039654|           0.022619|         1.415721
320  |*i_0_0_252                  |            0.180934|             0.335351|           0.017393|         0.533679
321  |*i_0_0_253                  |            1.346992|             1.213932|           0.014353|         2.575277
322  |*i_0_0_254                  |            1.964730|             3.882108|           0.032612|         5.879450
323  |*i_0_0_255                  |            0.241561|             4.352842|           0.014353|         4.608757
324  |*i_0_0_256                  |            0.599514|             3.714134|           0.032612|         4.346261
325  |*i_0_0_257                  |            0.527042|             1.231351|           0.032612|         1.791005
326  |*i_0_0_258                  |            0.695276|             1.283530|           0.043178|         2.021984
327  |*i_0_0_259                  |            0.382454|             1.478584|           0.027858|         1.888896
328  |*i_0_0_260                  |            0.247482|             0.449431|           0.021200|         0.718113
329  |*i_0_0_261                  |            0.314057|             2.673342|           0.017393|         3.004792
330  |*i_0_0_262                  |            0.413210|             0.442740|           0.032612|         0.888563
331  |*i_0_0_263                  |            0.278506|             0.313643|           0.032612|         0.624762
332  |*i_0_0_264                  |            0.482353|             1.748762|           0.034026|         2.265141
333  |*i_0_0_265                  |            0.543698|             1.203869|           0.032612|         1.780180
334  |*i_0_0_266                  |            0.745237|             1.292714|           0.047399|         2.085349
335  |*i_0_0_267                  |            0.208668|             1.188954|           0.014353|         1.411975
336  |*i_0_0_268                  |            0.501476|             3.795874|           0.034026|         4.331377
337  |*i_0_0_269                  |            1.227946|             2.947241|           0.017393|         4.192580
338  |*i_0_0_270                  |            1.688564|             0.442740|           0.032612|         2.163916
339  |*i_0_0_271                  |            1.109578|             0.313643|           0.032612|         1.455834
340  |*i_0_0_272                  |            0.271095|             1.170242|           0.014353|         1.455690
341  |*i_0_0_273                  |            0.475685|             3.532461|           0.032612|         4.040758
342  |*i_0_0_274                  |            0.412584|             1.159854|           0.022619|         1.595057
343  |*i_0_0_275                  |            0.266692|             0.417498|           0.017393|         0.701583
344  |*i_0_0_276                  |            0.695130|             1.268294|           0.043178|         2.006602
345  |*i_0_0_277                  |            0.382454|             1.478584|           0.027858|         1.888896
346  |*i_0_0_278                  |            0.247967|             0.449431|           0.021200|         0.718598
347  |*i_0_0_279                  |            0.313261|             2.886925|           0.017393|         3.217579
348  |*i_0_0_280                  |            0.413210|             0.442740|           0.032612|         0.888563
349  |*i_0_0_281                  |            0.278506|             0.313643|           0.032612|         0.624762
350  |*i_0_0_282                  |            0.575866|             0.978760|           0.034026|         1.588652
351  |*i_0_0_283                  |            0.504855|             1.155495|           0.032612|         1.692962
352  |*i_0_0_284                  |            0.756980|             1.263196|           0.047399|         2.067575
353  |*i_0_0_285                  |            0.208764|             0.370255|           0.014353|         0.593373
354  |*i_0_0_286                  |            0.508202|             4.033039|           0.032612|         4.573853
355  |*i_0_0_287                  |            0.211192|             1.798096|           0.014353|         2.023641
356  |*i_0_0_288                  |            0.317729|             4.016010|           0.017393|         4.351133
357  |*i_0_0_289                  |            0.453979|             0.485667|           0.032612|         0.972258
358  |*i_0_0_290                  |            0.249046|             0.253229|           0.032612|         0.534887
359  |*i_0_0_291                  |            0.426066|             1.635491|           0.022619|         2.084177
360  |*i_0_0_292                  |            0.132230|             0.244763|           0.017393|         0.394387
361  |*i_0_0_293                  |            0.414784|             1.149441|           0.022619|         1.586843
362  |*i_0_0_294                  |            0.261912|             0.416009|           0.017393|         0.695314
363  |*i_0_0_295                  |            0.695244|             1.268358|           0.043178|         2.006781
364  |*i_0_0_296                  |            0.382084|             1.436024|           0.027858|         1.845966
365  |*i_0_0_297                  |            0.247541|             0.449431|           0.021200|         0.718172
366  |*i_0_0_298                  |            0.316001|             2.151728|           0.017393|         2.485122
367  |*i_0_0_299                  |            0.413210|             0.442740|           0.032612|         0.888563
368  |*i_0_0_300                  |            0.278505|             0.313643|           0.032612|         0.624761
369  |*i_0_0_301                  |            0.555840|             1.779820|           0.034026|         2.369687
370  |*i_0_0_302                  |            0.538367|             1.208188|           0.032612|         1.779166
371  |*i_0_0_303                  |            0.745219|             1.275885|           0.047399|         2.068503
372  |*i_0_0_304                  |            0.209178|             1.146943|           0.014353|         1.370474
373  |*i_0_0_305                  |            0.502859|             3.805048|           0.034026|         4.341934
374  |*i_0_0_306                  |            0.323111|             2.388378|           0.017393|         2.728882
375  |*i_0_0_307                  |            0.453979|             0.485667|           0.032612|         0.972258
376  |*i_0_0_308                  |            0.249046|             0.253229|           0.032612|         0.534887
377  |*i_0_0_309                  |            0.574605|             1.229256|           0.034026|         1.837887
378  |*i_0_0_310                  |            0.538467|             1.206155|           0.032612|         1.777233
379  |*i_0_0_311                  |            0.566625|             1.174021|           0.041741|         1.782387
380  |*i_0_0_312                  |            0.209178|             1.146943|           0.014353|         1.370474
381  |*i_0_0_313                  |            0.503219|             3.825089|           0.034026|         4.362333
382  |*i_0_0_314                  |            0.323881|             2.160873|           0.017393|         2.502147
383  |*i_0_0_315                  |            0.453979|             0.485667|           0.032612|         0.972258
384  |*i_0_0_316                  |            0.249045|             0.253229|           0.032612|         0.534886
385  |*i_0_0_317                  |            0.480892|             0.954743|           0.034026|         1.469661
386  |*i_0_0_318                  |            0.502751|             1.154360|           0.032612|         1.689723
387  |*i_0_0_319                  |            0.406241|             1.138283|           0.022619|         1.567144
388  |*i_0_0_320                  |            0.381496|             0.473604|           0.032612|         0.887712
389  |*i_0_0_321                  |            0.515512|             1.209840|           0.032612|         1.757964
390  |*i_0_0_322                  |            0.209905|             1.204155|           0.014353|         1.428414
391  |*i_0_0_323                  |            0.309336|             4.027168|           0.017393|         4.353898
392  |*i_0_0_324                  |            0.413210|             0.442740|           0.032612|         0.888563
393  |*i_0_0_325                  |            0.278505|             0.313643|           0.032612|         0.624761
394  |*i_0_0_326                  |            0.475407|             1.550199|           0.034026|         2.059632
395  |*i_0_0_327                  |            0.538732|             1.210574|           0.032612|         1.781918
396  |*i_0_0_328                  |            0.506487|             1.232386|           0.034566|         1.773439
397  |*i_0_0_329                  |            0.382086|             0.341281|           0.034026|         0.757393
398  |*i_0_0_330                  |            0.209863|             0.986504|           0.014353|         1.210720
399  |*i_0_0_331                  |            0.309359|             4.043363|           0.017393|         4.370115
400  |*i_0_0_332                  |            0.413210|             0.442740|           0.032612|         0.888563
401  |*i_0_0_333                  |            0.278506|             0.313643|           0.032612|         0.624762
402  |*i_0_0_334                  |            0.476384|             1.715462|           0.034026|         2.225873
403  |*i_0_0_335                  |            0.537700|             1.211260|           0.032612|         1.781572
404  |*i_0_0_336                  |            0.487460|             1.219270|           0.034566|         1.741296
405  |*i_0_0_337                  |            0.382227|             0.341258|           0.034026|         0.757511
406  |*i_0_0_338                  |            0.315979|             1.786020|           0.017393|         2.119392
407  |*i_0_0_339                  |            0.413210|             0.442740|           0.032612|         0.888563
408  |*i_0_0_340                  |            0.278506|             0.313643|           0.032612|         0.624762
409  |*i_0_0_341                  |            0.542028|             1.146428|           0.034026|         1.722482
410  |*i_0_0_342                  |            0.489866|             1.135315|           0.032612|         1.657792
411  |*i_0_0_343                  |            0.500198|             1.286506|           0.034566|         1.821270
412  |*i_0_0_344                  |            0.380892|             0.332030|           0.034026|         0.746949
413  |*i_0_0_345                  |            0.209863|             0.986504|           0.014353|         1.210720
414  |*i_0_0_346                  |            0.309336|             4.027168|           0.017393|         4.353898
415  |*i_0_0_347                  |            0.413210|             0.442740|           0.032612|         0.888563
416  |*i_0_0_348                  |            0.278506|             0.313643|           0.032612|         0.624762
417  |*i_0_0_349                  |            0.541077|             0.917831|           0.034026|         1.492934
418  |*i_0_0_350                  |            0.490288|             1.135370|           0.032612|         1.658270
419  |*i_0_0_351                  |            0.487555|             1.252315|           0.034566|         1.774436
420  |*i_0_0_352                  |            0.382086|             0.341281|           0.034026|         0.757393
421  |*i_0_0_353                  |            0.209892|             0.977812|           0.014353|         1.202057
422  |*i_0_0_354                  |            0.299333|             4.616722|           0.017393|         4.933449
423  |*i_0_0_355                  |            0.321490|             0.349014|           0.032612|         0.703116
424  |*i_0_0_356                  |            0.380657|             0.409718|           0.032612|         0.822986
425  |*i_0_0_357                  |            0.495464|             1.426255|           0.034026|         1.955745
426  |*i_0_0_358                  |            0.488533|             1.132703|           0.032612|         1.653848
427  |*i_0_0_359                  |            0.500237|             1.286596|           0.034566|         1.821399
428  |*i_0_0_360                  |            0.381024|             0.332087|           0.034026|         0.747136
429  |*i_0_0_361                  |            0.209863|             0.986504|           0.014353|         1.210720
430  |*i_0_0_362                  |            0.309823|             3.809187|           0.017393|         4.136404
431  |*i_0_0_363                  |            0.413210|             0.442740|           0.032612|         0.888563
432  |*i_0_0_364                  |            0.278506|             0.313643|           0.032612|         0.624762
433  |*i_0_0_365                  |            0.441180|             2.056600|           0.034026|         2.531806
434  |*i_0_0_366                  |            0.488900|             1.132047|           0.032612|         1.653559
435  |*i_0_0_367                  |            0.487575|             1.252351|           0.034566|         1.774492
436  |*i_0_0_368                  |            0.382304|             0.341311|           0.034026|         0.757640
437  |*i_0_0_369                  |            0.315925|             1.769824|           0.017393|         2.103142
438  |*i_0_0_370                  |            0.413210|             0.442740|           0.032612|         0.888563
439  |*i_0_0_371                  |            0.278506|             0.313643|           0.032612|         0.624762
440  |*i_0_0_372                  |            0.160832|             1.306145|           0.021200|         1.488176
441  |*i_0_0_373                  |            0.487719|             1.335400|           0.034026|         1.857146
442  |*i_0_0_374                  |            0.454672|             1.021340|           0.032612|         1.508625
443  |*i_0_0_375                  |            0.385728|             1.102496|           0.022619|         1.510844
444  |*i_0_0_376                  |            0.308849|             0.437583|           0.027858|         0.774291
445  |*i_0_0_377                  |            0.315244|             1.566418|           0.017393|         1.899055
446  |*i_0_0_378                  |            0.413210|             0.442740|           0.032612|         0.888563
447  |*i_0_0_379                  |            0.278506|             0.313643|           0.032612|         0.624762
448  |*i_0_0_380                  |            0.486219|             1.016752|           0.034026|         1.536997
449  |*i_0_0_381                  |            0.454730|             1.021974|           0.032612|         1.509316
450  |*i_0_0_382                  |            0.399877|             1.103210|           0.022619|         1.525707
451  |*i_0_0_383                  |            0.308657|             0.437583|           0.027858|         0.774099
452  |*i_0_0_384                  |            0.315886|             1.758263|           0.017393|         2.091543
453  |*i_0_0_385                  |            0.413210|             0.442740|           0.032612|         0.888563
454  |*i_0_0_386                  |            0.278506|             0.313643|           0.032612|         0.624762
455  |*i_0_0_387                  |            0.527615|             1.677064|           0.034026|         2.238705
456  |*i_0_0_388                  |            0.454246|             1.021342|           0.032612|         1.508200
457  |*i_0_0_389                  |            0.387627|             1.104434|           0.022619|         1.514680
458  |*i_0_0_390                  |            0.309008|             0.445013|           0.027858|         0.781879
459  |*i_0_0_391                  |            0.209911|             1.157515|           0.014353|         1.381779
460  |*i_0_0_392                  |            0.296669|             4.379655|           0.017393|         4.693717
461  |*i_0_0_393                  |            0.278719|             0.325584|           0.032612|         0.636915
462  |*i_0_0_394                  |            0.413452|             0.426503|           0.032612|         0.872567
463  |*i_0_0_395                  |            0.527257|             1.638200|           0.034026|         2.199483
464  |*i_0_0_396                  |            0.452910|             1.018519|           0.032612|         1.504040
465  |*i_0_0_397                  |            0.387289|             1.089584|           0.022619|         1.499493
466  |*i_0_0_398                  |            0.308974|             0.444963|           0.027858|         0.781795
467  |*i_0_0_399                  |            0.209863|             1.544945|           0.014353|         1.769161
468  |*i_0_0_400                  |            0.309325|             4.019104|           0.017393|         4.345822
469  |*i_0_0_401                  |            0.413210|             0.442740|           0.032612|         0.888563
470  |*i_0_0_402                  |            0.278506|             0.313643|           0.032612|         0.624762
471  |*i_0_0_403                  |            0.531128|             1.670499|           0.034026|         2.235653
472  |*i_0_0_404                  |            0.504924|             1.115192|           0.032612|         1.652728
473  |*i_0_0_405                  |            0.387737|             1.119276|           0.022619|         1.529632
474  |*i_0_0_406                  |            0.308974|             0.444963|           0.027858|         0.781795
475  |*i_0_0_407                  |            0.209964|             1.157805|           0.014353|         1.382122
476  |*i_0_0_408                  |            0.298996|             4.378463|           0.017393|         4.694853
477  |*i_0_0_409                  |            0.321490|             0.349014|           0.032612|         0.703116
478  |*i_0_0_410                  |            0.380657|             0.409718|           0.032612|         0.822986
479  |*i_0_0_411                  |            0.530563|             1.678764|           0.034026|         2.243354
480  |*i_0_0_412                  |            0.504942|             1.115209|           0.032612|         1.652764
481  |*i_0_0_413                  |            0.387716|             1.119218|           0.022619|         1.529553
482  |*i_0_0_414                  |            0.309008|             0.445013|           0.027858|         0.781879
483  |*i_0_0_415                  |            0.209907|             1.189071|           0.014353|         1.413331
484  |*i_0_0_416                  |            0.309325|             4.019104|           0.017393|         4.345822
485  |*i_0_0_417                  |            0.413210|             0.442740|           0.032612|         0.888563
486  |*i_0_0_418                  |            0.278506|             0.313643|           0.032612|         0.624762
487  |*i_0_0_419                  |            0.553875|             0.932300|           0.034026|         1.520201
488  |*i_0_0_420                  |            0.506849|             1.120284|           0.032612|         1.659745
489  |*i_0_0_421                  |            0.386095|             1.117610|           0.022619|         1.526324
490  |*i_0_0_422                  |            0.308536|             0.437653|           0.027858|         0.774047
491  |*i_0_0_423                  |            0.306837|             1.929144|           0.017393|         2.253375
492  |*i_0_0_424                  |            0.321490|             0.349014|           0.032612|         0.703116
493  |*i_0_0_425                  |            0.380657|             0.409718|           0.032612|         0.822986
494  |*i_0_0_426                  |            0.557977|             1.747853|           0.034026|         2.339857
495  |*i_0_0_427                  |            0.504924|             1.115192|           0.032612|         1.652728
496  |*i_0_0_428                  |            0.387517|             1.119276|           0.022619|         1.529413
497  |*i_0_0_429                  |            0.308974|             0.444963|           0.027858|         0.781795
498  |*i_0_0_430                  |            0.186996|             2.655091|           0.021200|         2.863286
499  |*i_0_0_431                  |            0.209916|             1.545332|           0.014353|         1.769601
500  |*i_0_0_432                  |            0.298489|             4.020112|           0.017393|         4.335994
501  |*i_0_0_433                  |            0.321490|             0.349014|           0.032612|         0.703116
502  |*i_0_0_434                  |            0.380657|             0.409718|           0.032612|         0.822986
503  |*i_0_0_435                  |            0.555739|             1.177479|           0.034026|         1.767245
504  |*i_0_0_436                  |            0.514447|             1.177597|           0.032612|         1.724656
505  |*i_0_0_437                  |            0.414445|             1.186252|           0.027858|         1.628556
506  |*i_0_0_438                  |            0.209862|             1.548501|           0.014353|         1.772716
507  |*i_0_0_439                  |            0.296758|             3.809799|           0.017393|         4.123951
508  |*i_0_0_440                  |            0.278352|             0.325584|           0.032612|         0.636548
509  |*i_0_0_441                  |            0.413452|             0.426503|           0.032612|         0.872567
510  |*i_0_0_442                  |            0.554724|             0.942691|           0.034026|         1.531441
511  |*i_0_0_443                  |            0.513884|             1.177654|           0.032612|         1.724150
512  |*i_0_0_444                  |            0.444430|             1.202846|           0.027858|         1.675134
513  |*i_0_0_445                  |            0.682308|             1.832278|           0.041741|         2.556327
514  |*i_0_0_446                  |            0.246064|             0.333820|           0.014353|         0.594237
515  |*i_0_0_447                  |            0.441583|             2.940549|           0.032612|         3.414744
516  |*i_0_0_448                  |            0.533467|             1.537009|           0.034026|         2.104501
517  |*i_0_0_449                  |            0.514453|             1.177607|           0.032612|         1.724671
518  |*i_0_0_450                  |            0.415116|             1.186313|           0.027858|         1.629288
519  |*i_0_0_451                  |            0.208878|             0.598427|           0.014353|         0.821658
520  |*i_0_0_452                  |            0.299851|             4.981972|           0.017393|         5.299216
521  |*i_0_0_453                  |            0.321490|             0.349014|           0.032612|         0.703116
522  |*i_0_0_454                  |            0.380655|             0.409718|           0.032612|         0.822985
523  |*i_0_0_455                  |            0.538995|             2.255895|           0.034026|         2.828916
524  |*i_0_0_456                  |            0.514447|             1.177597|           0.032612|         1.724656
525  |*i_0_0_457                  |            0.414554|             1.186252|           0.027858|         1.628665
526  |*i_0_0_458                  |            0.209885|             1.366647|           0.014353|         1.590885
527  |*i_0_0_459                  |            0.296175|             4.032694|           0.017393|         4.346262
528  |*i_0_0_460                  |            0.278719|             0.325584|           0.032612|         0.636915
529  |*i_0_0_461                  |            0.413452|             0.426503|           0.032612|         0.872567
530  |*i_0_0_462                  |            0.530393|             1.469178|           0.034026|         2.033597
531  |*i_0_0_463                  |            0.363911|             1.074453|           0.027858|         1.466223
532  |*i_0_0_464                  |            0.415284|             1.208737|           0.027858|         1.651880
533  |*i_0_0_465                  |            0.208826|             0.598277|           0.014353|         0.821456
534  |*i_0_0_466                  |            0.297527|             4.983012|           0.017393|         5.297932
535  |*i_0_0_467                  |            0.278719|             0.325584|           0.032612|         0.636915
536  |*i_0_0_468                  |            0.413452|             0.426503|           0.032612|         0.872567
537  |*i_0_0_469                  |            0.528911|             1.119251|           0.034026|         1.682187
538  |*i_0_0_470                  |            0.363867|             1.074467|           0.027858|         1.466193
539  |*i_0_0_471                  |            0.414625|             1.192703|           0.027858|         1.635186
540  |*i_0_0_472                  |            0.209938|             1.366990|           0.014353|         1.591281
541  |*i_0_0_473                  |            0.298508|             4.033706|           0.017393|         4.349607
542  |*i_0_0_474                  |            0.321490|             0.349014|           0.032612|         0.703116
543  |*i_0_0_475                  |            0.380657|             0.409718|           0.032612|         0.822986
544  |*i_0_0_476                  |            0.469852|             5.063655|           0.027858|         5.561366
545  |*i_0_0_477                  |            0.363970|             1.087700|           0.027858|         1.479528
546  |*i_0_0_478                  |            0.414902|             1.208799|           0.027858|         1.651559
547  |*i_0_0_479                  |            0.209961|             1.179027|           0.014353|         1.403341
548  |*i_0_0_480                  |            0.307644|             4.379138|           0.017393|         4.704176
549  |*i_0_0_481                  |            0.380458|             0.425316|           0.032612|         0.838386
550  |*i_0_0_482                  |            0.321368|             0.336214|           0.032612|         0.690194
551  |*i_0_0_483                  |            0.449200|             1.299463|           0.027858|         1.776521
552  |*i_0_0_484                  |            0.363966|             1.087685|           0.027858|         1.479509
553  |*i_0_0_485                  |            0.414737|             1.208737|           0.027858|         1.651332
554  |*i_0_0_486                  |            0.209885|             1.366647|           0.014353|         1.590885
555  |*i_0_0_487                  |            0.296175|             4.032694|           0.017393|         4.346262
556  |*i_0_0_488                  |            0.278719|             0.325584|           0.032612|         0.636915
557  |*i_0_0_489                  |            0.413452|             0.426503|           0.032612|         0.872567
558  |*i_0_0_490                  |            0.322024|             4.535222|           0.021200|         4.878445
559  |*i_0_0_491                  |            0.188123|             1.326012|           0.021200|         1.535334
560  |*i_0_0_492                  |            0.341507|             1.245891|           0.021200|         1.608598
561  |*i_0_0_493                  |            0.209889|             1.762381|           0.014353|         1.986623
562  |*i_0_0_494                  |            0.304889|             8.539620|           0.017393|         8.861902
563  |*i_0_0_495                  |            0.321010|             0.349014|           0.032612|         0.702636
564  |*i_0_0_496                  |            0.380657|             0.409718|           0.032612|         0.822986
565  |*i_0_0_497                  |            0.236045|             7.369363|           0.026832|         7.632240
566  |*i_0_0_498                  |            0.265212|             9.380610|           0.026832|         9.672654
567  |*i_0_0_499                  |            1.777109|            14.863938|           0.025066|        16.666113
568  |*i_0_0_500                  |            2.254411|            18.820103|           0.025066|        21.099581
569  |*i_0_0_501                  |            1.626335|             0.914721|           0.014353|         2.555409
570  |*i_0_0_502                  |            2.271458|             4.451755|           0.018127|         6.741341
571  |*i_0_0_503                  |            0.179141|             0.194954|           0.027858|         0.401953
572  |*i_0_0_504                  |            0.121394|             0.173068|           0.026832|         0.321293
573  |*i_0_0_505                  |            0.586290|             0.577624|           0.032612|         1.196526
574  |*i_0_0_506                  |            0.181816|             0.190534|           0.027858|         0.400208
575  |*i_0_0_507                  |            0.121394|             0.173068|           0.026832|         0.321293
576  |*i_0_0_508                  |            0.586290|             0.577624|           0.032612|         1.196526
577  |*i_0_0_509                  |            0.080212|             0.673303|           0.014353|         0.767868
578  |*i_0_0_510                  |            0.114057|             1.758299|           0.017393|         1.889750
579  |*i_0_0_511                  |            0.179589|             3.083566|           0.021200|         3.284354
580  |*i_0_0_512                  |            0.079169|             0.070049|           0.024415|         0.173632
581  |*i_0_0_513                  |            0.430425|             0.248547|           0.032612|         0.711583
582  |*i_0_0_514                  |            7.304537|             0.440762|           0.014353|         7.759653
583  |*i_0_0_515                  |            0.627517|             2.710394|           0.048314|         3.386225
584  |*i_0_0_516                  |            1.055394|             0.207878|           0.041741|         1.305013
585  |*i_0_0_517                  |            0.927297|             0.211933|           0.041741|         1.180970
586  |*i_0_0_518                  |            0.927278|             0.208442|           0.041741|         1.177462
587  |*i_0_0_519                  |            0.526803|             0.214885|           0.041741|         0.783430
588  |*i_0_0_520                  |            2.096318|             0.646197|           0.032612|         2.775127
589  |*i_0_0_521                  |            0.217931|             1.201374|           0.014353|         1.433658
590  |*i_0_0_522                  |            2.059376|             4.796311|           0.018127|         6.873815
591  |*i_0_0_523                  |            3.036953|             0.183252|           0.014353|         3.234559
592  |*i_0_0_524                  |            0.218717|             1.126880|           0.048314|         1.393912
593  |*i_0_0_525                  |            0.441390|             0.351185|           0.041741|         0.834316
594  |*i_0_0_526                  |            0.406244|             0.225836|           0.048314|         0.680394
595  |*i_0_0_527                  |            0.460957|             0.390874|           0.024415|         0.876246
596  |*i_0_0_528                  |            0.513137|             0.270007|           0.041741|         0.824886
597  |*i_0_0_529                  |            0.377669|             0.261409|           0.027858|         0.666937
598  |*i_0_0_530                  |            0.111246|             0.096962|           0.024415|         0.232622
599  |*i_0_0_531                  |            0.727828|             0.320580|           0.047399|         1.095808
600  |*i_0_0_532                  |            0.590284|             0.269968|           0.032612|         0.892864
601  |*i_0_0_533                  |            0.054489|             0.445339|           0.026832|         0.526659
602  |*i_0_0_534                  |            0.125167|             1.696656|           0.014353|         1.836176
603  |*i_0_0_535                  |            0.186123|             5.996972|           0.017393|         6.200488
604  |*i_0_0_536                  |            0.900084|             0.198494|           0.032612|         1.131190
605  |*i_0_0_537                  |            4.772816|             6.569990|           0.014353|        11.357158
606  |*i_0_0_538                  |            0.880497|             6.675270|           0.017393|         7.573160
607  |*i_0_0_539                  |            3.834350|             5.420990|           0.014353|         9.269693
608  |*i_0_0_540                  |            0.704233|             5.159247|           0.017393|         5.880874
609  |*i_0_0_541                  |            0.597414|             0.309631|           0.032612|         0.939658
610  |*i_0_0_542                  |            0.590296|             0.268864|           0.032612|         0.891773
611  |*i_0_0_543                  |            0.050038|             0.126451|           0.026832|         0.203321
612  |*i_0_0_544                  |            0.124958|             4.379876|           0.014353|         4.519187
613  |*i_0_0_545                  |            0.185453|             4.622315|           0.017393|         4.825161
614  |*i_0_0_546                  |            0.168521|             0.914590|           0.014353|         1.097464
615  |*i_0_0_547                  |            0.475122|             1.072963|           0.014353|         1.562439
616  |*i_0_0_548                  |            0.215076|             3.005227|           0.014353|         3.234656
617  |*i_0_0_549                  |            0.030349|            93.167702|           0.014353|        93.212410
618  |*i_0_0_550                  |            0.148584|             0.813852|           0.014353|         0.976788
619  |*i_0_0_551                  |            5.461758|            31.837534|           0.014353|        37.313644
620  |*i_0_0_552                  |            0.148038|            20.036165|           0.014353|        20.198559
621  |*i_0_0_553                  |            4.540621|             6.991416|           0.014353|        11.546391
622  |*i_0_0_554                  |            0.148106|             3.206924|           0.014353|         3.369384
623  |*adder_reg[63]              |            1.320287|             0.577439|           0.079112|         1.976838
624  |*adder_reg[62]              |            1.333817|             1.702626|           0.079112|         3.115555
625  |*adder_reg[61]              |            1.333639|             1.521963|           0.079112|         2.934714
626  |*adder_reg[60]              |            1.329660|             1.087417|           0.079112|         2.496188
627  |*adder_reg[59]              |            1.335050|             3.517070|           0.079112|         4.931232
628  |*adder_reg[58]              |            1.329332|             1.058441|           0.079112|         2.466886
629  |*adder_reg[57]              |            1.332257|             1.317232|           0.079112|         2.728602
630  |*adder_reg[56]              |            1.333992|             1.879405|           0.079112|         3.292509
631  |*adder_reg[55]              |            1.332625|             1.349811|           0.079112|         2.761548
632  |*adder_reg[54]              |            1.327540|             0.899869|           0.079112|         2.306521
633  |*adder_reg[53]              |            1.329332|             1.058441|           0.079112|         2.466886
634  |*adder_reg[52]              |            1.333587|             1.469767|           0.079112|         2.882467
635  |*adder_reg[51]              |            1.327540|             0.899869|           0.079112|         2.306521
636  |*adder_reg[50]              |            1.333593|             1.475805|           0.079112|         2.888510
637  |*adder_reg[49]              |            1.333602|             1.484785|           0.079112|         2.897500
638  |*adder_reg[48]              |            1.333587|             1.469767|           0.079112|         2.882467
639  |*adder_reg[47]              |            1.333631|             1.513934|           0.079112|         2.926677
640  |*adder_reg[46]              |            1.329332|             1.058441|           0.079112|         2.466886
641  |*adder_reg[45]              |            1.332257|             1.317232|           0.079112|         2.728602
642  |*adder_reg[44]              |            1.333992|             1.879405|           0.079112|         3.292509
643  |*adder_reg[43]              |            1.332625|             1.349811|           0.079112|         2.761548
644  |*adder_reg[42]              |            1.327540|             0.899869|           0.079112|         2.306521
645  |*adder_reg[41]              |            1.329332|             1.058441|           0.079112|         2.466886
646  |*adder_reg[40]              |            1.333587|             1.469767|           0.079112|         2.882467
647  |*adder_reg[39]              |            1.332625|             1.349811|           0.079112|         2.761548
648  |*adder_reg[38]              |            1.327540|             0.899869|           0.079112|         2.306521
649  |*adder_reg[37]              |            1.329332|             1.058441|           0.079112|         2.466886
650  |*adder_reg[36]              |            1.333587|             1.469767|           0.079112|         2.882467
651  |*adder_reg[35]              |            1.332625|             1.349811|           0.079112|         2.761548
652  |*adder_reg[34]              |            1.327540|             0.899869|           0.079112|         2.306521
653  |*adder_reg[33]              |            1.329332|             1.058441|           0.079112|         2.466886
654  |*adder_reg[32]              |            1.333587|             1.469767|           0.079112|         2.882467
655  |*adder_reg[31]              |            1.334994|             3.090769|           0.079112|         4.504875
656  |*adder_reg[30]              |            1.329332|             1.058441|           0.079112|         2.466886
657  |*adder_reg[29]              |            1.327540|             0.899869|           0.079112|         2.306521
658  |*adder_reg[28]              |            1.334009|             1.896318|           0.079112|         3.309439
659  |*adder_reg[27]              |            1.332625|             1.349811|           0.079112|         2.761548
660  |*adder_reg[26]              |            1.327540|             0.899869|           0.079112|         2.306521
661  |*adder_reg[25]              |            1.329332|             1.058441|           0.079112|         2.466886
662  |*adder_reg[24]              |            1.333587|             1.469767|           0.079112|         2.882467
663  |*adder_reg[23]              |            1.332625|             1.349811|           0.079112|         2.761548
664  |*adder_reg[22]              |            1.327540|             0.899869|           0.079112|         2.306521
665  |*adder_reg[21]              |            1.329332|             1.058441|           0.079112|         2.466886
666  |*adder_reg[20]              |            1.333587|             1.469767|           0.079112|         2.882467
667  |*adder_reg[19]              |            1.332625|             1.349811|           0.079112|         2.761548
668  |*adder_reg[18]              |            1.327540|             0.899869|           0.079112|         2.306521
669  |*adder_reg[17]              |            1.329332|             1.058441|           0.079112|         2.466886
670  |*adder_reg[16]              |            1.333587|             1.469767|           0.079112|         2.882467
671  |*adder_reg[15]              |            1.327540|             0.899869|           0.079112|         2.306521
672  |*adder_reg[14]              |            1.333593|             1.475805|           0.079112|         2.888510
673  |*adder_reg[13]              |            1.333602|             1.484785|           0.079112|         2.897500
674  |*adder_reg[12]              |            1.333587|             1.469767|           0.079112|         2.882467
675  |*adder_reg[11]              |            1.327540|             0.899869|           0.079112|         2.306521
676  |*adder_reg[10]              |            1.333593|             1.475805|           0.079112|         2.888510
677  |*adder_reg[9]               |            1.333602|             1.484785|           0.079112|         2.897500
678  |*adder_reg[8]               |            1.333602|             1.484785|           0.079112|         2.897500
679  |*adder_reg[7]               |            1.327540|             0.899869|           0.079112|         2.306521
680  |*adder_reg[6]               |            1.333593|             1.475805|           0.079112|         2.888510
681  |*adder_reg[5]               |            1.333602|             1.484785|           0.079112|         2.897500
682  |*adder_reg[4]               |            1.333587|             1.469767|           0.079112|         2.882467
683  |*adder_reg[3]               |            1.334775|             2.671540|           0.079112|         4.085427
684  |*adder_reg[2]               |            1.333585|             1.467621|           0.079112|         2.880318
685  |*adder_reg[1]               |            1.333587|             1.469767|           0.079112|         2.882467
686  |*adder_reg[0]               |            1.329240|             1.050247|           0.079112|         2.458599
687  |*n_reg[5]                   |            1.332441|             1.333557|           0.079112|         2.745111
688  |*n_reg[4]                   |            1.328421|             0.977822|           0.079112|         2.385356
689  |*n_reg[3]                   |            1.335425|             6.371711|           0.079112|         7.786249
690  |*n_reg[2]                   |            1.335472|             6.725900|           0.079112|         8.140485
691  |*n_reg[1]                   |            1.337608|            22.978664|           0.079112|        24.395384
692  |*n_reg[0]                   |            1.606577|            38.584358|           0.079112|        40.270046
693  |*clk_gate_OP1_complement_reg|            2.104214|             0.000000|           0.059138|         2.163352
694  |*OP1_complement_reg[31]     |            1.051406|             0.332937|           0.079112|         1.463455
695  |*OP1_complement_reg[30]     |            1.061249|             0.650638|           0.079112|         1.790999
696  |*OP1_complement_reg[29]     |            1.061249|             0.650638|           0.079112|         1.790999
697  |*OP1_complement_reg[28]     |            1.061249|             0.650638|           0.079112|         1.790999
698  |*OP1_complement_reg[27]     |            1.061249|             0.650638|           0.079112|         1.790999
699  |*OP1_complement_reg[26]     |            1.061249|             0.650638|           0.079112|         1.790999
700  |*OP1_complement_reg[25]     |            1.061249|             0.650638|           0.079112|         1.790999
701  |*OP1_complement_reg[24]     |            1.061065|             0.634303|           0.079112|         1.774480
702  |*OP1_complement_reg[23]     |            1.059255|             0.542881|           0.079112|         1.681248
703  |*OP1_complement_reg[22]     |            1.061249|             0.650638|           0.079112|         1.790999
704  |*OP1_complement_reg[21]     |            1.061249|             0.650638|           0.079112|         1.790999
705  |*OP1_complement_reg[20]     |            1.061249|             0.650638|           0.079112|         1.790999
706  |*OP1_complement_reg[19]     |            1.061249|             0.650638|           0.079112|         1.790999
707  |*OP1_complement_reg[18]     |            1.061249|             0.650638|           0.079112|         1.790999
708  |*OP1_complement_reg[17]     |            1.061249|             0.650638|           0.079112|         1.790999
709  |*OP1_complement_reg[16]     |            1.061249|             0.650638|           0.079112|         1.790999
710  |*OP1_complement_reg[15]     |            1.061249|             0.650638|           0.079112|         1.790999
711  |*OP1_complement_reg[14]     |            1.061249|             0.650638|           0.079112|         1.790999
712  |*OP1_complement_reg[13]     |            1.061249|             0.650638|           0.079112|         1.790999
713  |*OP1_complement_reg[12]     |            1.061249|             0.650638|           0.079112|         1.790999
714  |*OP1_complement_reg[11]     |            1.061249|             0.650638|           0.079112|         1.790999
715  |*OP1_complement_reg[10]     |            1.061249|             0.650638|           0.079112|         1.790999
716  |*OP1_complement_reg[9]      |            1.061249|             0.650638|           0.079112|         1.790999
717  |*OP1_complement_reg[8]      |            1.061249|             0.650638|           0.079112|         1.790999
718  |*OP1_complement_reg[7]      |            1.061065|             0.634303|           0.079112|         1.774480
719  |*OP1_complement_reg[6]      |            1.061065|             0.634303|           0.079112|         1.774480
720  |*OP1_complement_reg[5]      |            1.061249|             0.650638|           0.079112|         1.790999
721  |*OP1_complement_reg[4]      |            1.061065|             0.634303|           0.079112|         1.774480
722  |*OP1_complement_reg[3]      |            1.061249|             0.650638|           0.079112|         1.790999
723  |*OP1_complement_reg[2]      |            1.061249|             0.650638|           0.079112|         1.790999
724  |*OP1_complement_reg[1]      |            1.061249|             0.650638|           0.079112|         1.790999
725  |*OP1_complement_reg[0]      |            1.061249|             0.650638|           0.079112|         1.790999
726  |*q_reg                      |            1.335018|             3.270348|           0.079112|         4.684478
727  |*clk_gate_adder_reg         |            1.251518|             0.000000|           0.059138|         1.310656
728  |                            |                    |                     |                   |                 
729  |*TOTAL                      |          692.514221|          1441.861816|          40.899124|      2175.274902
-----+----------------------------+--------------------+---------------------+-------------------+-----------------
