Report for group default
Report for group I2R
Report for group I2O
------------------------------------------------------------------------------------------------------------------------------------------------------------
Startpoint: A[7]
    (Clocked by vsysclk R)
Endpoint: OF
    (Clocked by vsysclk R)
Path Group: I2O
Data required time: 19500.0
    (Clock shift: 20000.0, minus Uncertainty: 0.0, plus Latency 0.0, minus Out delay: 500.0)
Data arrival time: 2549.1
Slack: 16950.9
Logic depth: 55
------------------------------------------------------------------------------------------------------------------------------------------------------------
                                                     Arrival               Arc      Net               Net    Total   fan-                                   
Path                     Module/Cell           Edge     Time    Delay    Delay    Delay     Slew     Load     Load    out     Location Power Domain      (V)
                                                        (ps)     (ps)     (ps)     (ps)     (ps)     (ff)     (ff)    (#)      (um,um)                      
------------------------------------------------------------------------------------------------------------------------------------------------------------
A[7]                     {set_input_delay}        r   1000.0   1000.0   1000.0                        2.3     10.0      2     0,   40                       
initialBlock/genblk1_7_f/i_0_4/B->Z
                         XOR2_X2                 rr   1072.8     72.6     72.6      0.0    100.0      0.6      7.8      2    40,   39  /PD_TOP        (1.10)
initialBlock/i_0_1/A3->ZN
                         NAND4_X4                rf   1108.1     35.3     35.3      0.0     34.7      0.3      4.5      1    40,   39  /PD_TOP        (1.10)
initialBlock/i_0_2/A2->ZN
                         NOR2_X2                 fr   1136.8     28.7     28.7      0.0     15.6      0.3      2.6      1    40,   39  /PD_TOP        (1.10)
initialBlock/i_0_3/S->Z  MUX2_X2                 rf   1225.1     88.3     88.3      0.0     13.8      1.2     16.0      5    40,   39  /PD_TOP        (1.10)
genblk1_2_middleBlocks/FA0/i_0_1/B1->ZN
                         OAI21_X4                fr   1283.4     58.3     58.3      0.0    100.0      0.3      4.2      1    40,   39  /PD_TOP        (1.10)
genblk1_2_middleBlocks/FA0/i_0_0/A2->ZN
                         NAND2_X4                rf   1303.9     20.5     20.5      0.0     18.3      0.8     12.1      3    40,   39  /PD_TOP        (1.10)
genblk1_2_middleBlocks/genblk1_1_f/i_0_1/B1->ZN
                         OAI21_X4                fr   1330.8     26.9     26.9      0.0     10.0      0.3      4.2      1    40,   39  /PD_TOP        (1.10)
genblk1_2_middleBlocks/genblk1_1_f/i_0_0/A2->ZN
                         NAND2_X4                rf   1351.3     20.5     20.5      0.0     18.3      0.8     12.1      3    40,   39  /PD_TOP        (1.10)
genblk1_2_middleBlocks/genblk1_2_f/i_0_1/B1->ZN
                         OAI21_X4                fr   1378.2     26.9     26.9      0.0     10.0      0.3      4.2      1    40,   39  /PD_TOP        (1.10)
genblk1_2_middleBlocks/genblk1_2_f/i_0_0/A2->ZN
                         NAND2_X4                rf   1398.7     20.5     20.5      0.0     18.3      0.8     12.1      3    40,   39  /PD_TOP        (1.10)
genblk1_2_middleBlocks/genblk1_3_f/i_0_1/B1->ZN
                         OAI21_X4                fr   1425.6     26.9     26.9      0.0     10.0      0.3      4.2      1    40,   39  /PD_TOP        (1.10)
genblk1_2_middleBlocks/genblk1_3_f/i_0_0/A2->ZN
                         NAND2_X4                rf   1446.1     20.5     20.5      0.0     18.3      0.8     12.1      3    40,   39  /PD_TOP        (1.10)
genblk1_2_middleBlocks/genblk1_4_f/i_0_1/B1->ZN
                         OAI21_X4                fr   1473.0     26.9     26.9      0.0     10.0      0.3      4.2      1    40,   39  /PD_TOP        (1.10)
genblk1_2_middleBlocks/genblk1_4_f/i_0_0/A2->ZN
                         NAND2_X4                rf   1493.5     20.5     20.5      0.0     18.3      0.8     12.1      3    40,   39  /PD_TOP        (1.10)
genblk1_2_middleBlocks/genblk1_5_f/i_0_1/B1->ZN
                         OAI21_X4                fr   1520.4     26.9     26.9      0.0     10.0      0.3      4.2      1    40,   39  /PD_TOP        (1.10)
genblk1_2_middleBlocks/genblk1_5_f/i_0_0/A2->ZN
                         NAND2_X4                rf   1540.9     20.5     20.5      0.0     18.3      0.8     12.1      3    40,   39  /PD_TOP        (1.10)
genblk1_2_middleBlocks/genblk1_6_f/i_0_1/B1->ZN
                         OAI21_X4                fr   1567.8     26.9     26.9      0.0     10.0      0.3      4.2      1    40,   39  /PD_TOP        (1.10)
genblk1_2_middleBlocks/genblk1_6_f/i_0_0/A2->ZN
                         NAND2_X4                rf   1588.3     20.5     20.5      0.0     18.3      0.8     12.1      3    40,   39  /PD_TOP        (1.10)
genblk1_2_middleBlocks/genblk1_7_f/i_0_1/B1->ZN
                         OAI21_X4                fr   1615.2     26.9     26.9      0.0     10.0      0.3      4.2      1    40,   39  /PD_TOP        (1.10)
genblk1_2_middleBlocks/genblk1_7_f/i_0_0/A2->ZN
                         NAND2_X2                rf   1628.6     13.4     13.4      0.0     18.3      0.3      1.6      1    40,   39  /PD_TOP        (1.10)
genblk1_2_middleBlocks/i_0_3/A->Z
                         MUX2_X2                 ff   1696.2     67.6     67.6      0.0      5.8      1.2     16.0      5    40,   39  /PD_TOP        (1.10)
genblk1_3_middleBlocks/FA0/i_0_1/B1->ZN
                         OAI21_X4                fr   1754.5     58.3     58.3      0.0    100.0      0.3      4.2      1    40,   39  /PD_TOP        (1.10)
genblk1_3_middleBlocks/FA0/i_0_0/A2->ZN
                         NAND2_X4                rf   1775.0     20.5     20.5      0.0     18.3      0.8     12.1      3    40,   39  /PD_TOP        (1.10)
genblk1_3_middleBlocks/genblk1_1_f/i_0_1/B1->ZN
                         OAI21_X4                fr   1801.9     26.9     26.9      0.0     10.0      0.3      4.2      1    40,   39  /PD_TOP        (1.10)
genblk1_3_middleBlocks/genblk1_1_f/i_0_0/A2->ZN
                         NAND2_X4                rf   1822.4     20.5     20.5      0.0     18.3      0.8     12.1      3    40,   39  /PD_TOP        (1.10)
genblk1_3_middleBlocks/genblk1_2_f/i_0_1/B1->ZN
                         OAI21_X4                fr   1849.3     26.9     26.9      0.0     10.0      0.3      4.2      1    40,   39  /PD_TOP        (1.10)
genblk1_3_middleBlocks/genblk1_2_f/i_0_0/A2->ZN
                         NAND2_X4                rf   1869.8     20.5     20.5      0.0     18.3      0.8     12.1      3    40,   39  /PD_TOP        (1.10)
genblk1_3_middleBlocks/genblk1_3_f/i_0_1/B1->ZN
                         OAI21_X4                fr   1896.7     26.9     26.9      0.0     10.0      0.3      4.2      1    40,   39  /PD_TOP        (1.10)
genblk1_3_middleBlocks/genblk1_3_f/i_0_0/A2->ZN
                         NAND2_X4                rf   1917.2     20.5     20.5      0.0     18.3      0.8     12.1      3    40,   39  /PD_TOP        (1.10)
genblk1_3_middleBlocks/genblk1_4_f/i_0_1/B1->ZN
                         OAI21_X4                fr   1944.1     26.9     26.9      0.0     10.0      0.3      4.2      1    40,   39  /PD_TOP        (1.10)
genblk1_3_middleBlocks/genblk1_4_f/i_0_0/A2->ZN
                         NAND2_X4                rf   1964.6     20.5     20.5      0.0     18.3      0.8     12.1      3    40,   39  /PD_TOP        (1.10)
genblk1_3_middleBlocks/genblk1_5_f/i_0_1/B1->ZN
                         OAI21_X4                fr   1991.5     26.9     26.9      0.0     10.0      0.3      4.2      1    40,   39  /PD_TOP        (1.10)
genblk1_3_middleBlocks/genblk1_5_f/i_0_0/A2->ZN
                         NAND2_X4                rf   2012.0     20.5     20.5      0.0     18.3      0.8     12.1      3    40,   39  /PD_TOP        (1.10)
genblk1_3_middleBlocks/genblk1_6_f/i_0_1/B1->ZN
                         OAI21_X4                fr   2038.9     26.9     26.9      0.0     10.0      0.3      4.2      1    40,   39  /PD_TOP        (1.10)
genblk1_3_middleBlocks/genblk1_6_f/i_0_0/A2->ZN
                         NAND2_X4                rf   2059.4     20.5     20.5      0.0     18.3      0.8     12.1      3    40,   39  /PD_TOP        (1.10)
genblk1_3_middleBlocks/genblk1_7_f/i_0_1/B1->ZN
                         OAI21_X4                fr   2086.3     26.9     26.9      0.0     10.0      0.3      4.2      1    40,   39  /PD_TOP        (1.10)
genblk1_3_middleBlocks/genblk1_7_f/i_0_0/A2->ZN
                         NAND2_X2                rf   2099.7     13.4     13.4      0.0     18.3      0.3      1.6      1    40,   39  /PD_TOP        (1.10)
genblk1_3_middleBlocks/i_0_3/A->Z
                         MUX2_X2                 ff   2167.3     67.6     67.6      0.0      5.8      1.2     16.0      5    40,   39  /PD_TOP        (1.10)
finalBlock/FA0/i_0_1/B1->ZN
                         OAI21_X4                fr   2225.6     58.3     58.3      0.0    100.0      0.3      4.2      1    40,   39  /PD_TOP        (1.10)
finalBlock/FA0/i_0_0/A2->ZN
                         NAND2_X4                rf   2246.1     20.5     20.5      0.0     18.3      0.8     12.1      3    40,   39  /PD_TOP        (1.10)
finalBlock/genblk1_1_f/i_0_1/B1->ZN
                         OAI21_X4                fr   2273.0     26.9     26.9      0.0     10.0      0.3      4.2      1    40,   39  /PD_TOP        (1.10)
finalBlock/genblk1_1_f/i_0_0/A2->ZN
                         NAND2_X4                rf   2293.5     20.5     20.5      0.0     18.3      0.8     12.1      3    40,   39  /PD_TOP        (1.10)
finalBlock/genblk1_2_f/i_0_1/B1->ZN
                         OAI21_X4                fr   2320.4     26.9     26.9      0.0     10.0      0.3      4.2      1    40,   39  /PD_TOP        (1.10)
finalBlock/genblk1_2_f/i_0_0/A2->ZN
                         NAND2_X4                rf   2340.9     20.5     20.5      0.0     18.3      0.8     12.1      3    40,   39  /PD_TOP        (1.10)
finalBlock/genblk1_3_f/i_0_1/B1->ZN
                         OAI21_X4                fr   2367.8     26.9     26.9      0.0     10.0      0.3      4.2      1    40,   39  /PD_TOP        (1.10)
finalBlock/genblk1_3_f/i_0_0/A2->ZN
                         NAND2_X4                rf   2388.3     20.5     20.5      0.0     18.3      0.8     12.1      3    40,   39  /PD_TOP        (1.10)
finalBlock/genblk1_4_f/i_0_1/B1->ZN
                         OAI21_X4                fr   2415.2     26.9     26.9      0.0     10.0      0.3      4.2      1    40,   39  /PD_TOP        (1.10)
finalBlock/genblk1_4_f/i_0_0/A2->ZN
                         NAND2_X4                rf   2435.7     20.5     20.5      0.0     18.3      0.8     12.1      3    40,   39  /PD_TOP        (1.10)
finalBlock/genblk1_5_f/i_0_1/B1->ZN
                         OAI21_X4                fr   2462.6     26.9     26.9      0.0     10.0      0.3      4.2      1    40,   39  /PD_TOP        (1.10)
finalBlock/genblk1_5_f/i_0_0/A2->ZN
                         NAND2_X4                rf   2483.1     20.5     20.5      0.0     18.3      0.8     12.1      3    40,   39  /PD_TOP        (1.10)
finalBlock/genblk1_6_f/i_0_1/B1->ZN
                         OAI21_X4                fr   2510.0     26.9     26.9      0.0     10.0      0.3      4.2      1    40,   39  /PD_TOP        (1.10)
finalBlock/genblk1_6_f/i_0_0/A2->ZN
                         NAND2_X4                rf   2530.5     20.5     20.5      0.0     18.3      0.8     12.1      3    40,   39  /PD_TOP        (1.10)
finalBlock/genblk1_7_f/i_0_3/A->Z
                         XOR2_X2                 fr   2591.9     61.4     61.4      0.0     10.0      0.3     15.8      2    40,   39  /PD_TOP        (1.10)
i_0_0_1/A->ZN            XNOR2_X2                rr   2641.3     49.4     49.4      0.0     53.2      0.3      4.4      1    40,   39  /PD_TOP        (1.10)
i_0_0_2/A2->ZN           NOR2_X4                 rf   2658.1     16.8     16.8      0.0     23.6      2.4     12.4      1    40,   39  /PD_TOP        (1.10)
OF                                                f   2549.1      0.2               0.2      7.5                             37,    0                       
------------------------------------------------------------------------------------------------------------------------------------------------------------
Report for group R2O
