warning: No library characterized for (process = 1.00 voltage = 0.85 temperature = 25.00) can be found in the database for power domain '/PD_TOP'  [NL-174]
Report Power (instances with prefix '*' are included in total) : 
-----+-------------+--------------------+---------------------+-------------------+-----------------
     | Instance    | Internal Power(uw) | Switching Power(uw) | Leakage Power(uw) | Total Power(uw) 
-----+-------------+--------------------+---------------------+-------------------+-----------------
1    |*f0          |            0.304025|             0.444296|           0.130288|         0.878610
2    |*ra          |            7.287998|            20.427536|           3.676170|        31.391705
3    |*i_0_0_0     |            0.086857|             0.068164|           0.036164|         0.191185
4    |*i_0_0_1     |            0.081250|             0.067021|           0.036441|         0.184712
5    |*i_0_0_2     |            0.025974|             0.140728|           0.021200|         0.187902
6    |*genblk1_1_f |            0.146943|             0.184454|           0.061230|         0.392627
7    |*genblk1_2_f |            0.146594|             0.209590|           0.061230|         0.417414
8    |*genblk1_3_f |            0.146594|             0.209590|           0.061230|         0.417414
9    |*genblk1_4_f |            0.146594|             0.209590|           0.061230|         0.417414
10   |*genblk1_5_f |            0.146594|             0.209590|           0.061230|         0.417414
11   |*genblk1_6_f |            0.146594|             0.209590|           0.061230|         0.417414
12   |*genblk1_7_f |            0.146594|             0.209590|           0.061230|         0.417414
13   |*genblk1_8_f |            0.146594|             0.209590|           0.061230|         0.417414
14   |*genblk1_9_f |            0.146594|             0.209590|           0.061230|         0.417414
15   |*genblk1_10_f|            0.146594|             0.209590|           0.061230|         0.417414
16   |*genblk1_11_f|            0.146594|             0.209590|           0.061230|         0.417414
17   |*genblk1_12_f|            0.146594|             0.209590|           0.061230|         0.417414
18   |*genblk1_13_f|            0.146594|             0.209590|           0.061230|         0.417414
19   |*genblk1_14_f|            0.146594|             0.209590|           0.061230|         0.417414
20   |*genblk1_15_f|            0.146594|             0.209590|           0.061230|         0.417414
21   |*genblk1_16_f|            0.146594|             0.209590|           0.061230|         0.417414
22   |*genblk1_17_f|            0.146594|             0.209590|           0.061230|         0.417414
23   |*genblk1_18_f|            0.146594|             0.209590|           0.061230|         0.417414
24   |*genblk1_19_f|            0.146594|             0.209590|           0.061230|         0.417414
25   |*genblk1_20_f|            0.146594|             0.209590|           0.061230|         0.417414
26   |*genblk1_21_f|            0.146594|             0.209590|           0.061230|         0.417414
27   |*genblk1_22_f|            0.146594|             0.209590|           0.061230|         0.417414
28   |*genblk1_23_f|            0.146594|             0.209590|           0.061230|         0.417414
29   |*genblk1_24_f|            0.146594|             0.209590|           0.061230|         0.417414
30   |*genblk1_25_f|            0.146594|             0.209590|           0.061230|         0.417414
31   |*genblk1_26_f|            0.146594|             0.209590|           0.061230|         0.417414
32   |*genblk1_27_f|            0.146594|             0.209590|           0.061230|         0.417414
33   |*genblk1_28_f|            0.146594|             0.209590|           0.061230|         0.417414
34   |*genblk1_29_f|            0.146594|             0.209590|           0.061230|         0.417414
35   |*genblk1_30_f|            0.146594|             0.209590|           0.061230|         0.417414
36   |*genblk1_31_f|            0.144933|             0.157042|           0.061230|         0.363205
37   |             |                    |                     |                   |                 
38   |*TOTAL       |           12.329203|            27.567350|           5.798391|        45.694942
-----+-------------+--------------------+---------------------+-------------------+-----------------
