Report for group default
Report for group I2R
Report for group I2O
------------------------------------------------------------------------------------------------------------------------------------------------------------
Startpoint: B[2]
    (Clocked by vsysclk R)
Endpoint: cout
    (Clocked by vsysclk R)
Path Group: I2O
Data required time: 19500.0
    (Clock shift: 20000.0, minus Uncertainty: 0.0, plus Latency 0.0, minus Out delay: 500.0)
Data arrival time: 3269.0
Slack: 16231.0
Logic depth: 63
------------------------------------------------------------------------------------------------------------------------------------------------------------
                                                     Arrival               Arc      Net               Net    Total   fan-                                   
Path                     Module/Cell           Edge     Time    Delay    Delay    Delay     Slew     Load     Load    out     Location Power Domain      (V)
                                                        (ps)     (ps)     (ps)     (ps)     (ps)     (ff)     (ff)    (#)      (um,um)                      
------------------------------------------------------------------------------------------------------------------------------------------------------------
B[2]                     {set_input_delay}        r   1000.0   1000.0   1000.0                        2.3      8.0      2    40,    0                       
genblk1_2_f/i_0_0/B->Z   XOR2_X2                 rr   1072.5     72.3     72.3      0.0    100.0      0.6      7.7      2    40,   40  /PD_TOP        (1.10)
ra/genblk1_1_full_adder_inst/i_0_0/A->Z
                         XOR2_X2                 rf   1100.2     27.7     27.7      0.0     34.4      0.6      7.9      2    40,   40  /PD_TOP        (1.10)
ra/genblk1_1_full_adder_inst/i_0_2/A1->ZN
                         AOI22_X4                fr   1161.3     61.1     61.1      0.0     14.5      0.3     25.8      1    40,   40  /PD_TOP        (1.10)
ra/genblk1_1_full_adder_inst/i_0_3/A->ZN
                         INV_X8                  rf   1169.6      8.3      8.3      0.0     50.3      0.6      8.3      2    40,   40  /PD_TOP        (1.10)
ra/genblk1_2_full_adder_inst/i_0_2/A2->ZN
                         AOI22_X4                fr   1231.6     62.0     62.0      0.0      3.9      0.3     25.8      1    40,   40  /PD_TOP        (1.10)
ra/genblk1_2_full_adder_inst/i_0_3/A->ZN
                         INV_X8                  rf   1239.9      8.3      8.3      0.0     50.3      0.6      8.3      2    40,   40  /PD_TOP        (1.10)
ra/genblk1_3_full_adder_inst/i_0_2/A2->ZN
                         AOI22_X4                fr   1301.9     62.0     62.0      0.0      3.9      0.3     25.8      1    40,   40  /PD_TOP        (1.10)
ra/genblk1_3_full_adder_inst/i_0_3/A->ZN
                         INV_X8                  rf   1310.2      8.3      8.3      0.0     50.3      0.6      8.3      2    40,   40  /PD_TOP        (1.10)
ra/genblk1_4_full_adder_inst/i_0_2/A2->ZN
                         AOI22_X4                fr   1372.2     62.0     62.0      0.0      3.9      0.3     25.8      1    40,   40  /PD_TOP        (1.10)
ra/genblk1_4_full_adder_inst/i_0_3/A->ZN
                         INV_X8                  rf   1380.5      8.3      8.3      0.0     50.3      0.6      8.3      2    40,   40  /PD_TOP        (1.10)
ra/genblk1_5_full_adder_inst/i_0_2/A2->ZN
                         AOI22_X4                fr   1442.5     62.0     62.0      0.0      3.9      0.3     25.8      1    40,   40  /PD_TOP        (1.10)
ra/genblk1_5_full_adder_inst/i_0_3/A->ZN
                         INV_X8                  rf   1450.8      8.3      8.3      0.0     50.3      0.6      8.3      2    40,   40  /PD_TOP        (1.10)
ra/genblk1_6_full_adder_inst/i_0_2/A2->ZN
                         AOI22_X4                fr   1512.8     62.0     62.0      0.0      3.9      0.3     25.8      1    40,   40  /PD_TOP        (1.10)
ra/genblk1_6_full_adder_inst/i_0_3/A->ZN
                         INV_X8                  rf   1521.1      8.3      8.3      0.0     50.3      0.6      8.3      2    40,   40  /PD_TOP        (1.10)
ra/genblk1_7_full_adder_inst/i_0_2/A2->ZN
                         AOI22_X4                fr   1583.1     62.0     62.0      0.0      3.9      0.3     25.8      1    40,   40  /PD_TOP        (1.10)
ra/genblk1_7_full_adder_inst/i_0_3/A->ZN
                         INV_X8                  rf   1591.4      8.3      8.3      0.0     50.3      0.6      8.3      2    40,   40  /PD_TOP        (1.10)
ra/genblk1_8_full_adder_inst/i_0_2/A2->ZN
                         AOI22_X4                fr   1653.4     62.0     62.0      0.0      3.9      0.3     25.8      1    40,   40  /PD_TOP        (1.10)
ra/genblk1_8_full_adder_inst/i_0_3/A->ZN
                         INV_X8                  rf   1661.7      8.3      8.3      0.0     50.3      0.6      8.3      2    40,   40  /PD_TOP        (1.10)
ra/genblk1_9_full_adder_inst/i_0_2/A2->ZN
                         AOI22_X4                fr   1723.7     62.0     62.0      0.0      3.9      0.3     25.8      1    40,   40  /PD_TOP        (1.10)
ra/genblk1_9_full_adder_inst/i_0_3/A->ZN
                         INV_X8                  rf   1732.0      8.3      8.3      0.0     50.3      0.6      8.3      2    40,   40  /PD_TOP        (1.10)
ra/genblk1_10_full_adder_inst/i_0_2/A2->ZN
                         AOI22_X4                fr   1794.0     62.0     62.0      0.0      3.9      0.3     25.8      1    40,   40  /PD_TOP        (1.10)
ra/genblk1_10_full_adder_inst/i_0_3/A->ZN
                         INV_X8                  rf   1802.3      8.3      8.3      0.0     50.3      0.6      8.3      2    40,   40  /PD_TOP        (1.10)
ra/genblk1_11_full_adder_inst/i_0_2/A2->ZN
                         AOI22_X4                fr   1864.3     62.0     62.0      0.0      3.9      0.3     25.8      1    40,   40  /PD_TOP        (1.10)
ra/genblk1_11_full_adder_inst/i_0_3/A->ZN
                         INV_X8                  rf   1872.6      8.3      8.3      0.0     50.3      0.6      8.3      2    40,   40  /PD_TOP        (1.10)
ra/genblk1_12_full_adder_inst/i_0_2/A2->ZN
                         AOI22_X4                fr   1934.6     62.0     62.0      0.0      3.9      0.3     25.8      1    40,   40  /PD_TOP        (1.10)
ra/genblk1_12_full_adder_inst/i_0_3/A->ZN
                         INV_X8                  rf   1942.9      8.3      8.3      0.0     50.3      0.6      8.3      2    40,   40  /PD_TOP        (1.10)
ra/genblk1_13_full_adder_inst/i_0_2/A2->ZN
                         AOI22_X4                fr   2004.9     62.0     62.0      0.0      3.9      0.3     25.8      1    40,   40  /PD_TOP        (1.10)
ra/genblk1_13_full_adder_inst/i_0_3/A->ZN
                         INV_X8                  rf   2013.2      8.3      8.3      0.0     50.3      0.6      8.3      2    40,   40  /PD_TOP        (1.10)
ra/genblk1_14_full_adder_inst/i_0_2/A2->ZN
                         AOI22_X4                fr   2075.2     62.0     62.0      0.0      3.9      0.3     25.8      1    40,   40  /PD_TOP        (1.10)
ra/genblk1_14_full_adder_inst/i_0_3/A->ZN
                         INV_X8                  rf   2083.5      8.3      8.3      0.0     50.3      0.6      8.3      2    40,   40  /PD_TOP        (1.10)
ra/genblk1_15_full_adder_inst/i_0_2/A2->ZN
                         AOI22_X4                fr   2145.5     62.0     62.0      0.0      3.9      0.3     25.8      1    40,   40  /PD_TOP        (1.10)
ra/genblk1_15_full_adder_inst/i_0_3/A->ZN
                         INV_X8                  rf   2153.8      8.3      8.3      0.0     50.3      0.6      8.3      2    40,   40  /PD_TOP        (1.10)
ra/genblk1_16_full_adder_inst/i_0_2/A2->ZN
                         AOI22_X4                fr   2215.8     62.0     62.0      0.0      3.9      0.3     25.8      1    40,   40  /PD_TOP        (1.10)
ra/genblk1_16_full_adder_inst/i_0_3/A->ZN
                         INV_X8                  rf   2224.1      8.3      8.3      0.0     50.3      0.6      8.3      2    40,   40  /PD_TOP        (1.10)
ra/genblk1_17_full_adder_inst/i_0_2/A2->ZN
                         AOI22_X4                fr   2286.1     62.0     62.0      0.0      3.9      0.3     25.8      1    40,   40  /PD_TOP        (1.10)
ra/genblk1_17_full_adder_inst/i_0_3/A->ZN
                         INV_X8                  rf   2294.4      8.3      8.3      0.0     50.3      0.6      8.3      2    40,   40  /PD_TOP        (1.10)
ra/genblk1_18_full_adder_inst/i_0_2/A2->ZN
                         AOI22_X4                fr   2356.4     62.0     62.0      0.0      3.9      0.3     25.8      1    40,   40  /PD_TOP        (1.10)
ra/genblk1_18_full_adder_inst/i_0_3/A->ZN
                         INV_X8                  rf   2364.7      8.3      8.3      0.0     50.3      0.6      8.3      2    40,   40  /PD_TOP        (1.10)
ra/genblk1_19_full_adder_inst/i_0_2/A2->ZN
                         AOI22_X4                fr   2426.7     62.0     62.0      0.0      3.9      0.3     25.8      1    40,   40  /PD_TOP        (1.10)
ra/genblk1_19_full_adder_inst/i_0_3/A->ZN
                         INV_X8                  rf   2435.0      8.3      8.3      0.0     50.3      0.6      8.3      2    40,   40  /PD_TOP        (1.10)
ra/genblk1_20_full_adder_inst/i_0_2/A2->ZN
                         AOI22_X4                fr   2497.0     62.0     62.0      0.0      3.9      0.3     25.8      1    40,   40  /PD_TOP        (1.10)
ra/genblk1_20_full_adder_inst/i_0_3/A->ZN
                         INV_X8                  rf   2505.3      8.3      8.3      0.0     50.3      0.6      8.3      2    40,   40  /PD_TOP        (1.10)
ra/genblk1_21_full_adder_inst/i_0_2/A2->ZN
                         AOI22_X4                fr   2567.3     62.0     62.0      0.0      3.9      0.3     25.8      1    40,   40  /PD_TOP        (1.10)
ra/genblk1_21_full_adder_inst/i_0_3/A->ZN
                         INV_X8                  rf   2575.6      8.3      8.3      0.0     50.3      0.6      8.3      2    40,   40  /PD_TOP        (1.10)
ra/genblk1_22_full_adder_inst/i_0_2/A2->ZN
                         AOI22_X4                fr   2637.6     62.0     62.0      0.0      3.9      0.3     25.8      1    40,   40  /PD_TOP        (1.10)
ra/genblk1_22_full_adder_inst/i_0_3/A->ZN
                         INV_X8                  rf   2645.9      8.3      8.3      0.0     50.3      0.6      8.3      2    40,   40  /PD_TOP        (1.10)
ra/genblk1_23_full_adder_inst/i_0_2/A2->ZN
                         AOI22_X4                fr   2707.9     62.0     62.0      0.0      3.9      0.3     25.8      1    40,   40  /PD_TOP        (1.10)
ra/genblk1_23_full_adder_inst/i_0_3/A->ZN
                         INV_X8                  rf   2716.2      8.3      8.3      0.0     50.3      0.6      8.3      2    40,   40  /PD_TOP        (1.10)
ra/genblk1_24_full_adder_inst/i_0_2/A2->ZN
                         AOI22_X4                fr   2778.2     62.0     62.0      0.0      3.9      0.3     25.8      1    40,   40  /PD_TOP        (1.10)
ra/genblk1_24_full_adder_inst/i_0_3/A->ZN
                         INV_X8                  rf   2786.5      8.3      8.3      0.0     50.3      0.6      8.3      2    40,   40  /PD_TOP        (1.10)
ra/genblk1_25_full_adder_inst/i_0_2/A2->ZN
                         AOI22_X4                fr   2848.5     62.0     62.0      0.0      3.9      0.3     25.8      1    40,   40  /PD_TOP        (1.10)
ra/genblk1_25_full_adder_inst/i_0_3/A->ZN
                         INV_X8                  rf   2856.8      8.3      8.3      0.0     50.3      0.6      8.3      2    40,   40  /PD_TOP        (1.10)
ra/genblk1_26_full_adder_inst/i_0_2/A2->ZN
                         AOI22_X4                fr   2918.8     62.0     62.0      0.0      3.9      0.3     25.8      1    40,   40  /PD_TOP        (1.10)
ra/genblk1_26_full_adder_inst/i_0_3/A->ZN
                         INV_X8                  rf   2927.1      8.3      8.3      0.0     50.3      0.6      8.3      2    40,   40  /PD_TOP        (1.10)
ra/genblk1_27_full_adder_inst/i_0_2/A2->ZN
                         AOI22_X4                fr   2989.1     62.0     62.0      0.0      3.9      0.3     25.8      1    40,   40  /PD_TOP        (1.10)
ra/genblk1_27_full_adder_inst/i_0_3/A->ZN
                         INV_X8                  rf   2997.4      8.3      8.3      0.0     50.3      0.6      8.3      2    40,   40  /PD_TOP        (1.10)
ra/genblk1_28_full_adder_inst/i_0_2/A2->ZN
                         AOI22_X4                fr   3059.4     62.0     62.0      0.0      3.9      0.3     25.8      1    40,   40  /PD_TOP        (1.10)
ra/genblk1_28_full_adder_inst/i_0_3/A->ZN
                         INV_X8                  rf   3067.7      8.3      8.3      0.0     50.3      0.6      8.3      2    40,   40  /PD_TOP        (1.10)
ra/genblk1_29_full_adder_inst/i_0_2/A2->ZN
                         AOI22_X4                fr   3129.7     62.0     62.0      0.0      3.9      0.3     25.8      1    40,   40  /PD_TOP        (1.10)
ra/genblk1_29_full_adder_inst/i_0_3/A->ZN
                         INV_X8                  rf   3138.0      8.3      8.3      0.0     50.3      0.6      8.3      2    40,   40  /PD_TOP        (1.10)
ra/genblk1_30_full_adder_inst/i_0_2/A2->ZN
                         AOI22_X4                fr   3200.0     62.0     62.0      0.0      3.9      2.7     25.8      1    40,   40  /PD_TOP        (1.10)
ra/genblk1_30_full_adder_inst/i_0_3/A->ZN
                         INV_X8                  rf   3206.0      6.0      6.0      0.0     50.3      2.7      3.7      1    40,   40  /PD_TOP        (1.10)
ra/genblk1_31_full_adder_inst/i_0_0/B->Z
                         XOR2_X2                 ff   3268.8     62.8     62.8      0.0      3.4      2.4     12.4      1    40,   40  /PD_TOP        (1.10)
cout                                              f   3269.0      0.2               0.2     16.9                             38,   80                       
------------------------------------------------------------------------------------------------------------------------------------------------------------
Report for group R2O
