warning: No library characterized for (process = 1.00 voltage = 0.85 temperature = 25.00) can be found in the database for power domain '/PD_TOP'  [NL-174]
Report Power (instances with prefix '*' are included in total) : 
-----+---------------+--------------------+---------------------+-------------------+-----------------
     | Instance      | Internal Power(uw) | Switching Power(uw) | Leakage Power(uw) | Total Power(uw) 
-----+---------------+--------------------+---------------------+-------------------+-----------------
1    |*f1            |            0.145672|             0.157844|           0.059136|         0.362651
2    |*ff0           |            0.148219|             0.156765|           0.061230|         0.366214
3    |*mux_carry     |            0.094077|             0.187659|           0.035928|         0.317665
4    |*i_0_0_0       |            0.086857|             0.068164|           0.036164|         0.191185
5    |*i_0_0_1       |            0.079019|             0.067021|           0.036441|         0.182481
6    |*i_0_0_2       |            0.025973|             0.141471|           0.021200|         0.188643
7    |*genblk1_1_f   |            0.259199|             0.335556|           0.130288|         0.725043
8    |*genblk1_2_f   |            0.272660|             0.358039|           0.130288|         0.760988
9    |*genblk1_3_f   |            0.279069|             0.365026|           0.130288|         0.774383
10   |*genblk1_4_f   |            0.282213|             0.367312|           0.130288|         0.779814
11   |*genblk1_5_f   |            0.283762|             0.368136|           0.130288|         0.782187
12   |*genblk1_6_f   |            0.284521|             0.368466|           0.130288|         0.783275
13   |*genblk1_7_f   |            0.284891|             0.368609|           0.130288|         0.783789
14   |*genblk1_8_f   |            0.285071|             0.368674|           0.130288|         0.784034
15   |*genblk1_9_f   |            0.285159|             0.368705|           0.130288|         0.784152
16   |*genblk1_10_f  |            0.285201|             0.368720|           0.130288|         0.784209
17   |*genblk1_11_f  |            0.285221|             0.368727|           0.130288|         0.784237
18   |*genblk1_12_f  |            0.285231|             0.368730|           0.130288|         0.784250
19   |*genblk1_13_f  |            0.285236|             0.368732|           0.130288|         0.784256
20   |*genblk1_14_f  |            0.285239|             0.368733|           0.130288|         0.784260
21   |*genblk1_15_f  |            0.285240|             0.368733|           0.130288|         0.784261
22   |*genblk1_16_f  |            0.285240|             0.368733|           0.130288|         0.784262
23   |*genblk1_17_f  |            0.285241|             0.368733|           0.130288|         0.784262
24   |*genblk1_18_f  |            0.285241|             0.368733|           0.130288|         0.784262
25   |*genblk1_19_f  |            0.285241|             0.368734|           0.130288|         0.784262
26   |*genblk1_20_f  |            0.285241|             0.368733|           0.130288|         0.784262
27   |*genblk1_21_f  |            0.285241|             0.368734|           0.130288|         0.784262
28   |*genblk1_22_f  |            0.285241|             0.368734|           0.130288|         0.784262
29   |*genblk1_23_f  |            0.285241|             0.368734|           0.130288|         0.784262
30   |*genblk1_24_f  |            0.285241|             0.368734|           0.130288|         0.784262
31   |*genblk1_25_f  |            0.285241|             0.368734|           0.130288|         0.784262
32   |*genblk1_26_f  |            0.285241|             0.368734|           0.130288|         0.784262
33   |*genblk1_27_f  |            0.285241|             0.368734|           0.130288|         0.784262
34   |*genblk1_28_f  |            0.285241|             0.368734|           0.130288|         0.784262
35   |*genblk1_29_f  |            0.285241|             0.368734|           0.130288|         0.784262
36   |*genblk1_30_f  |            0.285241|             0.368734|           0.130288|         0.784262
37   |*genblk1_31_f  |            0.284090|             0.217104|           0.130288|         0.631482
38   |*genblk2_1_ff1 |            0.300341|             0.366844|           0.130288|         0.797473
39   |*genblk2_2_ff1 |            0.291777|             0.370290|           0.130288|         0.792355
40   |*genblk2_3_ff1 |            0.288333|             0.370451|           0.130288|         0.789071
41   |*genblk2_4_ff1 |            0.286744|             0.370209|           0.130288|         0.787241
42   |*genblk2_5_ff1 |            0.285988|             0.370020|           0.130288|         0.786296
43   |*genblk2_6_ff1 |            0.285624|             0.369912|           0.130288|         0.785825
44   |*genblk2_7_ff1 |            0.285449|             0.369856|           0.130288|         0.785593
45   |*genblk2_8_ff1 |            0.285364|             0.369828|           0.130288|         0.785480
46   |*genblk2_9_ff1 |            0.285323|             0.369814|           0.130288|         0.785425
47   |*genblk2_10_ff1|            0.285303|             0.369807|           0.130288|         0.785398
48   |*genblk2_11_ff1|            0.285293|             0.369804|           0.130288|         0.785385
49   |*genblk2_12_ff1|            0.285289|             0.369803|           0.130288|         0.785379
50   |*genblk2_13_ff1|            0.285286|             0.369802|           0.130288|         0.785376
51   |*genblk2_14_ff1|            0.285285|             0.369801|           0.130288|         0.785375
52   |*genblk2_15_ff1|            0.285285|             0.369801|           0.130288|         0.785374
53   |*genblk2_16_ff1|            0.285284|             0.369801|           0.130288|         0.785374
54   |*genblk2_17_ff1|            0.285284|             0.369801|           0.130288|         0.785374
55   |*genblk2_18_ff1|            0.285284|             0.369801|           0.130288|         0.785373
56   |*genblk2_19_ff1|            0.285284|             0.369801|           0.130288|         0.785373
57   |*genblk2_20_ff1|            0.285284|             0.369801|           0.130288|         0.785373
58   |*genblk2_21_ff1|            0.285284|             0.369801|           0.130288|         0.785373
59   |*genblk2_22_ff1|            0.285284|             0.369801|           0.130288|         0.785373
60   |*genblk2_23_ff1|            0.285284|             0.369801|           0.130288|         0.785373
61   |*genblk2_24_ff1|            0.285284|             0.369801|           0.130288|         0.785373
62   |*genblk2_25_ff1|            0.285284|             0.369801|           0.130288|         0.785373
63   |*genblk2_26_ff1|            0.285284|             0.369801|           0.130288|         0.785373
64   |*genblk2_27_ff1|            0.285284|             0.369801|           0.130288|         0.785373
65   |*genblk2_28_ff1|            0.285284|             0.369801|           0.130288|         0.785373
66   |*genblk2_29_ff1|            0.285284|             0.369801|           0.130288|         0.785373
67   |*genblk2_30_ff1|            0.285284|             0.369801|           0.130288|         0.785373
68   |*genblk2_31_ff1|            0.284155|             0.219223|           0.130288|         0.633666
69   |*genblk3_0_m   |            0.095331|             0.192878|           0.035928|         0.324137
70   |*genblk3_1_m   |            0.095358|             0.192886|           0.035928|         0.324172
71   |*genblk3_2_m   |            0.095290|             0.190419|           0.035928|         0.321637
72   |*genblk3_3_m   |            0.095249|             0.188919|           0.035928|         0.320097
73   |*genblk3_4_m   |            0.095289|             0.190359|           0.035928|         0.321576
74   |*genblk3_5_m   |            0.095300|             0.190787|           0.035928|         0.322016
75   |*genblk3_6_m   |            0.095235|             0.188388|           0.035928|         0.319551
76   |*genblk3_7_m   |            0.095300|             0.190787|           0.035928|         0.322016
77   |*genblk3_8_m   |            0.095364|             0.193118|           0.035928|         0.324410
78   |*genblk3_9_m   |            0.095364|             0.193126|           0.035928|         0.324419
79   |*genblk3_10_m  |            0.095297|             0.190658|           0.035928|         0.321884
80   |*genblk3_11_m  |            0.095243|             0.188679|           0.035928|         0.319850
81   |*genblk3_12_m  |            0.095295|             0.190599|           0.035928|         0.321822
82   |*genblk3_13_m  |            0.095307|             0.191027|           0.035928|         0.322262
83   |*genblk3_14_m  |            0.095240|             0.188559|           0.035928|         0.319727
84   |*genblk3_15_m  |            0.095307|             0.191027|           0.035928|         0.322262
85   |*genblk3_16_m  |            0.095370|             0.193358|           0.035928|         0.324656
86   |*genblk3_17_m  |            0.095371|             0.193366|           0.035928|         0.324665
87   |*genblk3_18_m  |            0.095303|             0.190898|           0.035928|         0.322130
88   |*genblk3_19_m  |            0.095238|             0.188508|           0.035928|         0.319674
89   |*genblk3_20_m  |            0.095302|             0.190838|           0.035928|         0.322069
90   |*genblk3_21_m  |            0.095313|             0.191267|           0.035928|         0.322509
91   |*genblk3_22_m  |            0.095246|             0.188799|           0.035928|         0.319973
92   |*genblk3_23_m  |            0.095313|             0.191267|           0.035928|         0.322509
93   |*genblk3_24_m  |            0.095377|             0.193598|           0.035928|         0.324903
94   |*genblk3_25_m  |            0.095377|             0.193606|           0.035928|         0.324912
95   |*genblk3_26_m  |            0.095310|             0.191138|           0.035928|         0.322377
96   |*genblk3_27_m  |            0.095245|             0.188748|           0.035928|         0.319921
97   |*genblk3_28_m  |            0.095308|             0.191078|           0.035928|         0.322315
98   |*genblk3_29_m  |            0.095320|             0.191507|           0.035928|         0.322755
99   |*genblk3_30_m  |            0.095253|             0.189039|           0.035928|         0.320220
100  |*genblk3_31_m  |            0.096433|             0.243079|           0.035928|         0.375440
101  |               |                    |                     |                   |                 
102  |*TOTAL         |           21.291376|            29.482506|           9.477657|        60.251537
-----+---------------+--------------------+---------------------+-------------------+-----------------
