Report for group default
Report for group I2R
Report for group I2O
------------------------------------------------------------------------------------------------------------------------------------------------------------
Startpoint: B[0]
    (Clocked by vsysclk R)
Endpoint: OF
    (Clocked by vsysclk R)
Path Group: I2O
Data required time: 19500.0
    (Clock shift: 20000.0, minus Uncertainty: 0.0, plus Latency 0.0, minus Out delay: 500.0)
Data arrival time: 2345.6
Slack: 17154.4
Logic depth: 66
------------------------------------------------------------------------------------------------------------------------------------------------------------
                                                     Arrival               Arc      Net               Net    Total   fan-                                   
Path                     Module/Cell           Edge     Time    Delay    Delay    Delay     Slew     Load     Load    out     Location Power Domain      (V)
                                                        (ps)     (ps)     (ps)     (ps)     (ps)     (ff)     (ff)    (#)      (um,um)                      
------------------------------------------------------------------------------------------------------------------------------------------------------------
B[0]                     {set_input_delay}        r   1000.0   1000.0   1000.0                        2.5     14.1      4    44,    0                       
ff0/i_0_1/A1->ZN         AND2_X4                 rr   1051.0     51.0     50.7      0.3    100.0      0.8     11.7      3    43,   43  /PD_TOP        (1.10)
genblk1_1_f/i_0_1/B1->ZN OAI21_X4                rf   1065.5     14.5     14.5      0.0     11.7      0.3      4.2      1    43,   43  /PD_TOP        (1.10)
genblk1_1_f/i_0_0/A2->ZN NAND2_X4                fr   1087.0     21.5     21.5      0.0      9.4      0.8     11.7      3    43,   43  /PD_TOP        (1.10)
genblk1_2_f/i_0_1/B1->ZN OAI21_X4                rf   1102.1     15.1     15.1      0.0     13.4      0.3      4.2      1    43,   43  /PD_TOP        (1.10)
genblk1_2_f/i_0_0/A2->ZN NAND2_X4                fr   1123.6     21.5     21.5      0.0      9.4      0.8     11.7      3    43,   43  /PD_TOP        (1.10)
genblk1_3_f/i_0_1/B1->ZN OAI21_X4                rf   1138.7     15.1     15.1      0.0     13.4      0.3      4.2      1    43,   43  /PD_TOP        (1.10)
genblk1_3_f/i_0_0/A2->ZN NAND2_X4                fr   1160.2     21.5     21.5      0.0      9.4      0.8     11.7      3    43,   43  /PD_TOP        (1.10)
genblk1_4_f/i_0_1/B1->ZN OAI21_X4                rf   1175.3     15.1     15.1      0.0     13.4      0.3      4.2      1    43,   43  /PD_TOP        (1.10)
genblk1_4_f/i_0_0/A2->ZN NAND2_X4                fr   1196.8     21.5     21.5      0.0      9.4      0.8     11.7      3    43,   43  /PD_TOP        (1.10)
genblk1_5_f/i_0_1/B1->ZN OAI21_X4                rf   1211.9     15.1     15.1      0.0     13.4      0.3      4.2      1    43,   43  /PD_TOP        (1.10)
genblk1_5_f/i_0_0/A2->ZN NAND2_X4                fr   1233.4     21.5     21.5      0.0      9.4      0.8     11.7      3    43,   43  /PD_TOP        (1.10)
genblk1_6_f/i_0_1/B1->ZN OAI21_X4                rf   1248.5     15.1     15.1      0.0     13.4      0.3      4.2      1    43,   43  /PD_TOP        (1.10)
genblk1_6_f/i_0_0/A2->ZN NAND2_X4                fr   1270.0     21.5     21.5      0.0      9.4      0.8     11.7      3    43,   43  /PD_TOP        (1.10)
genblk1_7_f/i_0_1/B1->ZN OAI21_X4                rf   1285.1     15.1     15.1      0.0     13.4      0.3      4.2      1    43,   43  /PD_TOP        (1.10)
genblk1_7_f/i_0_0/A2->ZN NAND2_X4                fr   1306.6     21.5     21.5      0.0      9.4      0.8     11.7      3    43,   43  /PD_TOP        (1.10)
genblk1_8_f/i_0_1/B1->ZN OAI21_X4                rf   1321.7     15.1     15.1      0.0     13.4      0.3      4.2      1    43,   43  /PD_TOP        (1.10)
genblk1_8_f/i_0_0/A2->ZN NAND2_X4                fr   1343.2     21.5     21.5      0.0      9.4      0.8     11.7      3    43,   43  /PD_TOP        (1.10)
genblk1_9_f/i_0_1/B1->ZN OAI21_X4                rf   1358.3     15.1     15.1      0.0     13.4      0.3      4.2      1    43,   43  /PD_TOP        (1.10)
genblk1_9_f/i_0_0/A2->ZN NAND2_X4                fr   1379.8     21.5     21.5      0.0      9.4      0.8     11.7      3    43,   43  /PD_TOP        (1.10)
genblk1_10_f/i_0_1/B1->ZN
                         OAI21_X4                rf   1394.9     15.1     15.1      0.0     13.4      0.3      4.2      1    43,   43  /PD_TOP        (1.10)
genblk1_10_f/i_0_0/A2->ZN
                         NAND2_X4                fr   1416.4     21.5     21.5      0.0      9.4      0.8     11.7      3    43,   43  /PD_TOP        (1.10)
genblk1_11_f/i_0_1/B1->ZN
                         OAI21_X4                rf   1431.5     15.1     15.1      0.0     13.4      0.3      4.2      1    43,   43  /PD_TOP        (1.10)
genblk1_11_f/i_0_0/A2->ZN
                         NAND2_X4                fr   1453.0     21.5     21.5      0.0      9.4      0.8     11.7      3    43,   43  /PD_TOP        (1.10)
genblk1_12_f/i_0_1/B1->ZN
                         OAI21_X4                rf   1468.1     15.1     15.1      0.0     13.4      0.3      4.2      1    43,   43  /PD_TOP        (1.10)
genblk1_12_f/i_0_0/A2->ZN
                         NAND2_X4                fr   1489.6     21.5     21.5      0.0      9.4      0.8     11.7      3    43,   43  /PD_TOP        (1.10)
genblk1_13_f/i_0_1/B1->ZN
                         OAI21_X4                rf   1504.7     15.1     15.1      0.0     13.4      0.3      4.2      1    43,   43  /PD_TOP        (1.10)
genblk1_13_f/i_0_0/A2->ZN
                         NAND2_X4                fr   1526.2     21.5     21.5      0.0      9.4      0.8     11.7      3    43,   43  /PD_TOP        (1.10)
genblk1_14_f/i_0_1/B1->ZN
                         OAI21_X4                rf   1541.3     15.1     15.1      0.0     13.4      0.3      4.2      1    43,   43  /PD_TOP        (1.10)
genblk1_14_f/i_0_0/A2->ZN
                         NAND2_X4                fr   1562.8     21.5     21.5      0.0      9.4      0.8     11.7      3    43,   43  /PD_TOP        (1.10)
genblk1_15_f/i_0_1/B1->ZN
                         OAI21_X4                rf   1577.9     15.1     15.1      0.0     13.4      0.3      4.2      1    43,   43  /PD_TOP        (1.10)
genblk1_15_f/i_0_0/A2->ZN
                         NAND2_X4                fr   1599.4     21.5     21.5      0.0      9.4      0.8     11.7      3    43,   43  /PD_TOP        (1.10)
genblk1_16_f/i_0_1/B1->ZN
                         OAI21_X4                rf   1614.5     15.1     15.1      0.0     13.4      0.3      4.2      1    43,   43  /PD_TOP        (1.10)
genblk1_16_f/i_0_0/A2->ZN
                         NAND2_X4                fr   1636.0     21.5     21.5      0.0      9.4      0.8     11.7      3    43,   43  /PD_TOP        (1.10)
genblk1_17_f/i_0_1/B1->ZN
                         OAI21_X4                rf   1651.1     15.1     15.1      0.0     13.4      0.3      4.2      1    43,   43  /PD_TOP        (1.10)
genblk1_17_f/i_0_0/A2->ZN
                         NAND2_X4                fr   1672.6     21.5     21.5      0.0      9.4      0.8     11.7      3    43,   43  /PD_TOP        (1.10)
genblk1_18_f/i_0_1/B1->ZN
                         OAI21_X4                rf   1687.7     15.1     15.1      0.0     13.4      0.3      4.2      1    43,   43  /PD_TOP        (1.10)
genblk1_18_f/i_0_0/A2->ZN
                         NAND2_X4                fr   1709.2     21.5     21.5      0.0      9.4      0.8     11.7      3    43,   43  /PD_TOP        (1.10)
genblk1_19_f/i_0_1/B1->ZN
                         OAI21_X4                rf   1724.3     15.1     15.1      0.0     13.4      0.3      4.2      1    43,   43  /PD_TOP        (1.10)
genblk1_19_f/i_0_0/A2->ZN
                         NAND2_X4                fr   1745.8     21.5     21.5      0.0      9.4      0.8     11.7      3    43,   43  /PD_TOP        (1.10)
genblk1_20_f/i_0_1/B1->ZN
                         OAI21_X4                rf   1760.9     15.1     15.1      0.0     13.4      0.3      4.2      1    43,   43  /PD_TOP        (1.10)
genblk1_20_f/i_0_0/A2->ZN
                         NAND2_X4                fr   1782.4     21.5     21.5      0.0      9.4      0.8     11.7      3    43,   43  /PD_TOP        (1.10)
genblk1_21_f/i_0_1/B1->ZN
                         OAI21_X4                rf   1797.5     15.1     15.1      0.0     13.4      0.3      4.2      1    43,   43  /PD_TOP        (1.10)
genblk1_21_f/i_0_0/A2->ZN
                         NAND2_X4                fr   1819.0     21.5     21.5      0.0      9.4      0.8     11.7      3    43,   43  /PD_TOP        (1.10)
genblk1_22_f/i_0_1/B1->ZN
                         OAI21_X4                rf   1834.1     15.1     15.1      0.0     13.4      0.3      4.2      1    43,   43  /PD_TOP        (1.10)
genblk1_22_f/i_0_0/A2->ZN
                         NAND2_X4                fr   1855.6     21.5     21.5      0.0      9.4      0.8     11.7      3    43,   43  /PD_TOP        (1.10)
genblk1_23_f/i_0_1/B1->ZN
                         OAI21_X4                rf   1870.7     15.1     15.1      0.0     13.4      0.3      4.2      1    43,   43  /PD_TOP        (1.10)
genblk1_23_f/i_0_0/A2->ZN
                         NAND2_X4                fr   1892.2     21.5     21.5      0.0      9.4      0.8     11.7      3    43,   43  /PD_TOP        (1.10)
genblk1_24_f/i_0_1/B1->ZN
                         OAI21_X4                rf   1907.3     15.1     15.1      0.0     13.4      0.3      4.2      1    43,   43  /PD_TOP        (1.10)
genblk1_24_f/i_0_0/A2->ZN
                         NAND2_X4                fr   1928.8     21.5     21.5      0.0      9.4      0.8     11.7      3    43,   43  /PD_TOP        (1.10)
genblk1_25_f/i_0_1/B1->ZN
                         OAI21_X4                rf   1943.9     15.1     15.1      0.0     13.4      0.3      4.2      1    43,   43  /PD_TOP        (1.10)
genblk1_25_f/i_0_0/A2->ZN
                         NAND2_X4                fr   1965.4     21.5     21.5      0.0      9.4      0.8     11.7      3    43,   43  /PD_TOP        (1.10)
genblk1_26_f/i_0_1/B1->ZN
                         OAI21_X4                rf   1980.5     15.1     15.1      0.0     13.4      0.3      4.2      1    43,   43  /PD_TOP        (1.10)
genblk1_26_f/i_0_0/A2->ZN
                         NAND2_X4                fr   2002.0     21.5     21.5      0.0      9.4      0.8     11.7      3    43,   43  /PD_TOP        (1.10)
genblk1_27_f/i_0_1/B1->ZN
                         OAI21_X4                rf   2017.1     15.1     15.1      0.0     13.4      0.3      4.2      1    43,   43  /PD_TOP        (1.10)
genblk1_27_f/i_0_0/A2->ZN
                         NAND2_X4                fr   2038.6     21.5     21.5      0.0      9.4      0.8     11.7      3    43,   43  /PD_TOP        (1.10)
genblk1_28_f/i_0_1/B1->ZN
                         OAI21_X4                rf   2053.7     15.1     15.1      0.0     13.4      0.3      4.2      1    43,   43  /PD_TOP        (1.10)
genblk1_28_f/i_0_0/A2->ZN
                         NAND2_X4                fr   2075.2     21.5     21.5      0.0      9.4      0.8     11.7      3    43,   43  /PD_TOP        (1.10)
genblk1_29_f/i_0_1/B1->ZN
                         OAI21_X4                rf   2090.3     15.1     15.1      0.0     13.4      0.3      4.2      1    43,   43  /PD_TOP        (1.10)
genblk1_29_f/i_0_0/A2->ZN
                         NAND2_X4                fr   2111.8     21.5     21.5      0.0      9.4      0.8     11.7      3    43,   43  /PD_TOP        (1.10)
genblk1_30_f/i_0_1/B1->ZN
                         OAI21_X4                rf   2126.9     15.1     15.1      0.0     13.4      0.3      4.2      1    43,   43  /PD_TOP        (1.10)
genblk1_30_f/i_0_0/A2->ZN
                         NAND2_X4                fr   2148.4     21.5     21.5      0.0      9.4      0.8     11.7      3    43,   43  /PD_TOP        (1.10)
genblk1_31_f/i_0_3/A->ZN XNOR2_X2                rr   2187.8     39.4     39.4      0.0     13.4      0.3      4.0      1    43,   43  /PD_TOP        (1.10)
genblk1_31_f/i_0_2/B->ZN XNOR2_X2                rr   2227.2     39.4     39.4      0.0     22.6      0.3      1.6      1    43,   43  /PD_TOP        (1.10)
genblk3_31_m/i_0_0/A->Z  MUX2_X2                 rr   2285.7     58.5     58.5      0.0     17.0      0.3     16.1      2    43,   43  /PD_TOP        (1.10)
i_0_0_1/A->ZN            XNOR2_X2                rr   2328.6     42.9     42.9      0.0     23.0      0.3      4.4      1    43,   43  /PD_TOP        (1.10)
i_0_0_2/A2->ZN           NOR2_X4                 rf   2345.4     16.8     16.8      0.0     23.6      2.5     12.5      1    43,   43  /PD_TOP        (1.10)
OF                                                f   2345.6      0.2               0.2      7.5                              0,   43                       
------------------------------------------------------------------------------------------------------------------------------------------------------------
Report for group R2O
