warning: No library characterized for (process = 1.00 voltage = 0.85 temperature = 25.00) can be found in the database for power domain '/PD_TOP'  [NL-174]
Report Power (instances with prefix '*' are included in total) : 
-----+---------------------------+--------------------+---------------------+-------------------+-----------------
     | Instance                  | Internal Power(uw) | Switching Power(uw) | Leakage Power(uw) | Total Power(uw) 
-----+---------------------------+--------------------+---------------------+-------------------+-----------------
1    |*genblk1_0_full_adder_inst |            0.085204|             0.186353|           0.036164|         0.307720
2    |*genblk1_1_full_adder_inst |            0.172146|             0.240028|           0.072327|         0.484502
3    |*genblk1_2_full_adder_inst |            0.166391|             0.239968|           0.072327|         0.478687
4    |*genblk1_3_full_adder_inst |            0.163620|             0.239900|           0.072327|         0.475847
5    |*genblk1_4_full_adder_inst |            0.162081|             0.240127|           0.072327|         0.474535
6    |*genblk1_5_full_adder_inst |            0.161203|             0.240195|           0.072327|         0.473726
7    |*genblk1_6_full_adder_inst |            0.160702|             0.240195|           0.072327|         0.473225
8    |*genblk1_7_full_adder_inst |            0.160417|             0.240127|           0.072327|         0.472871
9    |*genblk1_8_full_adder_inst |            0.160256|             0.240200|           0.072327|         0.472783
10   |*genblk1_9_full_adder_inst |            0.160165|             0.240268|           0.072327|         0.472761
11   |*genblk1_10_full_adder_inst|            0.160114|             0.240208|           0.072327|         0.472650
12   |*genblk1_11_full_adder_inst|            0.160085|             0.240140|           0.072327|         0.472552
13   |*genblk1_12_full_adder_inst|            0.160069|             0.240367|           0.072327|         0.472763
14   |*genblk1_13_full_adder_inst|            0.160060|             0.240435|           0.072327|         0.472823
15   |*genblk1_14_full_adder_inst|            0.160055|             0.240435|           0.072327|         0.472818
16   |*genblk1_15_full_adder_inst|            0.160052|             0.240367|           0.072327|         0.472746
17   |*genblk1_16_full_adder_inst|            0.160051|             0.240440|           0.072327|         0.472818
18   |*genblk1_17_full_adder_inst|            0.160050|             0.240508|           0.072327|         0.472886
19   |*genblk1_18_full_adder_inst|            0.160049|             0.240448|           0.072327|         0.472825
20   |*genblk1_19_full_adder_inst|            0.160049|             0.240380|           0.072327|         0.472756
21   |*genblk1_20_full_adder_inst|            0.160050|             0.240607|           0.072327|         0.472984
22   |*genblk1_21_full_adder_inst|            0.160050|             0.240675|           0.072327|         0.473052
23   |*genblk1_22_full_adder_inst|            0.160050|             0.240675|           0.072327|         0.473052
24   |*genblk1_23_full_adder_inst|            0.160049|             0.240607|           0.072327|         0.472984
25   |*genblk1_24_full_adder_inst|            0.160050|             0.240680|           0.072327|         0.473057
26   |*genblk1_25_full_adder_inst|            0.160050|             0.240748|           0.072327|         0.473125
27   |*genblk1_26_full_adder_inst|            0.160050|             0.240688|           0.072327|         0.473065
28   |*genblk1_27_full_adder_inst|            0.160049|             0.240620|           0.072327|         0.472996
29   |*genblk1_28_full_adder_inst|            0.160050|             0.240847|           0.072327|         0.473224
30   |*genblk1_29_full_adder_inst|            0.160051|             0.240915|           0.072327|         0.473293
31   |*genblk1_30_full_adder_inst|            0.160051|             0.240915|           0.072327|         0.473293
32   |*genblk1_31_full_adder_inst|            0.160050|             0.240847|           0.072327|         0.473224
33   |*i_0_0_0                   |            0.034370|             0.183490|           0.017393|         0.235253
34   |*i_0_0_1                   |            0.056523|             0.062624|           0.022619|         0.141766
35   |*i_0_0_2                   |            0.034048|             0.117886|           0.017393|         0.169327
36   |*i_0_0_3                   |            0.056523|             0.062624|           0.022619|         0.141766
37   |*i_0_0_4                   |            0.034048|             0.117886|           0.017393|         0.169327
38   |*i_0_0_5                   |            0.056523|             0.062624|           0.022619|         0.141766
39   |*i_0_0_6                   |            0.034048|             0.117886|           0.017393|         0.169327
40   |*i_0_0_7                   |            0.056523|             0.062624|           0.022619|         0.141766
41   |*i_0_0_8                   |            0.034048|             0.117886|           0.017393|         0.169327
42   |*i_0_0_9                   |            0.056523|             0.062624|           0.022619|         0.141766
43   |*i_0_0_10                  |            0.034048|             0.117886|           0.017393|         0.169327
44   |*i_0_0_11                  |            0.056523|             0.062624|           0.022619|         0.141766
45   |*i_0_0_12                  |            0.034048|             0.117886|           0.017393|         0.169327
46   |*i_0_0_13                  |            0.056523|             0.062624|           0.022619|         0.141766
47   |*i_0_0_14                  |            0.034048|             0.117886|           0.017393|         0.169327
48   |*i_0_0_15                  |            0.056523|             0.062624|           0.022619|         0.141766
49   |*i_0_0_16                  |            0.034048|             0.117886|           0.017393|         0.169327
50   |*i_0_0_17                  |            0.056523|             0.062624|           0.022619|         0.141766
51   |*i_0_0_18                  |            0.034048|             0.117886|           0.017393|         0.169327
52   |*i_0_0_19                  |            0.056523|             0.062624|           0.022619|         0.141766
53   |*i_0_0_20                  |            0.034048|             0.117886|           0.017393|         0.169327
54   |*i_0_0_21                  |            0.056523|             0.062624|           0.022619|         0.141766
55   |*i_0_0_22                  |            0.034048|             0.117886|           0.017393|         0.169327
56   |*i_0_0_23                  |            0.056523|             0.062624|           0.022619|         0.141766
57   |*i_0_0_24                  |            0.034048|             0.117886|           0.017393|         0.169327
58   |*i_0_0_25                  |            0.056523|             0.062623|           0.022619|         0.141766
59   |*i_0_0_26                  |            0.034048|             0.117886|           0.017393|         0.169328
60   |*i_0_0_27                  |            0.056522|             0.062623|           0.022619|         0.141765
61   |*i_0_0_28                  |            0.034048|             0.117887|           0.017393|         0.169328
62   |*i_0_0_29                  |            0.056522|             0.062623|           0.022619|         0.141764
63   |*i_0_0_30                  |            0.034048|             0.117888|           0.017393|         0.169330
64   |*i_0_0_31                  |            0.056521|             0.062622|           0.022619|         0.141763
65   |*i_0_0_32                  |            0.034049|             0.117890|           0.017393|         0.169332
66   |*i_0_0_33                  |            0.056520|             0.062621|           0.022619|         0.141761
67   |*i_0_0_34                  |            0.034050|             0.117893|           0.017393|         0.169336
68   |*i_0_0_35                  |            0.056518|             0.062619|           0.022619|         0.141757
69   |*i_0_0_36                  |            0.034051|             0.117898|           0.017393|         0.169343
70   |*i_0_0_37                  |            0.056515|             0.062615|           0.022619|         0.141749
71   |*i_0_0_38                  |            0.034054|             0.117908|           0.017393|         0.169355
72   |*i_0_0_39                  |            0.056508|             0.062608|           0.022619|         0.141736
73   |*i_0_0_40                  |            0.034058|             0.117925|           0.017393|         0.169376
74   |*i_0_0_41                  |            0.056497|             0.062596|           0.022619|         0.141712
75   |*i_0_0_42                  |            0.034066|             0.117955|           0.017393|         0.169415
76   |*i_0_0_43                  |            0.056477|             0.062574|           0.022619|         0.141670
77   |*i_0_0_44                  |            0.034081|             0.118009|           0.017393|         0.169483
78   |*i_0_0_45                  |            0.056440|             0.062534|           0.022619|         0.141594
79   |*i_0_0_46                  |            0.034105|             0.118102|           0.017393|         0.169601
80   |*i_0_0_47                  |            0.056375|             0.062462|           0.022619|         0.141456
81   |*i_0_0_48                  |            0.034148|             0.118264|           0.017393|         0.169805
82   |*i_0_0_49                  |            0.056253|             0.062330|           0.022619|         0.141203
83   |*i_0_0_50                  |            0.034219|             0.118536|           0.017393|         0.170148
84   |*i_0_0_51                  |            0.056026|             0.062081|           0.022619|         0.140726
85   |*i_0_0_52                  |            0.034330|             0.118973|           0.017393|         0.170696
86   |*i_0_0_53                  |            0.055582|             0.061593|           0.022619|         0.139794
87   |*i_0_0_54                  |            0.034480|             0.119600|           0.017393|         0.171473
88   |*i_0_0_55                  |            0.054669|             0.060586|           0.022619|         0.137874
89   |*i_0_0_56                  |            0.034593|             0.120244|           0.017393|         0.172231
90   |*i_0_0_57                  |            0.052653|             0.058350|           0.022619|         0.133622
91   |*i_0_0_58                  |            0.034308|             0.119900|           0.017393|         0.171602
92   |*i_0_0_59                  |            0.047826|             0.052968|           0.022619|         0.123413
93   |*i_0_0_60                  |            0.032220|             0.114583|           0.017393|         0.164196
94   |*i_0_0_61                  |            0.035295|             0.038956|           0.022619|         0.096871
95   |*i_0_0_62                  |            0.060418|             0.090256|           0.025066|         0.175740
96   |*i_0_0_63                  |            0.043272|             0.045828|           0.017393|         0.106493
97   |*i_0_0_64                  |            0.043272|             0.045828|           0.017393|         0.106493
98   |*i_0_0_65                  |            0.043272|             0.045828|           0.017393|         0.106493
99   |*i_0_0_66                  |            0.043272|             0.045828|           0.017393|         0.106493
100  |*i_0_0_67                  |            0.043272|             0.045828|           0.017393|         0.106493
101  |*i_0_0_68                  |            0.043272|             0.045828|           0.017393|         0.106493
102  |*i_0_0_69                  |            0.043272|             0.045828|           0.017393|         0.106493
103  |*i_0_0_70                  |            0.043272|             0.045828|           0.017393|         0.106493
104  |*i_0_0_71                  |            0.043272|             0.045828|           0.017393|         0.106493
105  |*i_0_0_72                  |            0.043272|             0.045828|           0.017393|         0.106493
106  |*i_0_0_73                  |            0.043272|             0.045828|           0.017393|         0.106493
107  |*i_0_0_74                  |            0.043272|             0.045828|           0.017393|         0.106493
108  |*i_0_0_75                  |            0.043272|             0.045828|           0.017393|         0.106493
109  |*i_0_0_76                  |            0.043272|             0.045828|           0.017393|         0.106493
110  |*i_0_0_77                  |            0.043272|             0.045828|           0.017393|         0.106493
111  |*i_0_0_78                  |            0.043272|             0.045828|           0.017393|         0.106493
112  |*i_0_0_79                  |            0.043272|             0.045828|           0.017393|         0.106493
113  |*i_0_0_80                  |            0.043272|             0.045828|           0.017393|         0.106493
114  |*i_0_0_81                  |            0.043272|             0.045828|           0.017393|         0.106493
115  |*i_0_0_82                  |            0.043272|             0.045828|           0.017393|         0.106493
116  |*i_0_0_83                  |            0.043272|             0.045828|           0.017393|         0.106493
117  |*i_0_0_84                  |            0.043272|             0.045828|           0.017393|         0.106493
118  |*i_0_0_85                  |            0.043272|             0.045828|           0.017393|         0.106493
119  |*i_0_0_86                  |            0.043272|             0.045828|           0.017393|         0.106493
120  |*i_0_0_87                  |            0.043272|             0.045828|           0.017393|         0.106493
121  |*i_0_0_88                  |            0.043272|             0.045828|           0.017393|         0.106493
122  |*i_0_0_89                  |            0.043272|             0.045828|           0.017393|         0.106493
123  |*i_0_0_90                  |            0.043272|             0.045828|           0.017393|         0.106493
124  |*i_0_0_91                  |            0.043272|             0.045828|           0.017393|         0.106493
125  |*i_0_0_92                  |            0.043272|             0.045828|           0.017393|         0.106493
126  |*i_0_0_93                  |            0.043272|             0.045828|           0.017393|         0.106493
127  |                           |                    |                     |                   |                 
128  |*TOTAL                     |            9.245681|            14.775766|           4.082967|        28.104416
-----+---------------------------+--------------------+---------------------+-------------------+-----------------
