Report for group default
Report for group I2R
Report for group I2O
------------------------------------------------------------------------------------------------------------------------------------------------------------
Startpoint: i_add2[0]
    (Clocked by vsysclk R)
Endpoint: o_result[31]
    (Clocked by vsysclk R)
Path Group: I2O
Data required time: 19500.0
    (Clock shift: 20000.0, minus Uncertainty: 0.0, plus Latency 0.0, minus Out delay: 500.0)
Data arrival time: 2210.8
Slack: 17289.2
Logic depth: 62
------------------------------------------------------------------------------------------------------------------------------------------------------------
                                                     Arrival               Arc      Net               Net    Total   fan-                                   
Path                     Module/Cell           Edge     Time    Delay    Delay    Delay     Slew     Load     Load    out     Location Power Domain      (V)
                                                        (ps)     (ps)     (ps)     (ps)     (ps)     (ff)     (ff)    (#)      (um,um)                      
------------------------------------------------------------------------------------------------------------------------------------------------------------
i_add2[0]                {set_input_delay}        r   1000.0   1000.0   1000.0                        2.2      8.0      2    39,    0                       
i_0_0_62/A1->ZN          AND2_X4                 rr   1048.0     48.0     47.8      0.2    100.0      0.6      8.0      2    39,   38  /PD_TOP        (1.10)
i_0_0_61/A->ZN           OAI21_X4                rf   1066.1     18.1     18.1      0.0      9.7      0.3      4.2      1    39,   38  /PD_TOP        (1.10)
i_0_0_60/A2->ZN          NAND2_X4                fr   1085.3     19.2     19.2      0.0      9.4      0.6      8.0      2    39,   38  /PD_TOP        (1.10)
i_0_0_59/A->ZN           OAI21_X4                rf   1104.0     18.7     18.7      0.0     11.4      0.3      4.2      1    39,   38  /PD_TOP        (1.10)
i_0_0_58/A2->ZN          NAND2_X4                fr   1123.2     19.2     19.2      0.0      9.4      0.6      8.0      2    39,   38  /PD_TOP        (1.10)
i_0_0_57/A->ZN           OAI21_X4                rf   1141.9     18.7     18.7      0.0     11.4      0.3      4.2      1    39,   38  /PD_TOP        (1.10)
i_0_0_56/A2->ZN          NAND2_X4                fr   1161.1     19.2     19.2      0.0      9.4      0.6      8.0      2    39,   38  /PD_TOP        (1.10)
i_0_0_55/A->ZN           OAI21_X4                rf   1179.8     18.7     18.7      0.0     11.4      0.3      4.2      1    39,   38  /PD_TOP        (1.10)
i_0_0_54/A2->ZN          NAND2_X4                fr   1199.0     19.2     19.2      0.0      9.4      0.6      8.0      2    39,   38  /PD_TOP        (1.10)
i_0_0_53/A->ZN           OAI21_X4                rf   1217.7     18.7     18.7      0.0     11.4      0.3      4.2      1    39,   38  /PD_TOP        (1.10)
i_0_0_52/A2->ZN          NAND2_X4                fr   1236.9     19.2     19.2      0.0      9.4      0.6      8.0      2    39,   38  /PD_TOP        (1.10)
i_0_0_51/A->ZN           OAI21_X4                rf   1255.6     18.7     18.7      0.0     11.4      0.3      4.2      1    39,   38  /PD_TOP        (1.10)
i_0_0_50/A2->ZN          NAND2_X4                fr   1274.8     19.2     19.2      0.0      9.4      0.6      8.0      2    39,   38  /PD_TOP        (1.10)
i_0_0_49/A->ZN           OAI21_X4                rf   1293.5     18.7     18.7      0.0     11.4      0.3      4.2      1    39,   38  /PD_TOP        (1.10)
i_0_0_48/A2->ZN          NAND2_X4                fr   1312.7     19.2     19.2      0.0      9.4      0.6      8.0      2    39,   38  /PD_TOP        (1.10)
i_0_0_47/A->ZN           OAI21_X4                rf   1331.4     18.7     18.7      0.0     11.4      0.3      4.2      1    39,   38  /PD_TOP        (1.10)
i_0_0_46/A2->ZN          NAND2_X4                fr   1350.6     19.2     19.2      0.0      9.4      0.6      8.0      2    39,   38  /PD_TOP        (1.10)
i_0_0_45/A->ZN           OAI21_X4                rf   1369.3     18.7     18.7      0.0     11.4      0.3      4.2      1    39,   38  /PD_TOP        (1.10)
i_0_0_44/A2->ZN          NAND2_X4                fr   1388.5     19.2     19.2      0.0      9.4      0.6      8.0      2    39,   38  /PD_TOP        (1.10)
i_0_0_43/A->ZN           OAI21_X4                rf   1407.2     18.7     18.7      0.0     11.4      0.3      4.2      1    39,   38  /PD_TOP        (1.10)
i_0_0_42/A2->ZN          NAND2_X4                fr   1426.4     19.2     19.2      0.0      9.4      0.6      8.0      2    39,   38  /PD_TOP        (1.10)
i_0_0_41/A->ZN           OAI21_X4                rf   1445.1     18.7     18.7      0.0     11.4      0.3      4.2      1    39,   38  /PD_TOP        (1.10)
i_0_0_40/A2->ZN          NAND2_X4                fr   1464.3     19.2     19.2      0.0      9.4      0.6      8.0      2    39,   38  /PD_TOP        (1.10)
i_0_0_39/A->ZN           OAI21_X4                rf   1483.0     18.7     18.7      0.0     11.4      0.3      4.2      1    39,   38  /PD_TOP        (1.10)
i_0_0_38/A2->ZN          NAND2_X4                fr   1502.2     19.2     19.2      0.0      9.4      0.6      8.0      2    39,   38  /PD_TOP        (1.10)
i_0_0_37/A->ZN           OAI21_X4                rf   1520.9     18.7     18.7      0.0     11.4      0.3      4.2      1    39,   38  /PD_TOP        (1.10)
i_0_0_36/A2->ZN          NAND2_X4                fr   1540.1     19.2     19.2      0.0      9.4      0.6      8.0      2    39,   38  /PD_TOP        (1.10)
i_0_0_35/A->ZN           OAI21_X4                rf   1558.8     18.7     18.7      0.0     11.4      0.3      4.2      1    39,   38  /PD_TOP        (1.10)
i_0_0_34/A2->ZN          NAND2_X4                fr   1578.0     19.2     19.2      0.0      9.4      0.6      8.0      2    39,   38  /PD_TOP        (1.10)
i_0_0_33/A->ZN           OAI21_X4                rf   1596.7     18.7     18.7      0.0     11.4      0.3      4.2      1    39,   38  /PD_TOP        (1.10)
i_0_0_32/A2->ZN          NAND2_X4                fr   1615.9     19.2     19.2      0.0      9.4      0.6      8.0      2    39,   38  /PD_TOP        (1.10)
i_0_0_31/A->ZN           OAI21_X4                rf   1634.6     18.7     18.7      0.0     11.4      0.3      4.2      1    39,   38  /PD_TOP        (1.10)
i_0_0_30/A2->ZN          NAND2_X4                fr   1653.8     19.2     19.2      0.0      9.4      0.6      8.0      2    39,   38  /PD_TOP        (1.10)
i_0_0_29/A->ZN           OAI21_X4                rf   1672.5     18.7     18.7      0.0     11.4      0.3      4.2      1    39,   38  /PD_TOP        (1.10)
i_0_0_28/A2->ZN          NAND2_X4                fr   1691.7     19.2     19.2      0.0      9.4      0.6      8.0      2    39,   38  /PD_TOP        (1.10)
i_0_0_27/A->ZN           OAI21_X4                rf   1710.4     18.7     18.7      0.0     11.4      0.3      4.2      1    39,   38  /PD_TOP        (1.10)
i_0_0_26/A2->ZN          NAND2_X4                fr   1729.6     19.2     19.2      0.0      9.4      0.6      8.0      2    39,   38  /PD_TOP        (1.10)
i_0_0_25/A->ZN           OAI21_X4                rf   1748.3     18.7     18.7      0.0     11.4      0.3      4.2      1    39,   38  /PD_TOP        (1.10)
i_0_0_24/A2->ZN          NAND2_X4                fr   1767.5     19.2     19.2      0.0      9.4      0.6      8.0      2    39,   38  /PD_TOP        (1.10)
i_0_0_23/A->ZN           OAI21_X4                rf   1786.2     18.7     18.7      0.0     11.4      0.3      4.2      1    39,   38  /PD_TOP        (1.10)
i_0_0_22/A2->ZN          NAND2_X4                fr   1805.4     19.2     19.2      0.0      9.4      0.6      8.0      2    39,   38  /PD_TOP        (1.10)
i_0_0_21/A->ZN           OAI21_X4                rf   1824.1     18.7     18.7      0.0     11.4      0.3      4.2      1    39,   38  /PD_TOP        (1.10)
i_0_0_20/A2->ZN          NAND2_X4                fr   1843.3     19.2     19.2      0.0      9.4      0.6      8.0      2    39,   38  /PD_TOP        (1.10)
i_0_0_19/A->ZN           OAI21_X4                rf   1862.0     18.7     18.7      0.0     11.4      0.3      4.2      1    39,   38  /PD_TOP        (1.10)
i_0_0_18/A2->ZN          NAND2_X4                fr   1881.2     19.2     19.2      0.0      9.4      0.6      8.0      2    39,   38  /PD_TOP        (1.10)
i_0_0_17/A->ZN           OAI21_X4                rf   1899.9     18.7     18.7      0.0     11.4      0.3      4.2      1    39,   38  /PD_TOP        (1.10)
i_0_0_16/A2->ZN          NAND2_X4                fr   1919.1     19.2     19.2      0.0      9.4      0.6      8.0      2    39,   38  /PD_TOP        (1.10)
i_0_0_15/A->ZN           OAI21_X4                rf   1937.8     18.7     18.7      0.0     11.4      0.3      4.2      1    39,   38  /PD_TOP        (1.10)
i_0_0_14/A2->ZN          NAND2_X4                fr   1957.0     19.2     19.2      0.0      9.4      0.6      8.0      2    39,   38  /PD_TOP        (1.10)
i_0_0_13/A->ZN           OAI21_X4                rf   1975.7     18.7     18.7      0.0     11.4      0.3      4.2      1    39,   38  /PD_TOP        (1.10)
i_0_0_12/A2->ZN          NAND2_X4                fr   1994.9     19.2     19.2      0.0      9.4      0.6      8.0      2    39,   38  /PD_TOP        (1.10)
i_0_0_11/A->ZN           OAI21_X4                rf   2013.6     18.7     18.7      0.0     11.4      0.3      4.2      1    39,   38  /PD_TOP        (1.10)
i_0_0_10/A2->ZN          NAND2_X4                fr   2032.8     19.2     19.2      0.0      9.4      0.6      8.0      2    39,   38  /PD_TOP        (1.10)
i_0_0_9/A->ZN            OAI21_X4                rf   2051.5     18.7     18.7      0.0     11.4      0.3      4.2      1    39,   38  /PD_TOP        (1.10)
i_0_0_8/A2->ZN           NAND2_X4                fr   2070.7     19.2     19.2      0.0      9.4      0.6      8.0      2    39,   38  /PD_TOP        (1.10)
i_0_0_7/A->ZN            OAI21_X4                rf   2089.4     18.7     18.7      0.0     11.4      0.3      4.2      1    39,   38  /PD_TOP        (1.10)
i_0_0_6/A2->ZN           NAND2_X4                fr   2108.6     19.2     19.2      0.0      9.4      0.6      8.0      2    39,   38  /PD_TOP        (1.10)
i_0_0_5/A->ZN            OAI21_X4                rf   2127.3     18.7     18.7      0.0     11.4      0.3      4.2      1    39,   38  /PD_TOP        (1.10)
i_0_0_4/A2->ZN           NAND2_X4                fr   2146.5     19.2     19.2      0.0      9.4      0.6      8.0      2    39,   38  /PD_TOP        (1.10)
i_0_0_3/A->ZN            OAI21_X4                rf   2165.2     18.7     18.7      0.0     11.4      0.3      4.2      1    39,   38  /PD_TOP        (1.10)
i_0_0_2/A2->ZN           NAND2_X4                fr   2184.4     19.2     19.2      0.0      9.4      0.6      8.0      2    39,   38  /PD_TOP        (1.10)
genblk1_31_full_adder_inst/i_0_1/B->Z
                         XOR2_X2                 rf   2210.6     26.2     26.2      0.0     11.4      2.4     12.4      1    39,   38  /PD_TOP        (1.10)
o_result[31]                                      f   2210.8      0.2               0.2     16.8                             43,    0                       
------------------------------------------------------------------------------------------------------------------------------------------------------------
Report for group R2O
