Report Instance Areas: 
-----+----------------------------+-----------------+-----+---------
     |Instance                    |Module           |Cells|Cell Area
-----+----------------------------+-----------------+-----+---------
1    |top                         |                 |  129|      163
2    |  genblk1_0_full_adder_inst |full_adder__0_6  |    2|        3
3    |  genblk1_1_full_adder_inst |full_adder__0_10 |    4|        5
4    |  genblk1_2_full_adder_inst |full_adder__0_14 |    4|        5
5    |  genblk1_3_full_adder_inst |full_adder__0_18 |    4|        5
6    |  genblk1_4_full_adder_inst |full_adder__0_22 |    4|        5
7    |  genblk1_5_full_adder_inst |full_adder__0_26 |    4|        5
8    |  genblk1_6_full_adder_inst |full_adder__0_30 |    4|        5
9    |  genblk1_7_full_adder_inst |full_adder__0_34 |    4|        5
10   |  genblk1_8_full_adder_inst |full_adder__0_38 |    4|        5
11   |  genblk1_9_full_adder_inst |full_adder__0_42 |    4|        5
12   |  genblk1_10_full_adder_inst|full_adder__0_46 |    4|        5
13   |  genblk1_11_full_adder_inst|full_adder__0_50 |    4|        5
14   |  genblk1_12_full_adder_inst|full_adder__0_54 |    4|        5
15   |  genblk1_13_full_adder_inst|full_adder__0_58 |    4|        5
16   |  genblk1_14_full_adder_inst|full_adder__0_62 |    4|        5
17   |  genblk1_15_full_adder_inst|full_adder__0_66 |    4|        5
18   |  genblk1_16_full_adder_inst|full_adder__0_70 |    4|        5
19   |  genblk1_17_full_adder_inst|full_adder__0_74 |    4|        5
20   |  genblk1_18_full_adder_inst|full_adder__0_78 |    4|        5
21   |  genblk1_19_full_adder_inst|full_adder__0_82 |    4|        5
22   |  genblk1_20_full_adder_inst|full_adder__0_86 |    4|        5
23   |  genblk1_21_full_adder_inst|full_adder__0_90 |    4|        5
24   |  genblk1_22_full_adder_inst|full_adder__0_94 |    4|        5
25   |  genblk1_23_full_adder_inst|full_adder__0_98 |    4|        5
26   |  genblk1_24_full_adder_inst|full_adder__0_102|    4|        5
27   |  genblk1_25_full_adder_inst|full_adder__0_106|    4|        5
28   |  genblk1_26_full_adder_inst|full_adder__0_110|    4|        5
29   |  genblk1_27_full_adder_inst|full_adder__0_114|    4|        5
30   |  genblk1_28_full_adder_inst|full_adder__0_118|    4|        5
31   |  genblk1_29_full_adder_inst|full_adder__0_122|    4|        5
32   |  genblk1_30_full_adder_inst|full_adder__0_126|    4|        5
33   |  genblk1_31_full_adder_inst|full_adder       |    4|        5
-----+----------------------------+-----------------+-----+---------
