Report for group default
Report for group I2R
Report for group I2O
------------------------------------------------------------------------------------------------------------------------------------------------------------
Startpoint: i_add1[1]
    (Clocked by vsysclk R)
Endpoint: OF
    (Clocked by vsysclk R)
Path Group: I2O
Data required time: 19500.0
    (Clock shift: 20000.0, minus Uncertainty: 0.0, plus Latency 0.0, minus Out delay: 500.0)
Data arrival time: 3272.5
Slack: 16227.5
Logic depth: 64
------------------------------------------------------------------------------------------------------------------------------------------------------------
                                                     Arrival               Arc      Net               Net    Total   fan-                                   
Path                     Module/Cell           Edge     Time    Delay    Delay    Delay     Slew     Load     Load    out     Location Power Domain      (V)
                                                        (ps)     (ps)     (ps)     (ps)     (ps)     (ff)     (ff)    (#)      (um,um)                      
------------------------------------------------------------------------------------------------------------------------------------------------------------
i_add1[1]                {set_input_delay}        r   1000.0   1000.0   1000.0                        2.2      9.7      2     0,   39                       
genblk1_1_full_adder_inst/i_0_0/A->Z
                         XOR2_X2                 rf   1034.6     34.4     34.4      0.0    100.0      0.6      7.9      2    38,   38  /PD_TOP        (1.10)
genblk1_1_full_adder_inst/i_0_2/A1->ZN
                         AOI22_X4                fr   1095.7     61.1     61.1      0.0     14.5      0.3     25.8      1    38,   38  /PD_TOP        (1.10)
genblk1_1_full_adder_inst/i_0_3/A->ZN
                         INV_X8                  rf   1104.0      8.3      8.3      0.0     50.3      0.6      8.3      2    38,   38  /PD_TOP        (1.10)
genblk1_2_full_adder_inst/i_0_2/A2->ZN
                         AOI22_X4                fr   1166.0     62.2     62.0      0.2      3.9      0.3     25.8      1    38,   38  /PD_TOP        (1.10)
genblk1_2_full_adder_inst/i_0_3/A->ZN
                         INV_X8                  rf   1174.3      8.5      8.3      0.2     50.3      0.6      8.3      2    38,   38  /PD_TOP        (1.10)
genblk1_3_full_adder_inst/i_0_2/A2->ZN
                         AOI22_X4                fr   1236.3     62.0     62.0      0.0      3.9      0.3     25.8      1    38,   38  /PD_TOP        (1.10)
genblk1_3_full_adder_inst/i_0_3/A->ZN
                         INV_X8                  rf   1244.6      8.3      8.3      0.0     50.3      0.6      8.3      2    38,   38  /PD_TOP        (1.10)
genblk1_4_full_adder_inst/i_0_2/A2->ZN
                         AOI22_X4                fr   1306.6     62.0     62.0      0.0      3.9      0.3     25.8      1    38,   38  /PD_TOP        (1.10)
genblk1_4_full_adder_inst/i_0_3/A->ZN
                         INV_X8                  rf   1314.9      8.3      8.3      0.0     50.3      0.6      8.3      2    38,   38  /PD_TOP        (1.10)
genblk1_5_full_adder_inst/i_0_2/A2->ZN
                         AOI22_X4                fr   1376.9     62.0     62.0      0.0      3.9      0.3     25.8      1    38,   38  /PD_TOP        (1.10)
genblk1_5_full_adder_inst/i_0_3/A->ZN
                         INV_X8                  rf   1385.2      8.3      8.3      0.0     50.3      0.6      8.3      2    38,   38  /PD_TOP        (1.10)
genblk1_6_full_adder_inst/i_0_2/A2->ZN
                         AOI22_X4                fr   1447.2     62.0     62.0      0.0      3.9      0.3     25.8      1    38,   38  /PD_TOP        (1.10)
genblk1_6_full_adder_inst/i_0_3/A->ZN
                         INV_X8                  rf   1455.5      8.3      8.3      0.0     50.3      0.6      8.3      2    38,   38  /PD_TOP        (1.10)
genblk1_7_full_adder_inst/i_0_2/A2->ZN
                         AOI22_X4                fr   1517.5     62.0     62.0      0.0      3.9      0.3     25.8      1    38,   38  /PD_TOP        (1.10)
genblk1_7_full_adder_inst/i_0_3/A->ZN
                         INV_X8                  rf   1525.8      8.3      8.3      0.0     50.3      0.6      8.3      2    38,   38  /PD_TOP        (1.10)
genblk1_8_full_adder_inst/i_0_2/A2->ZN
                         AOI22_X4                fr   1587.8     62.0     62.0      0.0      3.9      0.3     25.8      1    38,   38  /PD_TOP        (1.10)
genblk1_8_full_adder_inst/i_0_3/A->ZN
                         INV_X8                  rf   1596.1      8.3      8.3      0.0     50.3      0.6      8.3      2    38,   38  /PD_TOP        (1.10)
genblk1_9_full_adder_inst/i_0_2/A2->ZN
                         AOI22_X4                fr   1658.1     62.0     62.0      0.0      3.9      0.3     25.8      1    38,   38  /PD_TOP        (1.10)
genblk1_9_full_adder_inst/i_0_3/A->ZN
                         INV_X8                  rf   1666.4      8.3      8.3      0.0     50.3      0.6      8.3      2    38,   38  /PD_TOP        (1.10)
genblk1_10_full_adder_inst/i_0_2/A2->ZN
                         AOI22_X4                fr   1728.4     62.0     62.0      0.0      3.9      0.3     25.8      1    38,   38  /PD_TOP        (1.10)
genblk1_10_full_adder_inst/i_0_3/A->ZN
                         INV_X8                  rf   1736.7      8.3      8.3      0.0     50.3      0.6      8.3      2    38,   38  /PD_TOP        (1.10)
genblk1_11_full_adder_inst/i_0_2/A2->ZN
                         AOI22_X4                fr   1798.7     62.0     62.0      0.0      3.9      0.3     25.8      1    38,   38  /PD_TOP        (1.10)
genblk1_11_full_adder_inst/i_0_3/A->ZN
                         INV_X8                  rf   1807.0      8.3      8.3      0.0     50.3      0.6      8.3      2    38,   38  /PD_TOP        (1.10)
genblk1_12_full_adder_inst/i_0_2/A2->ZN
                         AOI22_X4                fr   1869.0     62.0     62.0      0.0      3.9      0.3     25.8      1    38,   38  /PD_TOP        (1.10)
genblk1_12_full_adder_inst/i_0_3/A->ZN
                         INV_X8                  rf   1877.3      8.3      8.3      0.0     50.3      0.6      8.3      2    38,   38  /PD_TOP        (1.10)
genblk1_13_full_adder_inst/i_0_2/A2->ZN
                         AOI22_X4                fr   1939.3     62.0     62.0      0.0      3.9      0.3     25.8      1    38,   38  /PD_TOP        (1.10)
genblk1_13_full_adder_inst/i_0_3/A->ZN
                         INV_X8                  rf   1947.6      8.3      8.3      0.0     50.3      0.6      8.3      2    38,   38  /PD_TOP        (1.10)
genblk1_14_full_adder_inst/i_0_2/A2->ZN
                         AOI22_X4                fr   2009.6     62.0     62.0      0.0      3.9      0.3     25.8      1    38,   38  /PD_TOP        (1.10)
genblk1_14_full_adder_inst/i_0_3/A->ZN
                         INV_X8                  rf   2017.9      8.3      8.3      0.0     50.3      0.6      8.3      2    38,   38  /PD_TOP        (1.10)
genblk1_15_full_adder_inst/i_0_2/A2->ZN
                         AOI22_X4                fr   2079.9     62.0     62.0      0.0      3.9      0.3     25.8      1    38,   38  /PD_TOP        (1.10)
genblk1_15_full_adder_inst/i_0_3/A->ZN
                         INV_X8                  rf   2088.2      8.3      8.3      0.0     50.3      0.6      8.3      2    38,   38  /PD_TOP        (1.10)
genblk1_16_full_adder_inst/i_0_2/A2->ZN
                         AOI22_X4                fr   2150.2     62.0     62.0      0.0      3.9      0.3     25.8      1    38,   38  /PD_TOP        (1.10)
genblk1_16_full_adder_inst/i_0_3/A->ZN
                         INV_X8                  rf   2158.5      8.3      8.3      0.0     50.3      0.6      8.3      2    38,   38  /PD_TOP        (1.10)
genblk1_17_full_adder_inst/i_0_2/A2->ZN
                         AOI22_X4                fr   2220.5     62.0     62.0      0.0      3.9      0.3     25.8      1    38,   38  /PD_TOP        (1.10)
genblk1_17_full_adder_inst/i_0_3/A->ZN
                         INV_X8                  rf   2228.8      8.3      8.3      0.0     50.3      0.6      8.3      2    38,   38  /PD_TOP        (1.10)
genblk1_18_full_adder_inst/i_0_2/A2->ZN
                         AOI22_X4                fr   2290.8     62.0     62.0      0.0      3.9      0.3     25.8      1    38,   38  /PD_TOP        (1.10)
genblk1_18_full_adder_inst/i_0_3/A->ZN
                         INV_X8                  rf   2299.1      8.3      8.3      0.0     50.3      0.6      8.3      2    38,   38  /PD_TOP        (1.10)
genblk1_19_full_adder_inst/i_0_2/A2->ZN
                         AOI22_X4                fr   2361.1     62.0     62.0      0.0      3.9      0.3     25.8      1    38,   38  /PD_TOP        (1.10)
genblk1_19_full_adder_inst/i_0_3/A->ZN
                         INV_X8                  rf   2369.4      8.3      8.3      0.0     50.3      0.6      8.3      2    38,   38  /PD_TOP        (1.10)
genblk1_20_full_adder_inst/i_0_2/A2->ZN
                         AOI22_X4                fr   2431.4     62.0     62.0      0.0      3.9      0.3     25.8      1    38,   38  /PD_TOP        (1.10)
genblk1_20_full_adder_inst/i_0_3/A->ZN
                         INV_X8                  rf   2439.7      8.3      8.3      0.0     50.3      0.6      8.3      2    38,   38  /PD_TOP        (1.10)
genblk1_21_full_adder_inst/i_0_2/A2->ZN
                         AOI22_X4                fr   2501.7     62.0     62.0      0.0      3.9      0.3     25.8      1    38,   38  /PD_TOP        (1.10)
genblk1_21_full_adder_inst/i_0_3/A->ZN
                         INV_X8                  rf   2510.0      8.3      8.3      0.0     50.3      0.6      8.3      2    38,   38  /PD_TOP        (1.10)
genblk1_22_full_adder_inst/i_0_2/A2->ZN
                         AOI22_X4                fr   2572.0     62.0     62.0      0.0      3.9      0.3     25.8      1    38,   38  /PD_TOP        (1.10)
genblk1_22_full_adder_inst/i_0_3/A->ZN
                         INV_X8                  rf   2580.3      8.3      8.3      0.0     50.3      0.6      8.3      2    38,   38  /PD_TOP        (1.10)
genblk1_23_full_adder_inst/i_0_2/A2->ZN
                         AOI22_X4                fr   2642.3     62.0     62.0      0.0      3.9      0.3     25.8      1    38,   38  /PD_TOP        (1.10)
genblk1_23_full_adder_inst/i_0_3/A->ZN
                         INV_X8                  rf   2650.6      8.3      8.3      0.0     50.3      0.6      8.3      2    38,   38  /PD_TOP        (1.10)
genblk1_24_full_adder_inst/i_0_2/A2->ZN
                         AOI22_X4                fr   2712.6     62.0     62.0      0.0      3.9      0.3     25.8      1    38,   38  /PD_TOP        (1.10)
genblk1_24_full_adder_inst/i_0_3/A->ZN
                         INV_X8                  rf   2720.9      8.3      8.3      0.0     50.3      0.6      8.3      2    38,   38  /PD_TOP        (1.10)
genblk1_25_full_adder_inst/i_0_2/A2->ZN
                         AOI22_X4                fr   2782.9     62.0     62.0      0.0      3.9      0.3     25.8      1    38,   38  /PD_TOP        (1.10)
genblk1_25_full_adder_inst/i_0_3/A->ZN
                         INV_X8                  rf   2791.2      8.3      8.3      0.0     50.3      0.6      8.3      2    38,   38  /PD_TOP        (1.10)
genblk1_26_full_adder_inst/i_0_2/A2->ZN
                         AOI22_X4                fr   2853.2     62.0     62.0      0.0      3.9      0.3     25.8      1    38,   38  /PD_TOP        (1.10)
genblk1_26_full_adder_inst/i_0_3/A->ZN
                         INV_X8                  rf   2861.5      8.3      8.3      0.0     50.3      0.6      8.3      2    38,   38  /PD_TOP        (1.10)
genblk1_27_full_adder_inst/i_0_2/A2->ZN
                         AOI22_X4                fr   2923.5     62.0     62.0      0.0      3.9      0.3     25.8      1    38,   38  /PD_TOP        (1.10)
genblk1_27_full_adder_inst/i_0_3/A->ZN
                         INV_X8                  rf   2931.8      8.3      8.3      0.0     50.3      0.6      8.3      2    38,   38  /PD_TOP        (1.10)
genblk1_28_full_adder_inst/i_0_2/A2->ZN
                         AOI22_X4                fr   2993.8     62.0     62.0      0.0      3.9      0.3     25.8      1    38,   38  /PD_TOP        (1.10)
genblk1_28_full_adder_inst/i_0_3/A->ZN
                         INV_X8                  rf   3002.1      8.3      8.3      0.0     50.3      0.6      8.3      2    38,   38  /PD_TOP        (1.10)
genblk1_29_full_adder_inst/i_0_2/A2->ZN
                         AOI22_X4                fr   3064.1     62.0     62.0      0.0      3.9      0.3     25.8      1    38,   38  /PD_TOP        (1.10)
genblk1_29_full_adder_inst/i_0_3/A->ZN
                         INV_X8                  rf   3072.4      8.3      8.3      0.0     50.3      0.6      8.3      2    38,   38  /PD_TOP        (1.10)
genblk1_30_full_adder_inst/i_0_2/A2->ZN
                         AOI22_X4                fr   3134.4     62.0     62.0      0.0      3.9      0.3     25.8      1    38,   38  /PD_TOP        (1.10)
genblk1_30_full_adder_inst/i_0_3/A->ZN
                         INV_X8                  rf   3142.7      8.3      8.3      0.0     50.3      0.6      8.3      2    38,   38  /PD_TOP        (1.10)
genblk1_31_full_adder_inst/i_0_1/B->Z
                         XOR2_X2                 fr   3206.2     63.5     63.5      0.0      3.9      0.3     15.7      2    38,   38  /PD_TOP        (1.10)
i_0_0_1/A->ZN            XNOR2_X2                rr   3255.5     49.3     49.3      0.0     53.0      0.3      4.4      1    38,   38  /PD_TOP        (1.10)
i_0_0_2/A2->ZN           NOR2_X4                 rf   3272.3     16.8     16.8      0.0     23.6      2.3     12.3      1    38,   38  /PD_TOP        (1.10)
OF                                                f   3272.5      0.2               0.2      7.5                              0,   35                       
------------------------------------------------------------------------------------------------------------------------------------------------------------
Report for group R2O
